CRITICAL - 2023-10-18 01:15:39 --> A connection attempt failed because the connected party did not properly respond after a period of time, or established connection failed because connected host has failed to respond
in APPPATH\Views\total\total26.php on line 8.
 1 APPPATH\Views\total\total26.php(8): mysqli_connect('192.168.1.178', 'root', Object(SensitiveParameterValue), 'simrs')
 2 SYSTEMPATH\View\View.php(224): include('C:\\xampp8.2.4\\htdocs\\Clinicalpathway_Ci4\\app\\Views\\total\\total26.php')
 3 SYSTEMPATH\View\View.php(227): CodeIgniter\View\View->CodeIgniter\View\{closure}()
 4 SYSTEMPATH\Common.php(1176): CodeIgniter\View\View->render('total/total26', [], true)
 5 APPPATH\Views\kelas1\hipertensi-esensial.php(2649): view('total/total26')
 6 SYSTEMPATH\View\View.php(224): include('C:\\xampp8.2.4\\htdocs\\Clinicalpathway_Ci4\\app\\Views\\kelas1\\hipertensi-esensial.php')
 7 SYSTEMPATH\View\View.php(227): CodeIgniter\View\View->CodeIgniter\View\{closure}()
 8 SYSTEMPATH\Common.php(1176): CodeIgniter\View\View->render('kelas1/hipertensi-esensial', [], true)
 9 APPPATH\Views\detailpasien1.php(79): view('kelas1/hipertensi-esensial')
10 SYSTEMPATH\View\View.php(224): include('C:\\xampp8.2.4\\htdocs\\Clinicalpathway_Ci4\\app\\Views\\detailpasien1.php')
11 SYSTEMPATH\View\View.php(227): CodeIgniter\View\View->CodeIgniter\View\{closure}()
12 SYSTEMPATH\Common.php(1176): CodeIgniter\View\View->render('detailpasien1', [], true)
13 APPPATH\Controllers\DetailPasienController.php(1116): view('detailpasien1', [...])
14 SYSTEMPATH\CodeIgniter.php(932): App\Controllers\DetailPasienController->kelas1()
15 SYSTEMPATH\CodeIgniter.php(497): CodeIgniter\CodeIgniter->runController(Object(App\Controllers\DetailPasienController))
16 SYSTEMPATH\CodeIgniter.php(366): CodeIgniter\CodeIgniter->handleRequest(null, Object(Config\Cache), false)
17 FCPATH\index.php(67): CodeIgniter\CodeIgniter->run()
18 SYSTEMPATH\Commands\Server\rewrite.php(47): require_once('C:\\xampp8.2.4\\htdocs\\Clinicalpathway_Ci4\\public\\index.php')
CRITICAL - 2023-10-18 01:24:35 --> A connection attempt failed because the connected party did not properly respond after a period of time, or established connection failed because connected host has failed to respond
in APPPATH\Views\total\total18.php on line 8.
 1 APPPATH\Views\total\total18.php(8): mysqli_connect('192.168.1.178', 'root', Object(SensitiveParameterValue), 'simrs')
 2 SYSTEMPATH\View\View.php(224): include('C:\\xampp8.2.4\\htdocs\\Clinicalpathway_Ci4\\app\\Views\\total\\total18.php')
 3 SYSTEMPATH\View\View.php(227): CodeIgniter\View\View->CodeIgniter\View\{closure}()
 4 SYSTEMPATH\Common.php(1176): CodeIgniter\View\View->render('total/total18', [], true)
 5 APPPATH\Views\kelas1\hipertensi-esensial.php(1594): view('total/total18')
 6 SYSTEMPATH\View\View.php(224): include('C:\\xampp8.2.4\\htdocs\\Clinicalpathway_Ci4\\app\\Views\\kelas1\\hipertensi-esensial.php')
 7 SYSTEMPATH\View\View.php(227): CodeIgniter\View\View->CodeIgniter\View\{closure}()
 8 SYSTEMPATH\Common.php(1176): CodeIgniter\View\View->render('kelas1/hipertensi-esensial', [], true)
 9 APPPATH\Views\detailpasien1.php(79): view('kelas1/hipertensi-esensial')
10 SYSTEMPATH\View\View.php(224): include('C:\\xampp8.2.4\\htdocs\\Clinicalpathway_Ci4\\app\\Views\\detailpasien1.php')
11 SYSTEMPATH\View\View.php(227): CodeIgniter\View\View->CodeIgniter\View\{closure}()
12 SYSTEMPATH\Common.php(1176): CodeIgniter\View\View->render('detailpasien1', [], true)
13 APPPATH\Controllers\DetailPasienController.php(1116): view('detailpasien1', [...])
14 SYSTEMPATH\CodeIgniter.php(932): App\Controllers\DetailPasienController->kelas1()
15 SYSTEMPATH\CodeIgniter.php(497): CodeIgniter\CodeIgniter->runController(Object(App\Controllers\DetailPasienController))
16 SYSTEMPATH\CodeIgniter.php(366): CodeIgniter\CodeIgniter->handleRequest(null, Object(Config\Cache), false)
17 FCPATH\index.php(67): CodeIgniter\CodeIgniter->run()
18 SYSTEMPATH\Commands\Server\rewrite.php(47): require_once('C:\\xampp8.2.4\\htdocs\\Clinicalpathway_Ci4\\public\\index.php')
CRITICAL - 2023-10-18 01:25:07 --> A connection attempt failed because the connected party did not properly respond after a period of time, or established connection failed because connected host has failed to respond
in APPPATH\Views\total\total21.php on line 8.
 1 APPPATH\Views\total\total21.php(8): mysqli_connect('192.168.1.178', 'root', Object(SensitiveParameterValue), 'simrs')
 2 SYSTEMPATH\View\View.php(224): include('C:\\xampp8.2.4\\htdocs\\Clinicalpathway_Ci4\\app\\Views\\total\\total21.php')
 3 SYSTEMPATH\View\View.php(227): CodeIgniter\View\View->CodeIgniter\View\{closure}()
 4 SYSTEMPATH\Common.php(1176): CodeIgniter\View\View->render('total/total21', [], true)
 5 APPPATH\Views\kelas1\hipertensi-esensial.php(1896): view('total/total21')
 6 SYSTEMPATH\View\View.php(224): include('C:\\xampp8.2.4\\htdocs\\Clinicalpathway_Ci4\\app\\Views\\kelas1\\hipertensi-esensial.php')
 7 SYSTEMPATH\View\View.php(227): CodeIgniter\View\View->CodeIgniter\View\{closure}()
 8 SYSTEMPATH\Common.php(1176): CodeIgniter\View\View->render('kelas1/hipertensi-esensial', [], true)
 9 APPPATH\Views\detailpasien1.php(79): view('kelas1/hipertensi-esensial')
10 SYSTEMPATH\View\View.php(224): include('C:\\xampp8.2.4\\htdocs\\Clinicalpathway_Ci4\\app\\Views\\detailpasien1.php')
11 SYSTEMPATH\View\View.php(227): CodeIgniter\View\View->CodeIgniter\View\{closure}()
12 SYSTEMPATH\Common.php(1176): CodeIgniter\View\View->render('detailpasien1', [], true)
13 APPPATH\Controllers\DetailPasienController.php(1116): view('detailpasien1', [...])
14 SYSTEMPATH\CodeIgniter.php(932): App\Controllers\DetailPasienController->kelas1()
15 SYSTEMPATH\CodeIgniter.php(497): CodeIgniter\CodeIgniter->runController(Object(App\Controllers\DetailPasienController))
16 SYSTEMPATH\CodeIgniter.php(366): CodeIgniter\CodeIgniter->handleRequest(null, Object(Config\Cache), false)
17 FCPATH\index.php(67): CodeIgniter\CodeIgniter->run()
18 SYSTEMPATH\Commands\Server\rewrite.php(47): require_once('C:\\xampp8.2.4\\htdocs\\Clinicalpathway_Ci4\\public\\index.php')
