CRITICAL - 2023-10-04 02:35:10 --> A connection attempt failed because the connected party did not properly respond after a period of time, or established connection failed because connected host has failed to respond
in APPPATH\Views\total\total20.php on line 8.
 1 APPPATH\Views\total\total20.php(8): mysqli_connect('192.168.1.178', 'root', Object(SensitiveParameterValue), 'simrs')
 2 SYSTEMPATH\View\View.php(224): include('C:\\xampp8.2.4\\htdocs\\Clinicalpathway_Ci4\\app\\Views\\total\\total20.php')
 3 SYSTEMPATH\View\View.php(227): CodeIgniter\View\View->CodeIgniter\View\{closure}()
 4 SYSTEMPATH\Common.php(1176): CodeIgniter\View\View->render('total/total20', [], true)
 5 APPPATH\Views\kelas2\cerebral-infarction.php(1839): view('total/total20')
 6 SYSTEMPATH\View\View.php(224): include('C:\\xampp8.2.4\\htdocs\\Clinicalpathway_Ci4\\app\\Views\\kelas2\\cerebral-infarction.php')
 7 SYSTEMPATH\View\View.php(227): CodeIgniter\View\View->CodeIgniter\View\{closure}()
 8 SYSTEMPATH\Common.php(1176): CodeIgniter\View\View->render('kelas2/cerebral-infarction', [], true)
 9 APPPATH\Views\detailpasien2.php(73): view('kelas2/cerebral-infarction')
10 SYSTEMPATH\View\View.php(224): include('C:\\xampp8.2.4\\htdocs\\Clinicalpathway_Ci4\\app\\Views\\detailpasien2.php')
11 SYSTEMPATH\View\View.php(227): CodeIgniter\View\View->CodeIgniter\View\{closure}()
12 SYSTEMPATH\Common.php(1176): CodeIgniter\View\View->render('detailpasien2', [], true)
13 APPPATH\Controllers\DetailPasienController.php(2762): view('detailpasien2', [...])
14 SYSTEMPATH\CodeIgniter.php(932): App\Controllers\DetailPasienController->kelas2()
15 SYSTEMPATH\CodeIgniter.php(497): CodeIgniter\CodeIgniter->runController(Object(App\Controllers\DetailPasienController))
16 SYSTEMPATH\CodeIgniter.php(366): CodeIgniter\CodeIgniter->handleRequest(null, Object(Config\Cache), false)
17 FCPATH\index.php(67): CodeIgniter\CodeIgniter->run()
18 SYSTEMPATH\Commands\Server\rewrite.php(47): require_once('C:\\xampp8.2.4\\htdocs\\Clinicalpathway_Ci4\\public\\index.php')
CRITICAL - 2023-10-04 02:49:16 --> A connection attempt failed because the connected party did not properly respond after a period of time, or established connection failed because connected host has failed to respond
in APPPATH\Views\total\total11.php on line 8.
 1 APPPATH\Views\total\total11.php(8): mysqli_connect('192.168.1.178', 'root', Object(SensitiveParameterValue), 'simrs')
 2 SYSTEMPATH\View\View.php(224): include('C:\\xampp8.2.4\\htdocs\\Clinicalpathway_Ci4\\app\\Views\\total\\total11.php')
 3 SYSTEMPATH\View\View.php(227): CodeIgniter\View\View->CodeIgniter\View\{closure}()
 4 SYSTEMPATH\Common.php(1176): CodeIgniter\View\View->render('total/total11', [], true)
 5 APPPATH\Views\kelas2\cerebral-infarction.php(971): view('total/total11')
 6 SYSTEMPATH\View\View.php(224): include('C:\\xampp8.2.4\\htdocs\\Clinicalpathway_Ci4\\app\\Views\\kelas2\\cerebral-infarction.php')
 7 SYSTEMPATH\View\View.php(227): CodeIgniter\View\View->CodeIgniter\View\{closure}()
 8 SYSTEMPATH\Common.php(1176): CodeIgniter\View\View->render('kelas2/cerebral-infarction', [], true)
 9 APPPATH\Views\detailpasien2.php(73): view('kelas2/cerebral-infarction')
10 SYSTEMPATH\View\View.php(224): include('C:\\xampp8.2.4\\htdocs\\Clinicalpathway_Ci4\\app\\Views\\detailpasien2.php')
11 SYSTEMPATH\View\View.php(227): CodeIgniter\View\View->CodeIgniter\View\{closure}()
12 SYSTEMPATH\Common.php(1176): CodeIgniter\View\View->render('detailpasien2', [], true)
13 APPPATH\Controllers\DetailPasienController.php(2762): view('detailpasien2', [...])
14 SYSTEMPATH\CodeIgniter.php(932): App\Controllers\DetailPasienController->kelas2()
15 SYSTEMPATH\CodeIgniter.php(497): CodeIgniter\CodeIgniter->runController(Object(App\Controllers\DetailPasienController))
16 SYSTEMPATH\CodeIgniter.php(366): CodeIgniter\CodeIgniter->handleRequest(null, Object(Config\Cache), false)
17 FCPATH\index.php(67): CodeIgniter\CodeIgniter->run()
18 SYSTEMPATH\Commands\Server\rewrite.php(47): require_once('C:\\xampp8.2.4\\htdocs\\Clinicalpathway_Ci4\\public\\index.php')
CRITICAL - 2023-10-04 02:49:43 --> A connection attempt failed because the connected party did not properly respond after a period of time, or established connection failed because connected host has failed to respond
in APPPATH\Views\total\total52.php on line 8.
 1 APPPATH\Views\total\total52.php(8): mysqli_connect('192.168.1.178', 'root', Object(SensitiveParameterValue), 'simrs')
 2 SYSTEMPATH\View\View.php(224): include('C:\\xampp8.2.4\\htdocs\\Clinicalpathway_Ci4\\app\\Views\\total\\total52.php')
 3 SYSTEMPATH\View\View.php(227): CodeIgniter\View\View->CodeIgniter\View\{closure}()
 4 SYSTEMPATH\Common.php(1176): CodeIgniter\View\View->render('total/total52', [], true)
 5 APPPATH\Views\kelas2\cerebral-infarction.php(4072): view('total/total52')
 6 SYSTEMPATH\View\View.php(224): include('C:\\xampp8.2.4\\htdocs\\Clinicalpathway_Ci4\\app\\Views\\kelas2\\cerebral-infarction.php')
 7 SYSTEMPATH\View\View.php(227): CodeIgniter\View\View->CodeIgniter\View\{closure}()
 8 SYSTEMPATH\Common.php(1176): CodeIgniter\View\View->render('kelas2/cerebral-infarction', [], true)
 9 APPPATH\Views\detailpasien2.php(73): view('kelas2/cerebral-infarction')
10 SYSTEMPATH\View\View.php(224): include('C:\\xampp8.2.4\\htdocs\\Clinicalpathway_Ci4\\app\\Views\\detailpasien2.php')
11 SYSTEMPATH\View\View.php(227): CodeIgniter\View\View->CodeIgniter\View\{closure}()
12 SYSTEMPATH\Common.php(1176): CodeIgniter\View\View->render('detailpasien2', [], true)
13 APPPATH\Controllers\DetailPasienController.php(2762): view('detailpasien2', [...])
14 SYSTEMPATH\CodeIgniter.php(932): App\Controllers\DetailPasienController->kelas2()
15 SYSTEMPATH\CodeIgniter.php(497): CodeIgniter\CodeIgniter->runController(Object(App\Controllers\DetailPasienController))
16 SYSTEMPATH\CodeIgniter.php(366): CodeIgniter\CodeIgniter->handleRequest(null, Object(Config\Cache), false)
17 FCPATH\index.php(67): CodeIgniter\CodeIgniter->run()
18 SYSTEMPATH\Commands\Server\rewrite.php(47): require_once('C:\\xampp8.2.4\\htdocs\\Clinicalpathway_Ci4\\public\\index.php')
CRITICAL - 2023-10-04 02:50:13 --> A connection attempt failed because the connected party did not properly respond after a period of time, or established connection failed because connected host has failed to respond
in APPPATH\Views\total\total19.php on line 7.
 1 APPPATH\Views\total\total19.php(7): mysqli_connect('192.168.1.178', 'root', Object(SensitiveParameterValue), 'simrs')
 2 SYSTEMPATH\View\View.php(224): include('C:\\xampp8.2.4\\htdocs\\Clinicalpathway_Ci4\\app\\Views\\total\\total19.php')
 3 SYSTEMPATH\View\View.php(227): CodeIgniter\View\View->CodeIgniter\View\{closure}()
 4 SYSTEMPATH\Common.php(1176): CodeIgniter\View\View->render('total/total19', [], true)
 5 APPPATH\Views\kelas2\cerebral-infarction.php(1734): view('total/total19')
 6 SYSTEMPATH\View\View.php(224): include('C:\\xampp8.2.4\\htdocs\\Clinicalpathway_Ci4\\app\\Views\\kelas2\\cerebral-infarction.php')
 7 SYSTEMPATH\View\View.php(227): CodeIgniter\View\View->CodeIgniter\View\{closure}()
 8 SYSTEMPATH\Common.php(1176): CodeIgniter\View\View->render('kelas2/cerebral-infarction', [], true)
 9 APPPATH\Views\detailpasien2.php(73): view('kelas2/cerebral-infarction')
10 SYSTEMPATH\View\View.php(224): include('C:\\xampp8.2.4\\htdocs\\Clinicalpathway_Ci4\\app\\Views\\detailpasien2.php')
11 SYSTEMPATH\View\View.php(227): CodeIgniter\View\View->CodeIgniter\View\{closure}()
12 SYSTEMPATH\Common.php(1176): CodeIgniter\View\View->render('detailpasien2', [], true)
13 APPPATH\Controllers\DetailPasienController.php(2762): view('detailpasien2', [...])
14 SYSTEMPATH\CodeIgniter.php(932): App\Controllers\DetailPasienController->kelas2()
15 SYSTEMPATH\CodeIgniter.php(497): CodeIgniter\CodeIgniter->runController(Object(App\Controllers\DetailPasienController))
16 SYSTEMPATH\CodeIgniter.php(366): CodeIgniter\CodeIgniter->handleRequest(null, Object(Config\Cache), false)
17 FCPATH\index.php(67): CodeIgniter\CodeIgniter->run()
18 SYSTEMPATH\Commands\Server\rewrite.php(47): require_once('C:\\xampp8.2.4\\htdocs\\Clinicalpathway_Ci4\\public\\index.php')
CRITICAL - 2023-10-04 07:05:16 --> Call to undefined function alert()
in APPPATH\Views\detailpasien1.php on line 94.
 1 SYSTEMPATH\View\View.php(224): include()
 2 SYSTEMPATH\View\View.php(227): CodeIgniter\View\View->CodeIgniter\View\{closure}()
 3 SYSTEMPATH\Common.php(1176): CodeIgniter\View\View->render('detailpasien1', [], true)
 4 APPPATH\Controllers\DetailPasienController.php(1112): view('detailpasien1', [...])
 5 SYSTEMPATH\CodeIgniter.php(932): App\Controllers\DetailPasienController->kelas1()
 6 SYSTEMPATH\CodeIgniter.php(497): CodeIgniter\CodeIgniter->runController(Object(App\Controllers\DetailPasienController))
 7 SYSTEMPATH\CodeIgniter.php(366): CodeIgniter\CodeIgniter->handleRequest(null, Object(Config\Cache), false)
 8 FCPATH\index.php(67): CodeIgniter\CodeIgniter->run()
 9 SYSTEMPATH\Commands\Server\rewrite.php(47): require_once('C:\\xampp8.2.4\\htdocs\\Clinicalpathway_Ci4\\public\\index.php')
CRITICAL - 2023-10-04 07:06:52 --> Call to undefined function alert()
in APPPATH\Views\detailpasien1.php on line 94.
 1 SYSTEMPATH\View\View.php(224): include()
 2 SYSTEMPATH\View\View.php(227): CodeIgniter\View\View->CodeIgniter\View\{closure}()
 3 SYSTEMPATH\Common.php(1176): CodeIgniter\View\View->render('detailpasien1', [], true)
 4 APPPATH\Controllers\DetailPasienController.php(1112): view('detailpasien1', [...])
 5 SYSTEMPATH\CodeIgniter.php(932): App\Controllers\DetailPasienController->kelas1()
 6 SYSTEMPATH\CodeIgniter.php(497): CodeIgniter\CodeIgniter->runController(Object(App\Controllers\DetailPasienController))
 7 SYSTEMPATH\CodeIgniter.php(366): CodeIgniter\CodeIgniter->handleRequest(null, Object(Config\Cache), false)
 8 FCPATH\index.php(67): CodeIgniter\CodeIgniter->run()
 9 SYSTEMPATH\Commands\Server\rewrite.php(47): require_once('C:\\xampp8.2.4\\htdocs\\Clinicalpathway_Ci4\\public\\index.php')
CRITICAL - 2023-10-04 07:06:58 --> Call to undefined function alert()
in APPPATH\Views\detailpasien1.php on line 94.
 1 SYSTEMPATH\View\View.php(224): include()
 2 SYSTEMPATH\View\View.php(227): CodeIgniter\View\View->CodeIgniter\View\{closure}()
 3 SYSTEMPATH\Common.php(1176): CodeIgniter\View\View->render('detailpasien1', [], true)
 4 APPPATH\Controllers\DetailPasienController.php(1112): view('detailpasien1', [...])
 5 SYSTEMPATH\CodeIgniter.php(932): App\Controllers\DetailPasienController->kelas1()
 6 SYSTEMPATH\CodeIgniter.php(497): CodeIgniter\CodeIgniter->runController(Object(App\Controllers\DetailPasienController))
 7 SYSTEMPATH\CodeIgniter.php(366): CodeIgniter\CodeIgniter->handleRequest(null, Object(Config\Cache), false)
 8 FCPATH\index.php(67): CodeIgniter\CodeIgniter->run()
 9 SYSTEMPATH\Commands\Server\rewrite.php(47): require_once('C:\\xampp8.2.4\\htdocs\\Clinicalpathway_Ci4\\public\\index.php')
CRITICAL - 2023-10-04 07:08:23 --> Call to undefined function alert()
in APPPATH\Views\detailpasien1.php on line 94.
 1 SYSTEMPATH\View\View.php(224): include()
 2 SYSTEMPATH\View\View.php(227): CodeIgniter\View\View->CodeIgniter\View\{closure}()
 3 SYSTEMPATH\Common.php(1176): CodeIgniter\View\View->render('detailpasien1', [], true)
 4 APPPATH\Controllers\DetailPasienController.php(1112): view('detailpasien1', [...])
 5 SYSTEMPATH\CodeIgniter.php(932): App\Controllers\DetailPasienController->kelas1()
 6 SYSTEMPATH\CodeIgniter.php(497): CodeIgniter\CodeIgniter->runController(Object(App\Controllers\DetailPasienController))
 7 SYSTEMPATH\CodeIgniter.php(366): CodeIgniter\CodeIgniter->handleRequest(null, Object(Config\Cache), false)
 8 FCPATH\index.php(67): CodeIgniter\CodeIgniter->run()
 9 SYSTEMPATH\Commands\Server\rewrite.php(47): require_once('C:\\xampp8.2.4\\htdocs\\Clinicalpathway_Ci4\\public\\index.php')
CRITICAL - 2023-10-04 07:09:26 --> Call to undefined function alert()
in APPPATH\Views\detailpasien1.php on line 94.
 1 SYSTEMPATH\View\View.php(224): include()
 2 SYSTEMPATH\View\View.php(227): CodeIgniter\View\View->CodeIgniter\View\{closure}()
 3 SYSTEMPATH\Common.php(1176): CodeIgniter\View\View->render('detailpasien1', [], true)
 4 APPPATH\Controllers\DetailPasienController.php(1112): view('detailpasien1', [...])
 5 SYSTEMPATH\CodeIgniter.php(932): App\Controllers\DetailPasienController->kelas1()
 6 SYSTEMPATH\CodeIgniter.php(497): CodeIgniter\CodeIgniter->runController(Object(App\Controllers\DetailPasienController))
 7 SYSTEMPATH\CodeIgniter.php(366): CodeIgniter\CodeIgniter->handleRequest(null, Object(Config\Cache), false)
 8 FCPATH\index.php(67): CodeIgniter\CodeIgniter->run()
 9 SYSTEMPATH\Commands\Server\rewrite.php(47): require_once('C:\\xampp8.2.4\\htdocs\\Clinicalpathway_Ci4\\public\\index.php')
CRITICAL - 2023-10-04 07:14:18 --> Call to undefined function alert()
in APPPATH\Views\detailpasien1.php on line 94.
 1 SYSTEMPATH\View\View.php(224): include()
 2 SYSTEMPATH\View\View.php(227): CodeIgniter\View\View->CodeIgniter\View\{closure}()
 3 SYSTEMPATH\Common.php(1176): CodeIgniter\View\View->render('detailpasien1', [], true)
 4 APPPATH\Controllers\DetailPasienController.php(1112): view('detailpasien1', [...])
 5 SYSTEMPATH\CodeIgniter.php(932): App\Controllers\DetailPasienController->kelas1()
 6 SYSTEMPATH\CodeIgniter.php(497): CodeIgniter\CodeIgniter->runController(Object(App\Controllers\DetailPasienController))
 7 SYSTEMPATH\CodeIgniter.php(366): CodeIgniter\CodeIgniter->handleRequest(null, Object(Config\Cache), false)
 8 FCPATH\index.php(67): CodeIgniter\CodeIgniter->run()
 9 SYSTEMPATH\Commands\Server\rewrite.php(47): require_once('C:\\xampp8.2.4\\htdocs\\Clinicalpathway_Ci4\\public\\index.php')
CRITICAL - 2023-10-04 07:14:22 --> Call to undefined function alert()
in APPPATH\Views\detailpasien1.php on line 94.
 1 SYSTEMPATH\View\View.php(224): include()
 2 SYSTEMPATH\View\View.php(227): CodeIgniter\View\View->CodeIgniter\View\{closure}()
 3 SYSTEMPATH\Common.php(1176): CodeIgniter\View\View->render('detailpasien1', [], true)
 4 APPPATH\Controllers\DetailPasienController.php(1112): view('detailpasien1', [...])
 5 SYSTEMPATH\CodeIgniter.php(932): App\Controllers\DetailPasienController->kelas1()
 6 SYSTEMPATH\CodeIgniter.php(497): CodeIgniter\CodeIgniter->runController(Object(App\Controllers\DetailPasienController))
 7 SYSTEMPATH\CodeIgniter.php(366): CodeIgniter\CodeIgniter->handleRequest(null, Object(Config\Cache), false)
 8 FCPATH\index.php(67): CodeIgniter\CodeIgniter->run()
 9 SYSTEMPATH\Commands\Server\rewrite.php(47): require_once('C:\\xampp8.2.4\\htdocs\\Clinicalpathway_Ci4\\public\\index.php')
