CRITICAL - 2023-09-18 01:13:14 --> Undefined variable $NOMR
in APPPATH\Views\kelas3.php on line 130.
 1 APPPATH\Views\kelas3.php(130): CodeIgniter\Debug\Exceptions->errorHandler(2, 'Undefined variable $NOMR', 'C:\\xampp8.2.4\\htdocs\\Clinicalpathway_Ci4\\app\\Views\\kelas3.php', 130)
 2 SYSTEMPATH\View\View.php(224): include('C:\\xampp8.2.4\\htdocs\\Clinicalpathway_Ci4\\app\\Views\\kelas3.php')
 3 SYSTEMPATH\View\View.php(227): CodeIgniter\View\View->CodeIgniter\View\{closure}()
 4 SYSTEMPATH\Common.php(1176): CodeIgniter\View\View->render('kelas3', [], true)
 5 APPPATH\Views\detailpasien3.php(72): view('kelas3')
 6 SYSTEMPATH\View\View.php(224): include('C:\\xampp8.2.4\\htdocs\\Clinicalpathway_Ci4\\app\\Views\\detailpasien3.php')
 7 SYSTEMPATH\View\View.php(227): CodeIgniter\View\View->CodeIgniter\View\{closure}()
 8 SYSTEMPATH\Common.php(1176): CodeIgniter\View\View->render('detailpasien3', [], true)
 9 APPPATH\Controllers\DetailPasienController.php(2976): view('detailpasien3', [...])
10 SYSTEMPATH\CodeIgniter.php(932): App\Controllers\DetailPasienController->kelas3()
11 SYSTEMPATH\CodeIgniter.php(497): CodeIgniter\CodeIgniter->runController(Object(App\Controllers\DetailPasienController))
12 SYSTEMPATH\CodeIgniter.php(366): CodeIgniter\CodeIgniter->handleRequest(null, Object(Config\Cache), false)
13 FCPATH\index.php(67): CodeIgniter\CodeIgniter->run()
14 SYSTEMPATH\Commands\Server\rewrite.php(47): require_once('C:\\xampp8.2.4\\htdocs\\Clinicalpathway_Ci4\\public\\index.php')
CRITICAL - 2023-09-18 01:27:29 --> Undefined variable $NOMR
in APPPATH\Views\kelas3.php on line 130.
 1 APPPATH\Views\kelas3.php(130): CodeIgniter\Debug\Exceptions->errorHandler(2, 'Undefined variable $NOMR', 'C:\\xampp8.2.4\\htdocs\\Clinicalpathway_Ci4\\app\\Views\\kelas3.php', 130)
 2 SYSTEMPATH\View\View.php(224): include('C:\\xampp8.2.4\\htdocs\\Clinicalpathway_Ci4\\app\\Views\\kelas3.php')
 3 SYSTEMPATH\View\View.php(227): CodeIgniter\View\View->CodeIgniter\View\{closure}()
 4 SYSTEMPATH\Common.php(1176): CodeIgniter\View\View->render('kelas3', [], true)
 5 APPPATH\Views\detailpasien3.php(72): view('kelas3')
 6 SYSTEMPATH\View\View.php(224): include('C:\\xampp8.2.4\\htdocs\\Clinicalpathway_Ci4\\app\\Views\\detailpasien3.php')
 7 SYSTEMPATH\View\View.php(227): CodeIgniter\View\View->CodeIgniter\View\{closure}()
 8 SYSTEMPATH\Common.php(1176): CodeIgniter\View\View->render('detailpasien3', [], true)
 9 APPPATH\Controllers\DetailPasienController.php(2976): view('detailpasien3', [...])
10 SYSTEMPATH\CodeIgniter.php(932): App\Controllers\DetailPasienController->kelas3()
11 SYSTEMPATH\CodeIgniter.php(497): CodeIgniter\CodeIgniter->runController(Object(App\Controllers\DetailPasienController))
12 SYSTEMPATH\CodeIgniter.php(366): CodeIgniter\CodeIgniter->handleRequest(null, Object(Config\Cache), false)
13 FCPATH\index.php(67): CodeIgniter\CodeIgniter->run()
14 SYSTEMPATH\Commands\Server\rewrite.php(47): require_once('C:\\xampp8.2.4\\htdocs\\Clinicalpathway_Ci4\\public\\index.php')
CRITICAL - 2023-09-18 01:33:53 --> Undefined variable $NOMR
in APPPATH\Views\kelas3.php on line 130.
 1 APPPATH\Views\kelas3.php(130): CodeIgniter\Debug\Exceptions->errorHandler(2, 'Undefined variable $NOMR', 'C:\\xampp8.2.4\\htdocs\\Clinicalpathway_Ci4\\app\\Views\\kelas3.php', 130)
 2 SYSTEMPATH\View\View.php(224): include('C:\\xampp8.2.4\\htdocs\\Clinicalpathway_Ci4\\app\\Views\\kelas3.php')
 3 SYSTEMPATH\View\View.php(227): CodeIgniter\View\View->CodeIgniter\View\{closure}()
 4 SYSTEMPATH\Common.php(1176): CodeIgniter\View\View->render('kelas3', [], true)
 5 APPPATH\Views\detailpasien3.php(72): view('kelas3')
 6 SYSTEMPATH\View\View.php(224): include('C:\\xampp8.2.4\\htdocs\\Clinicalpathway_Ci4\\app\\Views\\detailpasien3.php')
 7 SYSTEMPATH\View\View.php(227): CodeIgniter\View\View->CodeIgniter\View\{closure}()
 8 SYSTEMPATH\Common.php(1176): CodeIgniter\View\View->render('detailpasien3', [], true)
 9 APPPATH\Controllers\DetailPasienController.php(2976): view('detailpasien3', [...])
10 SYSTEMPATH\CodeIgniter.php(932): App\Controllers\DetailPasienController->kelas3()
11 SYSTEMPATH\CodeIgniter.php(497): CodeIgniter\CodeIgniter->runController(Object(App\Controllers\DetailPasienController))
12 SYSTEMPATH\CodeIgniter.php(366): CodeIgniter\CodeIgniter->handleRequest(null, Object(Config\Cache), false)
13 FCPATH\index.php(67): CodeIgniter\CodeIgniter->run()
14 SYSTEMPATH\Commands\Server\rewrite.php(47): require_once('C:\\xampp8.2.4\\htdocs\\Clinicalpathway_Ci4\\public\\index.php')
CRITICAL - 2023-09-18 01:39:29 --> Undefined variable $biaya355
in APPPATH\Controllers\DetailPasienController.php on line 3346.
 1 APPPATH\Controllers\DetailPasienController.php(3346): CodeIgniter\Debug\Exceptions->errorHandler(2, 'Undefined variable $biaya355', 'C:\\xampp8.2.4\\htdocs\\Clinicalpathway_Ci4\\app\\Controllers\\DetailPasienController.php', 3346)
 2 SYSTEMPATH\CodeIgniter.php(932): App\Controllers\DetailPasienController->kelas3()
 3 SYSTEMPATH\CodeIgniter.php(497): CodeIgniter\CodeIgniter->runController(Object(App\Controllers\DetailPasienController))
 4 SYSTEMPATH\CodeIgniter.php(366): CodeIgniter\CodeIgniter->handleRequest(null, Object(Config\Cache), false)
 5 FCPATH\index.php(67): CodeIgniter\CodeIgniter->run()
 6 SYSTEMPATH\Commands\Server\rewrite.php(47): require_once('C:\\xampp8.2.4\\htdocs\\Clinicalpathway_Ci4\\public\\index.php')
CRITICAL - 2023-09-18 01:39:48 --> Undefined variable $biaya355
in APPPATH\Controllers\DetailPasienController.php on line 3346.
 1 APPPATH\Controllers\DetailPasienController.php(3346): CodeIgniter\Debug\Exceptions->errorHandler(2, 'Undefined variable $biaya355', 'C:\\xampp8.2.4\\htdocs\\Clinicalpathway_Ci4\\app\\Controllers\\DetailPasienController.php', 3346)
 2 SYSTEMPATH\CodeIgniter.php(932): App\Controllers\DetailPasienController->kelas3()
 3 SYSTEMPATH\CodeIgniter.php(497): CodeIgniter\CodeIgniter->runController(Object(App\Controllers\DetailPasienController))
 4 SYSTEMPATH\CodeIgniter.php(366): CodeIgniter\CodeIgniter->handleRequest(null, Object(Config\Cache), false)
 5 FCPATH\index.php(67): CodeIgniter\CodeIgniter->run()
 6 SYSTEMPATH\Commands\Server\rewrite.php(47): require_once('C:\\xampp8.2.4\\htdocs\\Clinicalpathway_Ci4\\public\\index.php')
CRITICAL - 2023-09-18 01:44:45 --> Undefined variable $biaya355
in APPPATH\Controllers\DetailPasienController.php on line 3515.
 1 APPPATH\Controllers\DetailPasienController.php(3515): CodeIgniter\Debug\Exceptions->errorHandler(2, 'Undefined variable $biaya355', 'C:\\xampp8.2.4\\htdocs\\Clinicalpathway_Ci4\\app\\Controllers\\DetailPasienController.php', 3515)
 2 SYSTEMPATH\CodeIgniter.php(932): App\Controllers\DetailPasienController->kelas3()
 3 SYSTEMPATH\CodeIgniter.php(497): CodeIgniter\CodeIgniter->runController(Object(App\Controllers\DetailPasienController))
 4 SYSTEMPATH\CodeIgniter.php(366): CodeIgniter\CodeIgniter->handleRequest(null, Object(Config\Cache), false)
 5 FCPATH\index.php(67): CodeIgniter\CodeIgniter->run()
 6 SYSTEMPATH\Commands\Server\rewrite.php(47): require_once('C:\\xampp8.2.4\\htdocs\\Clinicalpathway_Ci4\\public\\index.php')
CRITICAL - 2023-09-18 01:45:22 --> Undefined variable $biaya355
in APPPATH\Controllers\DetailPasienController.php on line 3515.
 1 APPPATH\Controllers\DetailPasienController.php(3515): CodeIgniter\Debug\Exceptions->errorHandler(2, 'Undefined variable $biaya355', 'C:\\xampp8.2.4\\htdocs\\Clinicalpathway_Ci4\\app\\Controllers\\DetailPasienController.php', 3515)
 2 SYSTEMPATH\CodeIgniter.php(932): App\Controllers\DetailPasienController->kelas3()
 3 SYSTEMPATH\CodeIgniter.php(497): CodeIgniter\CodeIgniter->runController(Object(App\Controllers\DetailPasienController))
 4 SYSTEMPATH\CodeIgniter.php(366): CodeIgniter\CodeIgniter->handleRequest(null, Object(Config\Cache), false)
 5 FCPATH\index.php(67): CodeIgniter\CodeIgniter->run()
 6 SYSTEMPATH\Commands\Server\rewrite.php(47): require_once('C:\\xampp8.2.4\\htdocs\\Clinicalpathway_Ci4\\public\\index.php')
CRITICAL - 2023-09-18 01:51:16 --> Undefined array key "biaya355"
in APPPATH\Controllers\DetailPasienController.php on line 2773.
 1 APPPATH\Controllers\DetailPasienController.php(2773): CodeIgniter\Debug\Exceptions->errorHandler(2, 'Undefined array key "biaya355"', 'C:\\xampp8.2.4\\htdocs\\Clinicalpathway_Ci4\\app\\Controllers\\DetailPasienController.php', 2773)
 2 SYSTEMPATH\CodeIgniter.php(932): App\Controllers\DetailPasienController->kelas3()
 3 SYSTEMPATH\CodeIgniter.php(497): CodeIgniter\CodeIgniter->runController(Object(App\Controllers\DetailPasienController))
 4 SYSTEMPATH\CodeIgniter.php(366): CodeIgniter\CodeIgniter->handleRequest(null, Object(Config\Cache), false)
 5 FCPATH\index.php(67): CodeIgniter\CodeIgniter->run()
 6 SYSTEMPATH\Commands\Server\rewrite.php(47): require_once('C:\\xampp8.2.4\\htdocs\\Clinicalpathway_Ci4\\public\\index.php')
CRITICAL - 2023-09-18 01:51:57 --> Undefined array key "biaya355"
in APPPATH\Controllers\DetailPasienController.php on line 2773.
 1 APPPATH\Controllers\DetailPasienController.php(2773): CodeIgniter\Debug\Exceptions->errorHandler(2, 'Undefined array key "biaya355"', 'C:\\xampp8.2.4\\htdocs\\Clinicalpathway_Ci4\\app\\Controllers\\DetailPasienController.php', 2773)
 2 SYSTEMPATH\CodeIgniter.php(932): App\Controllers\DetailPasienController->kelas3()
 3 SYSTEMPATH\CodeIgniter.php(497): CodeIgniter\CodeIgniter->runController(Object(App\Controllers\DetailPasienController))
 4 SYSTEMPATH\CodeIgniter.php(366): CodeIgniter\CodeIgniter->handleRequest(null, Object(Config\Cache), false)
 5 FCPATH\index.php(67): CodeIgniter\CodeIgniter->run()
 6 SYSTEMPATH\Commands\Server\rewrite.php(47): require_once('C:\\xampp8.2.4\\htdocs\\Clinicalpathway_Ci4\\public\\index.php')
CRITICAL - 2023-09-18 01:52:28 --> A connection attempt failed because the connected party did not properly respond after a period of time, or established connection failed because connected host has failed to respond
in APPPATH\Views\total\total3.php on line 8.
 1 APPPATH\Views\total\total3.php(8): mysqli_connect('192.168.1.178', 'root', Object(SensitiveParameterValue), 'simrs')
 2 SYSTEMPATH\View\View.php(224): include('C:\\xampp8.2.4\\htdocs\\Clinicalpathway_Ci4\\app\\Views\\total\\total3.php')
 3 SYSTEMPATH\View\View.php(227): CodeIgniter\View\View->CodeIgniter\View\{closure}()
 4 SYSTEMPATH\Common.php(1176): CodeIgniter\View\View->render('total/total3', [], true)
 5 APPPATH\Views\kelas2.php(367): view('total/total3')
 6 SYSTEMPATH\View\View.php(224): include('C:\\xampp8.2.4\\htdocs\\Clinicalpathway_Ci4\\app\\Views\\kelas2.php')
 7 SYSTEMPATH\View\View.php(227): CodeIgniter\View\View->CodeIgniter\View\{closure}()
 8 SYSTEMPATH\Common.php(1176): CodeIgniter\View\View->render('kelas2', [], true)
 9 APPPATH\Views\detailpasien2.php(72): view('kelas2')
10 SYSTEMPATH\View\View.php(224): include('C:\\xampp8.2.4\\htdocs\\Clinicalpathway_Ci4\\app\\Views\\detailpasien2.php')
11 SYSTEMPATH\View\View.php(227): CodeIgniter\View\View->CodeIgniter\View\{closure}()
12 SYSTEMPATH\Common.php(1176): CodeIgniter\View\View->render('detailpasien2', [], true)
13 APPPATH\Controllers\DetailPasienController.php(2037): view('detailpasien2', [...])
14 SYSTEMPATH\CodeIgniter.php(932): App\Controllers\DetailPasienController->kelas2()
15 SYSTEMPATH\CodeIgniter.php(497): CodeIgniter\CodeIgniter->runController(Object(App\Controllers\DetailPasienController))
16 SYSTEMPATH\CodeIgniter.php(366): CodeIgniter\CodeIgniter->handleRequest(null, Object(Config\Cache), false)
17 FCPATH\index.php(67): CodeIgniter\CodeIgniter->run()
18 SYSTEMPATH\Commands\Server\rewrite.php(47): require_once('C:\\xampp8.2.4\\htdocs\\Clinicalpathway_Ci4\\public\\index.php')
CRITICAL - 2023-09-18 01:53:02 --> Undefined array key "biaya355"
in APPPATH\Controllers\DetailPasienController.php on line 2773.
 1 APPPATH\Controllers\DetailPasienController.php(2773): CodeIgniter\Debug\Exceptions->errorHandler(2, 'Undefined array key "biaya355"', 'C:\\xampp8.2.4\\htdocs\\Clinicalpathway_Ci4\\app\\Controllers\\DetailPasienController.php', 2773)
 2 SYSTEMPATH\CodeIgniter.php(932): App\Controllers\DetailPasienController->kelas3()
 3 SYSTEMPATH\CodeIgniter.php(497): CodeIgniter\CodeIgniter->runController(Object(App\Controllers\DetailPasienController))
 4 SYSTEMPATH\CodeIgniter.php(366): CodeIgniter\CodeIgniter->handleRequest(null, Object(Config\Cache), false)
 5 FCPATH\index.php(67): CodeIgniter\CodeIgniter->run()
 6 SYSTEMPATH\Commands\Server\rewrite.php(47): require_once('C:\\xampp8.2.4\\htdocs\\Clinicalpathway_Ci4\\public\\index.php')
CRITICAL - 2023-09-18 02:13:06 --> Undefined array key "biaya355"
in APPPATH\Controllers\DetailPasienController.php on line 3646.
 1 APPPATH\Controllers\DetailPasienController.php(3646): CodeIgniter\Debug\Exceptions->errorHandler(2, 'Undefined array key "biaya355"', 'C:\\xampp8.2.4\\htdocs\\Clinicalpathway_Ci4\\app\\Controllers\\DetailPasienController.php', 3646)
 2 SYSTEMPATH\CodeIgniter.php(932): App\Controllers\DetailPasienController->kelas3()
 3 SYSTEMPATH\CodeIgniter.php(497): CodeIgniter\CodeIgniter->runController(Object(App\Controllers\DetailPasienController))
 4 SYSTEMPATH\CodeIgniter.php(366): CodeIgniter\CodeIgniter->handleRequest(null, Object(Config\Cache), false)
 5 FCPATH\index.php(67): CodeIgniter\CodeIgniter->run()
 6 SYSTEMPATH\Commands\Server\rewrite.php(47): require_once('C:\\xampp8.2.4\\htdocs\\Clinicalpathway_Ci4\\public\\index.php')
CRITICAL - 2023-09-18 02:14:52 --> Undefined array key "biaya355"
in APPPATH\Controllers\DetailPasienController.php on line 3646.
 1 APPPATH\Controllers\DetailPasienController.php(3646): CodeIgniter\Debug\Exceptions->errorHandler(2, 'Undefined array key "biaya355"', 'C:\\xampp8.2.4\\htdocs\\Clinicalpathway_Ci4\\app\\Controllers\\DetailPasienController.php', 3646)
 2 SYSTEMPATH\CodeIgniter.php(932): App\Controllers\DetailPasienController->kelas3()
 3 SYSTEMPATH\CodeIgniter.php(497): CodeIgniter\CodeIgniter->runController(Object(App\Controllers\DetailPasienController))
 4 SYSTEMPATH\CodeIgniter.php(366): CodeIgniter\CodeIgniter->handleRequest(null, Object(Config\Cache), false)
 5 FCPATH\index.php(67): CodeIgniter\CodeIgniter->run()
 6 SYSTEMPATH\Commands\Server\rewrite.php(47): require_once('C:\\xampp8.2.4\\htdocs\\Clinicalpathway_Ci4\\public\\index.php')
