CRITICAL - 2023-09-25 02:05:00 --> Undefined property: CodeIgniter\View\View::$load
in APPPATH\Views\kelas3.php on line 88.
 1 APPPATH\Views\kelas3.php(88): CodeIgniter\Debug\Exceptions->errorHandler(2, 'Undefined property: CodeIgniter\\View\\View::$load', 'C:\\xampp8.2.4\\htdocs\\Clinicalpathway_Ci4\\app\\Views\\kelas3.php', 88)
 2 SYSTEMPATH\View\View.php(224): include('C:\\xampp8.2.4\\htdocs\\Clinicalpathway_Ci4\\app\\Views\\kelas3.php')
 3 SYSTEMPATH\View\View.php(227): CodeIgniter\View\View->CodeIgniter\View\{closure}()
 4 SYSTEMPATH\Common.php(1176): CodeIgniter\View\View->render('kelas3', [], true)
 5 APPPATH\Views\detailpasien3.php(72): view('kelas3')
 6 SYSTEMPATH\View\View.php(224): include('C:\\xampp8.2.4\\htdocs\\Clinicalpathway_Ci4\\app\\Views\\detailpasien3.php')
 7 SYSTEMPATH\View\View.php(227): CodeIgniter\View\View->CodeIgniter\View\{closure}()
 8 SYSTEMPATH\Common.php(1176): CodeIgniter\View\View->render('detailpasien3', [], true)
 9 APPPATH\Controllers\DetailPasienController.php(4412): view('detailpasien3', [...])
10 SYSTEMPATH\CodeIgniter.php(932): App\Controllers\DetailPasienController->kelas3()
11 SYSTEMPATH\CodeIgniter.php(497): CodeIgniter\CodeIgniter->runController(Object(App\Controllers\DetailPasienController))
12 SYSTEMPATH\CodeIgniter.php(366): CodeIgniter\CodeIgniter->handleRequest(null, Object(Config\Cache), false)
13 FCPATH\index.php(67): CodeIgniter\CodeIgniter->run()
14 SYSTEMPATH\Commands\Server\rewrite.php(47): require_once('C:\\xampp8.2.4\\htdocs\\Clinicalpathway_Ci4\\public\\index.php')
CRITICAL - 2023-09-25 02:05:22 --> Undefined property: CodeIgniter\View\View::$load
in APPPATH\Views\kelas3.php on line 88.
 1 APPPATH\Views\kelas3.php(88): CodeIgniter\Debug\Exceptions->errorHandler(2, 'Undefined property: CodeIgniter\\View\\View::$load', 'C:\\xampp8.2.4\\htdocs\\Clinicalpathway_Ci4\\app\\Views\\kelas3.php', 88)
 2 SYSTEMPATH\View\View.php(224): include('C:\\xampp8.2.4\\htdocs\\Clinicalpathway_Ci4\\app\\Views\\kelas3.php')
 3 SYSTEMPATH\View\View.php(227): CodeIgniter\View\View->CodeIgniter\View\{closure}()
 4 SYSTEMPATH\Common.php(1176): CodeIgniter\View\View->render('kelas3', [], true)
 5 APPPATH\Views\detailpasien3.php(72): view('kelas3')
 6 SYSTEMPATH\View\View.php(224): include('C:\\xampp8.2.4\\htdocs\\Clinicalpathway_Ci4\\app\\Views\\detailpasien3.php')
 7 SYSTEMPATH\View\View.php(227): CodeIgniter\View\View->CodeIgniter\View\{closure}()
 8 SYSTEMPATH\Common.php(1176): CodeIgniter\View\View->render('detailpasien3', [], true)
 9 APPPATH\Controllers\DetailPasienController.php(4412): view('detailpasien3', [...])
10 SYSTEMPATH\CodeIgniter.php(932): App\Controllers\DetailPasienController->kelas3()
11 SYSTEMPATH\CodeIgniter.php(497): CodeIgniter\CodeIgniter->runController(Object(App\Controllers\DetailPasienController))
12 SYSTEMPATH\CodeIgniter.php(366): CodeIgniter\CodeIgniter->handleRequest(null, Object(Config\Cache), false)
13 FCPATH\index.php(67): CodeIgniter\CodeIgniter->run()
14 SYSTEMPATH\Commands\Server\rewrite.php(47): require_once('C:\\xampp8.2.4\\htdocs\\Clinicalpathway_Ci4\\public\\index.php')
CRITICAL - 2023-09-25 02:05:26 --> Undefined property: CodeIgniter\View\View::$load
in APPPATH\Views\kelas3.php on line 88.
 1 APPPATH\Views\kelas3.php(88): CodeIgniter\Debug\Exceptions->errorHandler(2, 'Undefined property: CodeIgniter\\View\\View::$load', 'C:\\xampp8.2.4\\htdocs\\Clinicalpathway_Ci4\\app\\Views\\kelas3.php', 88)
 2 SYSTEMPATH\View\View.php(224): include('C:\\xampp8.2.4\\htdocs\\Clinicalpathway_Ci4\\app\\Views\\kelas3.php')
 3 SYSTEMPATH\View\View.php(227): CodeIgniter\View\View->CodeIgniter\View\{closure}()
 4 SYSTEMPATH\Common.php(1176): CodeIgniter\View\View->render('kelas3', [], true)
 5 APPPATH\Views\detailpasien3.php(72): view('kelas3')
 6 SYSTEMPATH\View\View.php(224): include('C:\\xampp8.2.4\\htdocs\\Clinicalpathway_Ci4\\app\\Views\\detailpasien3.php')
 7 SYSTEMPATH\View\View.php(227): CodeIgniter\View\View->CodeIgniter\View\{closure}()
 8 SYSTEMPATH\Common.php(1176): CodeIgniter\View\View->render('detailpasien3', [], true)
 9 APPPATH\Controllers\DetailPasienController.php(4412): view('detailpasien3', [...])
10 SYSTEMPATH\CodeIgniter.php(932): App\Controllers\DetailPasienController->kelas3()
11 SYSTEMPATH\CodeIgniter.php(497): CodeIgniter\CodeIgniter->runController(Object(App\Controllers\DetailPasienController))
12 SYSTEMPATH\CodeIgniter.php(366): CodeIgniter\CodeIgniter->handleRequest(null, Object(Config\Cache), false)
13 FCPATH\index.php(67): CodeIgniter\CodeIgniter->run()
14 SYSTEMPATH\Commands\Server\rewrite.php(47): require_once('C:\\xampp8.2.4\\htdocs\\Clinicalpathway_Ci4\\public\\index.php')
CRITICAL - 2023-09-25 02:05:32 --> Undefined property: CodeIgniter\View\View::$load
in APPPATH\Views\kelas3.php on line 88.
 1 APPPATH\Views\kelas3.php(88): CodeIgniter\Debug\Exceptions->errorHandler(2, 'Undefined property: CodeIgniter\\View\\View::$load', 'C:\\xampp8.2.4\\htdocs\\Clinicalpathway_Ci4\\app\\Views\\kelas3.php', 88)
 2 SYSTEMPATH\View\View.php(224): include('C:\\xampp8.2.4\\htdocs\\Clinicalpathway_Ci4\\app\\Views\\kelas3.php')
 3 SYSTEMPATH\View\View.php(227): CodeIgniter\View\View->CodeIgniter\View\{closure}()
 4 SYSTEMPATH\Common.php(1176): CodeIgniter\View\View->render('kelas3', [], true)
 5 APPPATH\Views\detailpasien3.php(72): view('kelas3')
 6 SYSTEMPATH\View\View.php(224): include('C:\\xampp8.2.4\\htdocs\\Clinicalpathway_Ci4\\app\\Views\\detailpasien3.php')
 7 SYSTEMPATH\View\View.php(227): CodeIgniter\View\View->CodeIgniter\View\{closure}()
 8 SYSTEMPATH\Common.php(1176): CodeIgniter\View\View->render('detailpasien3', [], true)
 9 APPPATH\Controllers\DetailPasienController.php(4412): view('detailpasien3', [...])
10 SYSTEMPATH\CodeIgniter.php(932): App\Controllers\DetailPasienController->kelas3()
11 SYSTEMPATH\CodeIgniter.php(497): CodeIgniter\CodeIgniter->runController(Object(App\Controllers\DetailPasienController))
12 SYSTEMPATH\CodeIgniter.php(366): CodeIgniter\CodeIgniter->handleRequest(null, Object(Config\Cache), false)
13 FCPATH\index.php(67): CodeIgniter\CodeIgniter->run()
14 SYSTEMPATH\Commands\Server\rewrite.php(47): require_once('C:\\xampp8.2.4\\htdocs\\Clinicalpathway_Ci4\\public\\index.php')
CRITICAL - 2023-09-25 02:07:20 --> syntax error, unexpected token "return"
in APPPATH\Controllers\DetailPasienController.php on line 4991.
 1 SYSTEMPATH\Autoloader\Autoloader.php(291): CodeIgniter\Autoloader\Autoloader->includeFile('C:\\xampp8.2.4\\htdocs\\Clinicalpathway_Ci4\\app\\Controllers\\DetailPasienController.php')
 2 SYSTEMPATH\Autoloader\Autoloader.php(269): CodeIgniter\Autoloader\Autoloader->loadInNamespace('App\\Controllers\\DetailPasienController')
 3 [internal function]: CodeIgniter\Autoloader\Autoloader->loadClass('App\\Controllers\\DetailPasienController')
 4 SYSTEMPATH\CodeIgniter.php(890): class_exists('\\App\\Controllers\\DetailPasienController', true)
 5 SYSTEMPATH\CodeIgniter.php(484): CodeIgniter\CodeIgniter->startController()
 6 SYSTEMPATH\CodeIgniter.php(366): CodeIgniter\CodeIgniter->handleRequest(null, Object(Config\Cache), false)
 7 FCPATH\index.php(67): CodeIgniter\CodeIgniter->run()
 8 SYSTEMPATH\Commands\Server\rewrite.php(47): require_once('C:\\xampp8.2.4\\htdocs\\Clinicalpathway_Ci4\\public\\index.php')
CRITICAL - 2023-09-25 02:07:23 --> syntax error, unexpected token "return"
in APPPATH\Controllers\DetailPasienController.php on line 4991.
 1 SYSTEMPATH\Autoloader\Autoloader.php(291): CodeIgniter\Autoloader\Autoloader->includeFile('C:\\xampp8.2.4\\htdocs\\Clinicalpathway_Ci4\\app\\Controllers\\DetailPasienController.php')
 2 SYSTEMPATH\Autoloader\Autoloader.php(269): CodeIgniter\Autoloader\Autoloader->loadInNamespace('App\\Controllers\\DetailPasienController')
 3 [internal function]: CodeIgniter\Autoloader\Autoloader->loadClass('App\\Controllers\\DetailPasienController')
 4 SYSTEMPATH\CodeIgniter.php(890): class_exists('\\App\\Controllers\\DetailPasienController', true)
 5 SYSTEMPATH\CodeIgniter.php(484): CodeIgniter\CodeIgniter->startController()
 6 SYSTEMPATH\CodeIgniter.php(366): CodeIgniter\CodeIgniter->handleRequest(null, Object(Config\Cache), false)
 7 FCPATH\index.php(67): CodeIgniter\CodeIgniter->run()
 8 SYSTEMPATH\Commands\Server\rewrite.php(47): require_once('C:\\xampp8.2.4\\htdocs\\Clinicalpathway_Ci4\\public\\index.php')
CRITICAL - 2023-09-25 02:09:17 --> syntax error, unexpected token "return"
in APPPATH\Controllers\DetailPasienController.php on line 4991.
 1 SYSTEMPATH\Autoloader\Autoloader.php(291): CodeIgniter\Autoloader\Autoloader->includeFile('C:\\xampp8.2.4\\htdocs\\Clinicalpathway_Ci4\\app\\Controllers\\DetailPasienController.php')
 2 SYSTEMPATH\Autoloader\Autoloader.php(269): CodeIgniter\Autoloader\Autoloader->loadInNamespace('App\\Controllers\\DetailPasienController')
 3 [internal function]: CodeIgniter\Autoloader\Autoloader->loadClass('App\\Controllers\\DetailPasienController')
 4 SYSTEMPATH\CodeIgniter.php(890): class_exists('\\App\\Controllers\\DetailPasienController', true)
 5 SYSTEMPATH\CodeIgniter.php(484): CodeIgniter\CodeIgniter->startController()
 6 SYSTEMPATH\CodeIgniter.php(366): CodeIgniter\CodeIgniter->handleRequest(null, Object(Config\Cache), false)
 7 FCPATH\index.php(67): CodeIgniter\CodeIgniter->run()
 8 SYSTEMPATH\Commands\Server\rewrite.php(47): require_once('C:\\xampp8.2.4\\htdocs\\Clinicalpathway_Ci4\\public\\index.php')
CRITICAL - 2023-09-25 02:09:21 --> syntax error, unexpected token "return"
in APPPATH\Controllers\DetailPasienController.php on line 4991.
 1 SYSTEMPATH\Autoloader\Autoloader.php(291): CodeIgniter\Autoloader\Autoloader->includeFile('C:\\xampp8.2.4\\htdocs\\Clinicalpathway_Ci4\\app\\Controllers\\DetailPasienController.php')
 2 SYSTEMPATH\Autoloader\Autoloader.php(269): CodeIgniter\Autoloader\Autoloader->loadInNamespace('App\\Controllers\\DetailPasienController')
 3 [internal function]: CodeIgniter\Autoloader\Autoloader->loadClass('App\\Controllers\\DetailPasienController')
 4 SYSTEMPATH\CodeIgniter.php(890): class_exists('\\App\\Controllers\\DetailPasienController', true)
 5 SYSTEMPATH\CodeIgniter.php(484): CodeIgniter\CodeIgniter->startController()
 6 SYSTEMPATH\CodeIgniter.php(366): CodeIgniter\CodeIgniter->handleRequest(null, Object(Config\Cache), false)
 7 FCPATH\index.php(67): CodeIgniter\CodeIgniter->run()
 8 SYSTEMPATH\Commands\Server\rewrite.php(47): require_once('C:\\xampp8.2.4\\htdocs\\Clinicalpathway_Ci4\\public\\index.php')
CRITICAL - 2023-09-25 02:09:23 --> syntax error, unexpected token "return"
in APPPATH\Controllers\DetailPasienController.php on line 4991.
 1 SYSTEMPATH\Autoloader\Autoloader.php(291): CodeIgniter\Autoloader\Autoloader->includeFile('C:\\xampp8.2.4\\htdocs\\Clinicalpathway_Ci4\\app\\Controllers\\DetailPasienController.php')
 2 SYSTEMPATH\Autoloader\Autoloader.php(269): CodeIgniter\Autoloader\Autoloader->loadInNamespace('App\\Controllers\\DetailPasienController')
 3 [internal function]: CodeIgniter\Autoloader\Autoloader->loadClass('App\\Controllers\\DetailPasienController')
 4 SYSTEMPATH\CodeIgniter.php(890): class_exists('\\App\\Controllers\\DetailPasienController', true)
 5 SYSTEMPATH\CodeIgniter.php(484): CodeIgniter\CodeIgniter->startController()
 6 SYSTEMPATH\CodeIgniter.php(366): CodeIgniter\CodeIgniter->handleRequest(null, Object(Config\Cache), false)
 7 FCPATH\index.php(67): CodeIgniter\CodeIgniter->run()
 8 SYSTEMPATH\Commands\Server\rewrite.php(47): require_once('C:\\xampp8.2.4\\htdocs\\Clinicalpathway_Ci4\\public\\index.php')
CRITICAL - 2023-09-25 02:09:37 --> Undefined variable $biaya409
in APPPATH\Controllers\DetailPasienController.php on line 4836.
 1 APPPATH\Controllers\DetailPasienController.php(4836): CodeIgniter\Debug\Exceptions->errorHandler(2, 'Undefined variable $biaya409', 'C:\\xampp8.2.4\\htdocs\\Clinicalpathway_Ci4\\app\\Controllers\\DetailPasienController.php', 4836)
 2 SYSTEMPATH\CodeIgniter.php(932): App\Controllers\DetailPasienController->kelas3()
 3 SYSTEMPATH\CodeIgniter.php(497): CodeIgniter\CodeIgniter->runController(Object(App\Controllers\DetailPasienController))
 4 SYSTEMPATH\CodeIgniter.php(366): CodeIgniter\CodeIgniter->handleRequest(null, Object(Config\Cache), false)
 5 FCPATH\index.php(67): CodeIgniter\CodeIgniter->run()
 6 SYSTEMPATH\Commands\Server\rewrite.php(47): require_once('C:\\xampp8.2.4\\htdocs\\Clinicalpathway_Ci4\\public\\index.php')
CRITICAL - 2023-09-25 02:09:38 --> Undefined variable $biaya409
in APPPATH\Controllers\DetailPasienController.php on line 4836.
 1 APPPATH\Controllers\DetailPasienController.php(4836): CodeIgniter\Debug\Exceptions->errorHandler(2, 'Undefined variable $biaya409', 'C:\\xampp8.2.4\\htdocs\\Clinicalpathway_Ci4\\app\\Controllers\\DetailPasienController.php', 4836)
 2 SYSTEMPATH\CodeIgniter.php(932): App\Controllers\DetailPasienController->kelas3()
 3 SYSTEMPATH\CodeIgniter.php(497): CodeIgniter\CodeIgniter->runController(Object(App\Controllers\DetailPasienController))
 4 SYSTEMPATH\CodeIgniter.php(366): CodeIgniter\CodeIgniter->handleRequest(null, Object(Config\Cache), false)
 5 FCPATH\index.php(67): CodeIgniter\CodeIgniter->run()
 6 SYSTEMPATH\Commands\Server\rewrite.php(47): require_once('C:\\xampp8.2.4\\htdocs\\Clinicalpathway_Ci4\\public\\index.php')
CRITICAL - 2023-09-25 02:10:17 --> Undefined variable $biaya409
in APPPATH\Controllers\DetailPasienController.php on line 4836.
 1 APPPATH\Controllers\DetailPasienController.php(4836): CodeIgniter\Debug\Exceptions->errorHandler(2, 'Undefined variable $biaya409', 'C:\\xampp8.2.4\\htdocs\\Clinicalpathway_Ci4\\app\\Controllers\\DetailPasienController.php', 4836)
 2 SYSTEMPATH\CodeIgniter.php(932): App\Controllers\DetailPasienController->kelas3()
 3 SYSTEMPATH\CodeIgniter.php(497): CodeIgniter\CodeIgniter->runController(Object(App\Controllers\DetailPasienController))
 4 SYSTEMPATH\CodeIgniter.php(366): CodeIgniter\CodeIgniter->handleRequest(null, Object(Config\Cache), false)
 5 FCPATH\index.php(67): CodeIgniter\CodeIgniter->run()
 6 SYSTEMPATH\Commands\Server\rewrite.php(47): require_once('C:\\xampp8.2.4\\htdocs\\Clinicalpathway_Ci4\\public\\index.php')
CRITICAL - 2023-09-25 02:10:56 --> A connection attempt failed because the connected party did not properly respond after a period of time, or established connection failed because connected host has failed to respond
in APPPATH\Views\total\total8.php on line 8.
 1 APPPATH\Views\total\total8.php(8): mysqli_connect('192.168.1.178', 'root', Object(SensitiveParameterValue), 'simrs')
 2 SYSTEMPATH\View\View.php(224): include('C:\\xampp8.2.4\\htdocs\\Clinicalpathway_Ci4\\app\\Views\\total\\total8.php')
 3 SYSTEMPATH\View\View.php(227): CodeIgniter\View\View->CodeIgniter\View\{closure}()
 4 SYSTEMPATH\Common.php(1176): CodeIgniter\View\View->render('total/total8', [], true)
 5 APPPATH\Views\diabetes-melitus.php(660): view('total/total8')
 6 SYSTEMPATH\View\View.php(224): include('C:\\xampp8.2.4\\htdocs\\Clinicalpathway_Ci4\\app\\Views\\diabetes-melitus.php')
 7 SYSTEMPATH\View\View.php(227): CodeIgniter\View\View->CodeIgniter\View\{closure}()
 8 SYSTEMPATH\Common.php(1176): CodeIgniter\View\View->render('diabetes-melitus', [], true)
 9 APPPATH\Views\kelas3.php(87): view('diabetes-melitus')
10 SYSTEMPATH\View\View.php(224): include('C:\\xampp8.2.4\\htdocs\\Clinicalpathway_Ci4\\app\\Views\\kelas3.php')
11 SYSTEMPATH\View\View.php(227): CodeIgniter\View\View->CodeIgniter\View\{closure}()
12 SYSTEMPATH\Common.php(1176): CodeIgniter\View\View->render('kelas3', [], true)
13 APPPATH\Views\detailpasien3.php(72): view('kelas3')
14 SYSTEMPATH\View\View.php(224): include('C:\\xampp8.2.4\\htdocs\\Clinicalpathway_Ci4\\app\\Views\\detailpasien3.php')
15 SYSTEMPATH\View\View.php(227): CodeIgniter\View\View->CodeIgniter\View\{closure}()
16 SYSTEMPATH\Common.php(1176): CodeIgniter\View\View->render('detailpasien3', [], true)
17 APPPATH\Controllers\DetailPasienController.php(4412): view('detailpasien3', [...])
18 SYSTEMPATH\CodeIgniter.php(932): App\Controllers\DetailPasienController->kelas3()
19 SYSTEMPATH\CodeIgniter.php(497): CodeIgniter\CodeIgniter->runController(Object(App\Controllers\DetailPasienController))
20 SYSTEMPATH\CodeIgniter.php(366): CodeIgniter\CodeIgniter->handleRequest(null, Object(Config\Cache), false)
21 FCPATH\index.php(67): CodeIgniter\CodeIgniter->run()
22 SYSTEMPATH\Commands\Server\rewrite.php(47): require_once('C:\\xampp8.2.4\\htdocs\\Clinicalpathway_Ci4\\public\\index.php')
CRITICAL - 2023-09-25 02:11:17 --> A connection attempt failed because the connected party did not properly respond after a period of time, or established connection failed because connected host has failed to respond
in APPPATH\Views\total\total8.php on line 8.
 1 APPPATH\Views\total\total8.php(8): mysqli_connect('192.168.1.178', 'root', Object(SensitiveParameterValue), 'simrs')
 2 SYSTEMPATH\View\View.php(224): include('C:\\xampp8.2.4\\htdocs\\Clinicalpathway_Ci4\\app\\Views\\total\\total8.php')
 3 SYSTEMPATH\View\View.php(227): CodeIgniter\View\View->CodeIgniter\View\{closure}()
 4 SYSTEMPATH\Common.php(1176): CodeIgniter\View\View->render('total/total8', [], true)
 5 APPPATH\Views\diabetes-melitus.php(660): view('total/total8')
 6 SYSTEMPATH\View\View.php(224): include('C:\\xampp8.2.4\\htdocs\\Clinicalpathway_Ci4\\app\\Views\\diabetes-melitus.php')
 7 SYSTEMPATH\View\View.php(227): CodeIgniter\View\View->CodeIgniter\View\{closure}()
 8 SYSTEMPATH\Common.php(1176): CodeIgniter\View\View->render('diabetes-melitus', [], true)
 9 APPPATH\Views\kelas3.php(87): view('diabetes-melitus')
10 SYSTEMPATH\View\View.php(224): include('C:\\xampp8.2.4\\htdocs\\Clinicalpathway_Ci4\\app\\Views\\kelas3.php')
11 SYSTEMPATH\View\View.php(227): CodeIgniter\View\View->CodeIgniter\View\{closure}()
12 SYSTEMPATH\Common.php(1176): CodeIgniter\View\View->render('kelas3', [], true)
13 APPPATH\Views\detailpasien3.php(72): view('kelas3')
14 SYSTEMPATH\View\View.php(224): include('C:\\xampp8.2.4\\htdocs\\Clinicalpathway_Ci4\\app\\Views\\detailpasien3.php')
15 SYSTEMPATH\View\View.php(227): CodeIgniter\View\View->CodeIgniter\View\{closure}()
16 SYSTEMPATH\Common.php(1176): CodeIgniter\View\View->render('detailpasien3', [], true)
17 APPPATH\Controllers\DetailPasienController.php(4412): view('detailpasien3', [...])
18 SYSTEMPATH\CodeIgniter.php(932): App\Controllers\DetailPasienController->kelas3()
19 SYSTEMPATH\CodeIgniter.php(497): CodeIgniter\CodeIgniter->runController(Object(App\Controllers\DetailPasienController))
20 SYSTEMPATH\CodeIgniter.php(366): CodeIgniter\CodeIgniter->handleRequest(null, Object(Config\Cache), false)
21 FCPATH\index.php(67): CodeIgniter\CodeIgniter->run()
22 SYSTEMPATH\Commands\Server\rewrite.php(47): require_once('C:\\xampp8.2.4\\htdocs\\Clinicalpathway_Ci4\\public\\index.php')
CRITICAL - 2023-09-25 02:11:46 --> A connection attempt failed because the connected party did not properly respond after a period of time, or established connection failed because connected host has failed to respond
in APPPATH\Views\total\total6.php on line 8.
 1 APPPATH\Views\total\total6.php(8): mysqli_connect('192.168.1.178', 'root', Object(SensitiveParameterValue), 'simrs')
 2 SYSTEMPATH\View\View.php(224): include('C:\\xampp8.2.4\\htdocs\\Clinicalpathway_Ci4\\app\\Views\\total\\total6.php')
 3 SYSTEMPATH\View\View.php(227): CodeIgniter\View\View->CodeIgniter\View\{closure}()
 4 SYSTEMPATH\Common.php(1176): CodeIgniter\View\View->render('total/total6', [], true)
 5 APPPATH\Views\diabetes-melitus.php(501): view('total/total6')
 6 SYSTEMPATH\View\View.php(224): include('C:\\xampp8.2.4\\htdocs\\Clinicalpathway_Ci4\\app\\Views\\diabetes-melitus.php')
 7 SYSTEMPATH\View\View.php(227): CodeIgniter\View\View->CodeIgniter\View\{closure}()
 8 SYSTEMPATH\Common.php(1176): CodeIgniter\View\View->render('diabetes-melitus', [], true)
 9 APPPATH\Views\kelas3.php(87): view('diabetes-melitus')
10 SYSTEMPATH\View\View.php(224): include('C:\\xampp8.2.4\\htdocs\\Clinicalpathway_Ci4\\app\\Views\\kelas3.php')
11 SYSTEMPATH\View\View.php(227): CodeIgniter\View\View->CodeIgniter\View\{closure}()
12 SYSTEMPATH\Common.php(1176): CodeIgniter\View\View->render('kelas3', [], true)
13 APPPATH\Views\detailpasien3.php(72): view('kelas3')
14 SYSTEMPATH\View\View.php(224): include('C:\\xampp8.2.4\\htdocs\\Clinicalpathway_Ci4\\app\\Views\\detailpasien3.php')
15 SYSTEMPATH\View\View.php(227): CodeIgniter\View\View->CodeIgniter\View\{closure}()
16 SYSTEMPATH\Common.php(1176): CodeIgniter\View\View->render('detailpasien3', [], true)
17 APPPATH\Controllers\DetailPasienController.php(4412): view('detailpasien3', [...])
18 SYSTEMPATH\CodeIgniter.php(932): App\Controllers\DetailPasienController->kelas3()
19 SYSTEMPATH\CodeIgniter.php(497): CodeIgniter\CodeIgniter->runController(Object(App\Controllers\DetailPasienController))
20 SYSTEMPATH\CodeIgniter.php(366): CodeIgniter\CodeIgniter->handleRequest(null, Object(Config\Cache), false)
21 FCPATH\index.php(67): CodeIgniter\CodeIgniter->run()
22 SYSTEMPATH\Commands\Server\rewrite.php(47): require_once('C:\\xampp8.2.4\\htdocs\\Clinicalpathway_Ci4\\public\\index.php')
CRITICAL - 2023-09-25 02:23:22 --> A connection attempt failed because the connected party did not properly respond after a period of time, or established connection failed because connected host has failed to respond
in APPPATH\Views\total\total15.php on line 8.
 1 APPPATH\Views\total\total15.php(8): mysqli_connect('192.168.1.178', 'root', Object(SensitiveParameterValue), 'simrs')
 2 SYSTEMPATH\View\View.php(224): include('C:\\xampp8.2.4\\htdocs\\Clinicalpathway_Ci4\\app\\Views\\total\\total15.php')
 3 SYSTEMPATH\View\View.php(227): CodeIgniter\View\View->CodeIgniter\View\{closure}()
 4 SYSTEMPATH\Common.php(1176): CodeIgniter\View\View->render('total/total15', [], true)
 5 APPPATH\Views\diabetes-melitus.php(1274): view('total/total15')
 6 SYSTEMPATH\View\View.php(224): include('C:\\xampp8.2.4\\htdocs\\Clinicalpathway_Ci4\\app\\Views\\diabetes-melitus.php')
 7 SYSTEMPATH\View\View.php(227): CodeIgniter\View\View->CodeIgniter\View\{closure}()
 8 SYSTEMPATH\Common.php(1176): CodeIgniter\View\View->render('diabetes-melitus', [], true)
 9 APPPATH\Views\kelas3.php(164): view('diabetes-melitus')
10 SYSTEMPATH\View\View.php(224): include('C:\\xampp8.2.4\\htdocs\\Clinicalpathway_Ci4\\app\\Views\\kelas3.php')
11 SYSTEMPATH\View\View.php(227): CodeIgniter\View\View->CodeIgniter\View\{closure}()
12 SYSTEMPATH\Common.php(1176): CodeIgniter\View\View->render('kelas3', [], true)
13 APPPATH\Views\detailpasien3.php(72): view('kelas3')
14 SYSTEMPATH\View\View.php(224): include('C:\\xampp8.2.4\\htdocs\\Clinicalpathway_Ci4\\app\\Views\\detailpasien3.php')
15 SYSTEMPATH\View\View.php(227): CodeIgniter\View\View->CodeIgniter\View\{closure}()
16 SYSTEMPATH\Common.php(1176): CodeIgniter\View\View->render('detailpasien3', [], true)
17 APPPATH\Controllers\DetailPasienController.php(4412): view('detailpasien3', [...])
18 SYSTEMPATH\CodeIgniter.php(932): App\Controllers\DetailPasienController->kelas3()
19 SYSTEMPATH\CodeIgniter.php(497): CodeIgniter\CodeIgniter->runController(Object(App\Controllers\DetailPasienController))
20 SYSTEMPATH\CodeIgniter.php(366): CodeIgniter\CodeIgniter->handleRequest(null, Object(Config\Cache), false)
21 FCPATH\index.php(67): CodeIgniter\CodeIgniter->run()
22 SYSTEMPATH\Commands\Server\rewrite.php(47): require_once('C:\\xampp8.2.4\\htdocs\\Clinicalpathway_Ci4\\public\\index.php')
CRITICAL - 2023-09-25 02:34:08 --> A connection attempt failed because the connected party did not properly respond after a period of time, or established connection failed because connected host has failed to respond
in APPPATH\Views\total\total5.php on line 9.
 1 APPPATH\Views\total\total5.php(9): mysqli_connect('192.168.1.178', 'root', Object(SensitiveParameterValue), 'simrs')
 2 SYSTEMPATH\View\View.php(224): include('C:\\xampp8.2.4\\htdocs\\Clinicalpathway_Ci4\\app\\Views\\total\\total5.php')
 3 SYSTEMPATH\View\View.php(227): CodeIgniter\View\View->CodeIgniter\View\{closure}()
 4 SYSTEMPATH\Common.php(1176): CodeIgniter\View\View->render('total/total5', [], true)
 5 APPPATH\Views\diabetes-melitus.php(423): view('total/total5')
 6 SYSTEMPATH\View\View.php(224): include('C:\\xampp8.2.4\\htdocs\\Clinicalpathway_Ci4\\app\\Views\\diabetes-melitus.php')
 7 SYSTEMPATH\View\View.php(227): CodeIgniter\View\View->CodeIgniter\View\{closure}()
 8 SYSTEMPATH\Common.php(1176): CodeIgniter\View\View->render('diabetes-melitus', [], true)
 9 APPPATH\Views\kelas3.php(168): view('diabetes-melitus')
10 SYSTEMPATH\View\View.php(224): include('C:\\xampp8.2.4\\htdocs\\Clinicalpathway_Ci4\\app\\Views\\kelas3.php')
11 SYSTEMPATH\View\View.php(227): CodeIgniter\View\View->CodeIgniter\View\{closure}()
12 SYSTEMPATH\Common.php(1176): CodeIgniter\View\View->render('kelas3', [], true)
13 APPPATH\Views\detailpasien3.php(72): view('kelas3')
14 SYSTEMPATH\View\View.php(224): include('C:\\xampp8.2.4\\htdocs\\Clinicalpathway_Ci4\\app\\Views\\detailpasien3.php')
15 SYSTEMPATH\View\View.php(227): CodeIgniter\View\View->CodeIgniter\View\{closure}()
16 SYSTEMPATH\Common.php(1176): CodeIgniter\View\View->render('detailpasien3', [], true)
17 APPPATH\Controllers\DetailPasienController.php(4412): view('detailpasien3', [...])
18 SYSTEMPATH\CodeIgniter.php(932): App\Controllers\DetailPasienController->kelas3()
19 SYSTEMPATH\CodeIgniter.php(497): CodeIgniter\CodeIgniter->runController(Object(App\Controllers\DetailPasienController))
20 SYSTEMPATH\CodeIgniter.php(366): CodeIgniter\CodeIgniter->handleRequest(null, Object(Config\Cache), false)
21 FCPATH\index.php(67): CodeIgniter\CodeIgniter->run()
22 SYSTEMPATH\Commands\Server\rewrite.php(47): require_once('C:\\xampp8.2.4\\htdocs\\Clinicalpathway_Ci4\\public\\index.php')
CRITICAL - 2023-09-25 02:34:36 --> A connection attempt failed because the connected party did not properly respond after a period of time, or established connection failed because connected host has failed to respond
in APPPATH\Views\total\total2.php on line 8.
 1 APPPATH\Views\total\total2.php(8): mysqli_connect('192.168.1.178', 'root', Object(SensitiveParameterValue), 'simrs')
 2 SYSTEMPATH\View\View.php(224): include('C:\\xampp8.2.4\\htdocs\\Clinicalpathway_Ci4\\app\\Views\\total\\total2.php')
 3 SYSTEMPATH\View\View.php(227): CodeIgniter\View\View->CodeIgniter\View\{closure}()
 4 SYSTEMPATH\Common.php(1176): CodeIgniter\View\View->render('total/total2', [], true)
 5 APPPATH\Views\diabetes-melitus.php(183): view('total/total2')
 6 SYSTEMPATH\View\View.php(224): include('C:\\xampp8.2.4\\htdocs\\Clinicalpathway_Ci4\\app\\Views\\diabetes-melitus.php')
 7 SYSTEMPATH\View\View.php(227): CodeIgniter\View\View->CodeIgniter\View\{closure}()
 8 SYSTEMPATH\Common.php(1176): CodeIgniter\View\View->render('diabetes-melitus', [], true)
 9 APPPATH\Views\kelas3.php(168): view('diabetes-melitus')
10 SYSTEMPATH\View\View.php(224): include('C:\\xampp8.2.4\\htdocs\\Clinicalpathway_Ci4\\app\\Views\\kelas3.php')
11 SYSTEMPATH\View\View.php(227): CodeIgniter\View\View->CodeIgniter\View\{closure}()
12 SYSTEMPATH\Common.php(1176): CodeIgniter\View\View->render('kelas3', [], true)
13 APPPATH\Views\detailpasien3.php(72): view('kelas3')
14 SYSTEMPATH\View\View.php(224): include('C:\\xampp8.2.4\\htdocs\\Clinicalpathway_Ci4\\app\\Views\\detailpasien3.php')
15 SYSTEMPATH\View\View.php(227): CodeIgniter\View\View->CodeIgniter\View\{closure}()
16 SYSTEMPATH\Common.php(1176): CodeIgniter\View\View->render('detailpasien3', [], true)
17 APPPATH\Controllers\DetailPasienController.php(4412): view('detailpasien3', [...])
18 SYSTEMPATH\CodeIgniter.php(932): App\Controllers\DetailPasienController->kelas3()
19 SYSTEMPATH\CodeIgniter.php(497): CodeIgniter\CodeIgniter->runController(Object(App\Controllers\DetailPasienController))
20 SYSTEMPATH\CodeIgniter.php(366): CodeIgniter\CodeIgniter->handleRequest(null, Object(Config\Cache), false)
21 FCPATH\index.php(67): CodeIgniter\CodeIgniter->run()
22 SYSTEMPATH\Commands\Server\rewrite.php(47): require_once('C:\\xampp8.2.4\\htdocs\\Clinicalpathway_Ci4\\public\\index.php')
ERROR - 2023-09-25 02:44:21 --> Error connecting to the database: mysqli_sql_exception: A connection attempt failed because the connected party did not properly respond after a period of time, or established connection failed because connected host has failed to respond in C:\xampp8.2.4\htdocs\Clinicalpathway_Ci4\vendor\codeigniter4\framework\system\Database\MySQLi\Connection.php:173
Stack trace:
#0 C:\xampp8.2.4\htdocs\Clinicalpathway_Ci4\vendor\codeigniter4\framework\system\Database\MySQLi\Connection.php(173): mysqli->real_connect('192.168.1.178', 'root', Object(SensitiveParameterValue), 'simrs', 3306, '', 0)
#1 C:\xampp8.2.4\htdocs\Clinicalpathway_Ci4\vendor\codeigniter4\framework\system\Database\BaseConnection.php(391): CodeIgniter\Database\MySQLi\Connection->connect(false)
#2 C:\xampp8.2.4\htdocs\Clinicalpathway_Ci4\vendor\codeigniter4\framework\system\Database\BaseConnection.php(574): CodeIgniter\Database\BaseConnection->initialize()
#3 C:\xampp8.2.4\htdocs\Clinicalpathway_Ci4\vendor\codeigniter4\framework\system\Database\BaseBuilder.php(1616): CodeIgniter\Database\BaseConnection->query('SELECT *\nFROM `...', Array, false)
#4 C:\xampp8.2.4\htdocs\Clinicalpathway_Ci4\vendor\codeigniter4\framework\system\Model.php(268): CodeIgniter\Database\BaseBuilder->get()
#5 C:\xampp8.2.4\htdocs\Clinicalpathway_Ci4\vendor\codeigniter4\framework\system\BaseModel.php(656): CodeIgniter\Model->doFirst()
#6 C:\xampp8.2.4\htdocs\Clinicalpathway_Ci4\app\Models\DetailPasienModel.php(15): CodeIgniter\BaseModel->first()
#7 C:\xampp8.2.4\htdocs\Clinicalpathway_Ci4\app\Controllers\DetailPasienController.php(3315): App\Models\DetailPasienModel->getDetailPasienData('007')
#8 C:\xampp8.2.4\htdocs\Clinicalpathway_Ci4\vendor\codeigniter4\framework\system\CodeIgniter.php(932): App\Controllers\DetailPasienController->kelas3()
#9 C:\xampp8.2.4\htdocs\Clinicalpathway_Ci4\vendor\codeigniter4\framework\system\CodeIgniter.php(497): CodeIgniter\CodeIgniter->runController(Object(App\Controllers\DetailPasienController))
#10 C:\xampp8.2.4\htdocs\Clinicalpathway_Ci4\vendor\codeigniter4\framework\system\CodeIgniter.php(366): CodeIgniter\CodeIgniter->handleRequest(NULL, Object(Config\Cache), false)
#11 C:\xampp8.2.4\htdocs\Clinicalpathway_Ci4\public\index.php(67): CodeIgniter\CodeIgniter->run()
#12 C:\xampp8.2.4\htdocs\Clinicalpathway_Ci4\vendor\codeigniter4\framework\system\Commands\Server\rewrite.php(47): require_once('C:\\xampp8.2.4\\h...')
#13 {main}

Next CodeIgniter\Database\Exceptions\DatabaseException: A connection attempt failed because the connected party did not properly respond after a period of time, or established connection failed because connected host has failed to respond in C:\xampp8.2.4\htdocs\Clinicalpathway_Ci4\vendor\codeigniter4\framework\system\Database\MySQLi\Connection.php:218
Stack trace:
#0 C:\xampp8.2.4\htdocs\Clinicalpathway_Ci4\vendor\codeigniter4\framework\system\Database\BaseConnection.php(391): CodeIgniter\Database\MySQLi\Connection->connect(false)
#1 C:\xampp8.2.4\htdocs\Clinicalpathway_Ci4\vendor\codeigniter4\framework\system\Database\BaseConnection.php(574): CodeIgniter\Database\BaseConnection->initialize()
#2 C:\xampp8.2.4\htdocs\Clinicalpathway_Ci4\vendor\codeigniter4\framework\system\Database\BaseBuilder.php(1616): CodeIgniter\Database\BaseConnection->query('SELECT *\nFROM `...', Array, false)
#3 C:\xampp8.2.4\htdocs\Clinicalpathway_Ci4\vendor\codeigniter4\framework\system\Model.php(268): CodeIgniter\Database\BaseBuilder->get()
#4 C:\xampp8.2.4\htdocs\Clinicalpathway_Ci4\vendor\codeigniter4\framework\system\BaseModel.php(656): CodeIgniter\Model->doFirst()
#5 C:\xampp8.2.4\htdocs\Clinicalpathway_Ci4\app\Models\DetailPasienModel.php(15): CodeIgniter\BaseModel->first()
#6 C:\xampp8.2.4\htdocs\Clinicalpathway_Ci4\app\Controllers\DetailPasienController.php(3315): App\Models\DetailPasienModel->getDetailPasienData('007')
#7 C:\xampp8.2.4\htdocs\Clinicalpathway_Ci4\vendor\codeigniter4\framework\system\CodeIgniter.php(932): App\Controllers\DetailPasienController->kelas3()
#8 C:\xampp8.2.4\htdocs\Clinicalpathway_Ci4\vendor\codeigniter4\framework\system\CodeIgniter.php(497): CodeIgniter\CodeIgniter->runController(Object(App\Controllers\DetailPasienController))
#9 C:\xampp8.2.4\htdocs\Clinicalpathway_Ci4\vendor\codeigniter4\framework\system\CodeIgniter.php(366): CodeIgniter\CodeIgniter->handleRequest(NULL, Object(Config\Cache), false)
#10 C:\xampp8.2.4\htdocs\Clinicalpathway_Ci4\public\index.php(67): CodeIgniter\CodeIgniter->run()
#11 C:\xampp8.2.4\htdocs\Clinicalpathway_Ci4\vendor\codeigniter4\framework\system\Commands\Server\rewrite.php(47): require_once('C:\\xampp8.2.4\\h...')
#12 {main}
CRITICAL - 2023-09-25 02:44:21 --> Unable to connect to the database.
Main connection [MySQLi]: A connection attempt failed because the connected party did not properly respond after a period of time, or established connection failed because connected host has failed to respond
in SYSTEMPATH\Database\BaseConnection.php on line 427.
 1 SYSTEMPATH\Database\BaseConnection.php(574): CodeIgniter\Database\BaseConnection->initialize()
 2 SYSTEMPATH\Database\BaseBuilder.php(1616): CodeIgniter\Database\BaseConnection->query('SELECT *
FROM `t_clinicalpathway`
WHERE `NOMR` = :NOMR:
 LIMIT 1', [...], false)
 3 SYSTEMPATH\Model.php(268): CodeIgniter\Database\BaseBuilder->get()
 4 SYSTEMPATH\BaseModel.php(656): CodeIgniter\Model->doFirst()
 5 APPPATH\Models\DetailPasienModel.php(15): CodeIgniter\BaseModel->first()
 6 APPPATH\Controllers\DetailPasienController.php(3315): App\Models\DetailPasienModel->getDetailPasienData('007')
 7 SYSTEMPATH\CodeIgniter.php(932): App\Controllers\DetailPasienController->kelas3()
 8 SYSTEMPATH\CodeIgniter.php(497): CodeIgniter\CodeIgniter->runController(Object(App\Controllers\DetailPasienController))
 9 SYSTEMPATH\CodeIgniter.php(366): CodeIgniter\CodeIgniter->handleRequest(null, Object(Config\Cache), false)
10 FCPATH\index.php(67): CodeIgniter\CodeIgniter->run()
11 SYSTEMPATH\Commands\Server\rewrite.php(47): require_once('C:\\xampp8.2.4\\htdocs\\Clinicalpathway_Ci4\\public\\index.php')
CRITICAL - 2023-09-25 03:06:04 --> A connection attempt failed because the connected party did not properly respond after a period of time, or established connection failed because connected host has failed to respond
in APPPATH\Views\total\total11.php on line 8.
 1 APPPATH\Views\total\total11.php(8): mysqli_connect('192.168.1.178', 'root', Object(SensitiveParameterValue), 'simrs')
 2 SYSTEMPATH\View\View.php(224): include('C:\\xampp8.2.4\\htdocs\\Clinicalpathway_Ci4\\app\\Views\\total\\total11.php')
 3 SYSTEMPATH\View\View.php(227): CodeIgniter\View\View->CodeIgniter\View\{closure}()
 4 SYSTEMPATH\Common.php(1176): CodeIgniter\View\View->render('total/total11', [], true)
 5 APPPATH\Views\kelas3.php(1038): view('total/total11')
 6 SYSTEMPATH\View\View.php(224): include('C:\\xampp8.2.4\\htdocs\\Clinicalpathway_Ci4\\app\\Views\\kelas3.php')
 7 SYSTEMPATH\View\View.php(227): CodeIgniter\View\View->CodeIgniter\View\{closure}()
 8 SYSTEMPATH\Common.php(1176): CodeIgniter\View\View->render('kelas3', [], true)
 9 APPPATH\Views\detailpasien3.php(72): view('kelas3')
10 SYSTEMPATH\View\View.php(224): include('C:\\xampp8.2.4\\htdocs\\Clinicalpathway_Ci4\\app\\Views\\detailpasien3.php')
11 SYSTEMPATH\View\View.php(227): CodeIgniter\View\View->CodeIgniter\View\{closure}()
12 SYSTEMPATH\Common.php(1176): CodeIgniter\View\View->render('detailpasien3', [], true)
13 APPPATH\Controllers\DetailPasienController.php(4412): view('detailpasien3', [...])
14 SYSTEMPATH\CodeIgniter.php(932): App\Controllers\DetailPasienController->kelas3()
15 SYSTEMPATH\CodeIgniter.php(497): CodeIgniter\CodeIgniter->runController(Object(App\Controllers\DetailPasienController))
16 SYSTEMPATH\CodeIgniter.php(366): CodeIgniter\CodeIgniter->handleRequest(null, Object(Config\Cache), false)
17 FCPATH\index.php(67): CodeIgniter\CodeIgniter->run()
18 SYSTEMPATH\Commands\Server\rewrite.php(47): require_once('C:\\xampp8.2.4\\htdocs\\Clinicalpathway_Ci4\\public\\index.php')
CRITICAL - 2023-09-25 04:06:01 --> Invalid file: "cerebral_infarction.php"
in SYSTEMPATH\Exceptions\FrameworkException.php on line 33.
 1 SYSTEMPATH\View\View.php(212): CodeIgniter\Exceptions\FrameworkException::forInvalidFile('cerebral_infarction.php')
 2 SYSTEMPATH\Common.php(1176): CodeIgniter\View\View->render('cerebral_infarction', [], true)
 3 APPPATH\Controllers\DetailPasienController.php(5016): view('cerebral_infarction', [])
 4 SYSTEMPATH\CodeIgniter.php(932): App\Controllers\DetailPasienController->loadDXView()
 5 SYSTEMPATH\CodeIgniter.php(497): CodeIgniter\CodeIgniter->runController(Object(App\Controllers\DetailPasienController))
 6 SYSTEMPATH\CodeIgniter.php(366): CodeIgniter\CodeIgniter->handleRequest(null, Object(Config\Cache), false)
 7 FCPATH\index.php(67): CodeIgniter\CodeIgniter->run()
 8 SYSTEMPATH\Commands\Server\rewrite.php(47): require_once('C:\\xampp8.2.4\\htdocs\\Clinicalpathway_Ci4\\public\\index.php')
CRITICAL - 2023-09-25 04:06:58 --> Invalid file: "diabetes_melitus.php"
in SYSTEMPATH\Exceptions\FrameworkException.php on line 33.
 1 SYSTEMPATH\View\View.php(212): CodeIgniter\Exceptions\FrameworkException::forInvalidFile('diabetes_melitus.php')
 2 SYSTEMPATH\Common.php(1176): CodeIgniter\View\View->render('diabetes_melitus', [], true)
 3 APPPATH\Controllers\DetailPasienController.php(5016): view('diabetes_melitus', [])
 4 SYSTEMPATH\CodeIgniter.php(932): App\Controllers\DetailPasienController->loadDXView()
 5 SYSTEMPATH\CodeIgniter.php(497): CodeIgniter\CodeIgniter->runController(Object(App\Controllers\DetailPasienController))
 6 SYSTEMPATH\CodeIgniter.php(366): CodeIgniter\CodeIgniter->handleRequest(null, Object(Config\Cache), false)
 7 FCPATH\index.php(67): CodeIgniter\CodeIgniter->run()
 8 SYSTEMPATH\Commands\Server\rewrite.php(47): require_once('C:\\xampp8.2.4\\htdocs\\Clinicalpathway_Ci4\\public\\index.php')
CRITICAL - 2023-09-25 04:09:46 --> Invalid file: "cerebral_infarction.php"
in SYSTEMPATH\Exceptions\FrameworkException.php on line 33.
 1 SYSTEMPATH\View\View.php(212): CodeIgniter\Exceptions\FrameworkException::forInvalidFile('cerebral_infarction.php')
 2 SYSTEMPATH\Common.php(1176): CodeIgniter\View\View->render('cerebral_infarction', [], true)
 3 APPPATH\Controllers\DetailPasienController.php(5016): view('cerebral_infarction', [])
 4 SYSTEMPATH\CodeIgniter.php(932): App\Controllers\DetailPasienController->loadDXView()
 5 SYSTEMPATH\CodeIgniter.php(497): CodeIgniter\CodeIgniter->runController(Object(App\Controllers\DetailPasienController))
 6 SYSTEMPATH\CodeIgniter.php(366): CodeIgniter\CodeIgniter->handleRequest(null, Object(Config\Cache), false)
 7 FCPATH\index.php(67): CodeIgniter\CodeIgniter->run()
 8 SYSTEMPATH\Commands\Server\rewrite.php(47): require_once('C:\\xampp8.2.4\\htdocs\\Clinicalpathway_Ci4\\public\\index.php')
CRITICAL - 2023-09-25 04:09:51 --> Invalid file: "diabetes_melitus.php"
in SYSTEMPATH\Exceptions\FrameworkException.php on line 33.
 1 SYSTEMPATH\View\View.php(212): CodeIgniter\Exceptions\FrameworkException::forInvalidFile('diabetes_melitus.php')
 2 SYSTEMPATH\Common.php(1176): CodeIgniter\View\View->render('diabetes_melitus.php', [], true)
 3 APPPATH\Controllers\DetailPasienController.php(5016): view('diabetes_melitus.php', [])
 4 SYSTEMPATH\CodeIgniter.php(932): App\Controllers\DetailPasienController->loadDXView()
 5 SYSTEMPATH\CodeIgniter.php(497): CodeIgniter\CodeIgniter->runController(Object(App\Controllers\DetailPasienController))
 6 SYSTEMPATH\CodeIgniter.php(366): CodeIgniter\CodeIgniter->handleRequest(null, Object(Config\Cache), false)
 7 FCPATH\index.php(67): CodeIgniter\CodeIgniter->run()
 8 SYSTEMPATH\Commands\Server\rewrite.php(47): require_once('C:\\xampp8.2.4\\htdocs\\Clinicalpathway_Ci4\\public\\index.php')
CRITICAL - 2023-09-25 04:11:02 --> Invalid file: "cerebral_infarction.php"
in SYSTEMPATH\Exceptions\FrameworkException.php on line 33.
 1 SYSTEMPATH\View\View.php(212): CodeIgniter\Exceptions\FrameworkException::forInvalidFile('cerebral_infarction.php')
 2 SYSTEMPATH\Common.php(1176): CodeIgniter\View\View->render('cerebral_infarction', [], true)
 3 APPPATH\Controllers\DetailPasienController.php(5016): view('cerebral_infarction', [])
 4 SYSTEMPATH\CodeIgniter.php(932): App\Controllers\DetailPasienController->loadDXView()
 5 SYSTEMPATH\CodeIgniter.php(497): CodeIgniter\CodeIgniter->runController(Object(App\Controllers\DetailPasienController))
 6 SYSTEMPATH\CodeIgniter.php(366): CodeIgniter\CodeIgniter->handleRequest(null, Object(Config\Cache), false)
 7 FCPATH\index.php(67): CodeIgniter\CodeIgniter->run()
 8 SYSTEMPATH\Commands\Server\rewrite.php(47): require_once('C:\\xampp8.2.4\\htdocs\\Clinicalpathway_Ci4\\public\\index.php')
CRITICAL - 2023-09-25 04:11:05 --> Invalid file: "diabetes_melitus.php"
in SYSTEMPATH\Exceptions\FrameworkException.php on line 33.
 1 SYSTEMPATH\View\View.php(212): CodeIgniter\Exceptions\FrameworkException::forInvalidFile('diabetes_melitus.php')
 2 SYSTEMPATH\Common.php(1176): CodeIgniter\View\View->render('diabetes_melitus.php', [], true)
 3 APPPATH\Controllers\DetailPasienController.php(5016): view('diabetes_melitus.php', [])
 4 SYSTEMPATH\CodeIgniter.php(932): App\Controllers\DetailPasienController->loadDXView()
 5 SYSTEMPATH\CodeIgniter.php(497): CodeIgniter\CodeIgniter->runController(Object(App\Controllers\DetailPasienController))
 6 SYSTEMPATH\CodeIgniter.php(366): CodeIgniter\CodeIgniter->handleRequest(null, Object(Config\Cache), false)
 7 FCPATH\index.php(67): CodeIgniter\CodeIgniter->run()
 8 SYSTEMPATH\Commands\Server\rewrite.php(47): require_once('C:\\xampp8.2.4\\htdocs\\Clinicalpathway_Ci4\\public\\index.php')
CRITICAL - 2023-09-25 04:12:24 --> Invalid file: "diabetes_melitus.php"
in SYSTEMPATH\Exceptions\FrameworkException.php on line 33.
 1 SYSTEMPATH\View\View.php(212): CodeIgniter\Exceptions\FrameworkException::forInvalidFile('diabetes_melitus.php')
 2 SYSTEMPATH\Common.php(1176): CodeIgniter\View\View->render('diabetes_melitus.php', [], true)
 3 APPPATH\Controllers\DetailPasienController.php(5016): view('diabetes_melitus.php', [])
 4 SYSTEMPATH\CodeIgniter.php(932): App\Controllers\DetailPasienController->loadDXView()
 5 SYSTEMPATH\CodeIgniter.php(497): CodeIgniter\CodeIgniter->runController(Object(App\Controllers\DetailPasienController))
 6 SYSTEMPATH\CodeIgniter.php(366): CodeIgniter\CodeIgniter->handleRequest(null, Object(Config\Cache), false)
 7 FCPATH\index.php(67): CodeIgniter\CodeIgniter->run()
 8 SYSTEMPATH\Commands\Server\rewrite.php(47): require_once('C:\\xampp8.2.4\\htdocs\\Clinicalpathway_Ci4\\public\\index.php')
CRITICAL - 2023-09-25 04:13:33 --> Invalid file: "diabetes_melitus.php"
in SYSTEMPATH\Exceptions\FrameworkException.php on line 33.
 1 SYSTEMPATH\View\View.php(212): CodeIgniter\Exceptions\FrameworkException::forInvalidFile('diabetes_melitus.php')
 2 SYSTEMPATH\Common.php(1176): CodeIgniter\View\View->render('diabetes_melitus', [], true)
 3 APPPATH\Controllers\DetailPasienController.php(5016): view('diabetes_melitus', [])
 4 SYSTEMPATH\CodeIgniter.php(932): App\Controllers\DetailPasienController->loadDXView()
 5 SYSTEMPATH\CodeIgniter.php(497): CodeIgniter\CodeIgniter->runController(Object(App\Controllers\DetailPasienController))
 6 SYSTEMPATH\CodeIgniter.php(366): CodeIgniter\CodeIgniter->handleRequest(null, Object(Config\Cache), false)
 7 FCPATH\index.php(67): CodeIgniter\CodeIgniter->run()
 8 SYSTEMPATH\Commands\Server\rewrite.php(47): require_once('C:\\xampp8.2.4\\htdocs\\Clinicalpathway_Ci4\\public\\index.php')
CRITICAL - 2023-09-25 04:14:21 --> Invalid file: "diabetes_melitus.php"
in SYSTEMPATH\Exceptions\FrameworkException.php on line 33.
 1 SYSTEMPATH\View\View.php(212): CodeIgniter\Exceptions\FrameworkException::forInvalidFile('diabetes_melitus.php')
 2 SYSTEMPATH\Common.php(1176): CodeIgniter\View\View->render('diabetes_melitus', [], true)
 3 APPPATH\Controllers\DetailPasienController.php(5016): view('diabetes_melitus', [])
 4 SYSTEMPATH\CodeIgniter.php(932): App\Controllers\DetailPasienController->loadDXView()
 5 SYSTEMPATH\CodeIgniter.php(497): CodeIgniter\CodeIgniter->runController(Object(App\Controllers\DetailPasienController))
 6 SYSTEMPATH\CodeIgniter.php(366): CodeIgniter\CodeIgniter->handleRequest(null, Object(Config\Cache), false)
 7 FCPATH\index.php(67): CodeIgniter\CodeIgniter->run()
 8 SYSTEMPATH\Commands\Server\rewrite.php(47): require_once('C:\\xampp8.2.4\\htdocs\\Clinicalpathway_Ci4\\public\\index.php')
CRITICAL - 2023-09-25 04:14:54 --> Undefined variable $nomr
in APPPATH\Views\intracerebral_haemorrhage.php on line 25.
 1 APPPATH\Views\intracerebral_haemorrhage.php(25): CodeIgniter\Debug\Exceptions->errorHandler(2, 'Undefined variable $nomr', 'C:\\xampp8.2.4\\htdocs\\Clinicalpathway_Ci4\\app\\Views\\intracerebral_haemorrhage.php', 25)
 2 SYSTEMPATH\View\View.php(224): include('C:\\xampp8.2.4\\htdocs\\Clinicalpathway_Ci4\\app\\Views\\intracerebral_haemorrhage.php')
 3 SYSTEMPATH\View\View.php(227): CodeIgniter\View\View->CodeIgniter\View\{closure}()
 4 SYSTEMPATH\Common.php(1176): CodeIgniter\View\View->render('intracerebral_haemorrhage', [], true)
 5 APPPATH\Controllers\DetailPasienController.php(5016): view('intracerebral_haemorrhage', [])
 6 SYSTEMPATH\CodeIgniter.php(932): App\Controllers\DetailPasienController->loadDXView()
 7 SYSTEMPATH\CodeIgniter.php(497): CodeIgniter\CodeIgniter->runController(Object(App\Controllers\DetailPasienController))
 8 SYSTEMPATH\CodeIgniter.php(366): CodeIgniter\CodeIgniter->handleRequest(null, Object(Config\Cache), false)
 9 FCPATH\index.php(67): CodeIgniter\CodeIgniter->run()
10 SYSTEMPATH\Commands\Server\rewrite.php(47): require_once('C:\\xampp8.2.4\\htdocs\\Clinicalpathway_Ci4\\public\\index.php')
CRITICAL - 2023-09-25 04:16:26 --> Undefined variable $nomr
in APPPATH\Views\intracerebral_haemorrhage.php on line 25.
 1 APPPATH\Views\intracerebral_haemorrhage.php(25): CodeIgniter\Debug\Exceptions->errorHandler(2, 'Undefined variable $nomr', 'C:\\xampp8.2.4\\htdocs\\Clinicalpathway_Ci4\\app\\Views\\intracerebral_haemorrhage.php', 25)
 2 SYSTEMPATH\View\View.php(224): include('C:\\xampp8.2.4\\htdocs\\Clinicalpathway_Ci4\\app\\Views\\intracerebral_haemorrhage.php')
 3 SYSTEMPATH\View\View.php(227): CodeIgniter\View\View->CodeIgniter\View\{closure}()
 4 SYSTEMPATH\Common.php(1176): CodeIgniter\View\View->render('intracerebral_haemorrhage', [], true)
 5 APPPATH\Controllers\DetailPasienController.php(5016): view('intracerebral_haemorrhage', [])
 6 SYSTEMPATH\CodeIgniter.php(932): App\Controllers\DetailPasienController->loadDXView()
 7 SYSTEMPATH\CodeIgniter.php(497): CodeIgniter\CodeIgniter->runController(Object(App\Controllers\DetailPasienController))
 8 SYSTEMPATH\CodeIgniter.php(366): CodeIgniter\CodeIgniter->handleRequest(null, Object(Config\Cache), false)
 9 FCPATH\index.php(67): CodeIgniter\CodeIgniter->run()
10 SYSTEMPATH\Commands\Server\rewrite.php(47): require_once('C:\\xampp8.2.4\\htdocs\\Clinicalpathway_Ci4\\public\\index.php')
CRITICAL - 2023-09-25 04:16:28 --> Invalid file: "diabetes_melitus.php"
in SYSTEMPATH\Exceptions\FrameworkException.php on line 33.
 1 SYSTEMPATH\View\View.php(212): CodeIgniter\Exceptions\FrameworkException::forInvalidFile('diabetes_melitus.php')
 2 SYSTEMPATH\Common.php(1176): CodeIgniter\View\View->render('diabetes_melitus', [], true)
 3 APPPATH\Controllers\DetailPasienController.php(5016): view('diabetes_melitus', [])
 4 SYSTEMPATH\CodeIgniter.php(932): App\Controllers\DetailPasienController->loadDXView()
 5 SYSTEMPATH\CodeIgniter.php(497): CodeIgniter\CodeIgniter->runController(Object(App\Controllers\DetailPasienController))
 6 SYSTEMPATH\CodeIgniter.php(366): CodeIgniter\CodeIgniter->handleRequest(null, Object(Config\Cache), false)
 7 FCPATH\index.php(67): CodeIgniter\CodeIgniter->run()
 8 SYSTEMPATH\Commands\Server\rewrite.php(47): require_once('C:\\xampp8.2.4\\htdocs\\Clinicalpathway_Ci4\\public\\index.php')
CRITICAL - 2023-09-25 04:16:55 --> Undefined variable $nomr
in APPPATH\Views\intracerebral_haemorrhage.php on line 25.
 1 APPPATH\Views\intracerebral_haemorrhage.php(25): CodeIgniter\Debug\Exceptions->errorHandler(2, 'Undefined variable $nomr', 'C:\\xampp8.2.4\\htdocs\\Clinicalpathway_Ci4\\app\\Views\\intracerebral_haemorrhage.php', 25)
 2 SYSTEMPATH\View\View.php(224): include('C:\\xampp8.2.4\\htdocs\\Clinicalpathway_Ci4\\app\\Views\\intracerebral_haemorrhage.php')
 3 SYSTEMPATH\View\View.php(227): CodeIgniter\View\View->CodeIgniter\View\{closure}()
 4 SYSTEMPATH\Common.php(1176): CodeIgniter\View\View->render('intracerebral_haemorrhage', [], true)
 5 APPPATH\Controllers\DetailPasienController.php(5016): view('intracerebral_haemorrhage', [])
 6 SYSTEMPATH\CodeIgniter.php(932): App\Controllers\DetailPasienController->loadDXView()
 7 SYSTEMPATH\CodeIgniter.php(497): CodeIgniter\CodeIgniter->runController(Object(App\Controllers\DetailPasienController))
 8 SYSTEMPATH\CodeIgniter.php(366): CodeIgniter\CodeIgniter->handleRequest(null, Object(Config\Cache), false)
 9 FCPATH\index.php(67): CodeIgniter\CodeIgniter->run()
10 SYSTEMPATH\Commands\Server\rewrite.php(47): require_once('C:\\xampp8.2.4\\htdocs\\Clinicalpathway_Ci4\\public\\index.php')
CRITICAL - 2023-09-25 04:16:59 --> Undefined variable $nomr
in APPPATH\Views\intracerebral_haemorrhage.php on line 25.
 1 APPPATH\Views\intracerebral_haemorrhage.php(25): CodeIgniter\Debug\Exceptions->errorHandler(2, 'Undefined variable $nomr', 'C:\\xampp8.2.4\\htdocs\\Clinicalpathway_Ci4\\app\\Views\\intracerebral_haemorrhage.php', 25)
 2 SYSTEMPATH\View\View.php(224): include('C:\\xampp8.2.4\\htdocs\\Clinicalpathway_Ci4\\app\\Views\\intracerebral_haemorrhage.php')
 3 SYSTEMPATH\View\View.php(227): CodeIgniter\View\View->CodeIgniter\View\{closure}()
 4 SYSTEMPATH\Common.php(1176): CodeIgniter\View\View->render('intracerebral_haemorrhage', [], true)
 5 APPPATH\Controllers\DetailPasienController.php(5016): view('intracerebral_haemorrhage', [])
 6 SYSTEMPATH\CodeIgniter.php(932): App\Controllers\DetailPasienController->loadDXView()
 7 SYSTEMPATH\CodeIgniter.php(497): CodeIgniter\CodeIgniter->runController(Object(App\Controllers\DetailPasienController))
 8 SYSTEMPATH\CodeIgniter.php(366): CodeIgniter\CodeIgniter->handleRequest(null, Object(Config\Cache), false)
 9 FCPATH\index.php(67): CodeIgniter\CodeIgniter->run()
10 SYSTEMPATH\Commands\Server\rewrite.php(47): require_once('C:\\xampp8.2.4\\htdocs\\Clinicalpathway_Ci4\\public\\index.php')
CRITICAL - 2023-09-25 04:17:01 --> Invalid file: "diabetes_melitus.php"
in SYSTEMPATH\Exceptions\FrameworkException.php on line 33.
 1 SYSTEMPATH\View\View.php(212): CodeIgniter\Exceptions\FrameworkException::forInvalidFile('diabetes_melitus.php')
 2 SYSTEMPATH\Common.php(1176): CodeIgniter\View\View->render('diabetes_melitus', [], true)
 3 APPPATH\Controllers\DetailPasienController.php(5016): view('diabetes_melitus', [])
 4 SYSTEMPATH\CodeIgniter.php(932): App\Controllers\DetailPasienController->loadDXView()
 5 SYSTEMPATH\CodeIgniter.php(497): CodeIgniter\CodeIgniter->runController(Object(App\Controllers\DetailPasienController))
 6 SYSTEMPATH\CodeIgniter.php(366): CodeIgniter\CodeIgniter->handleRequest(null, Object(Config\Cache), false)
 7 FCPATH\index.php(67): CodeIgniter\CodeIgniter->run()
 8 SYSTEMPATH\Commands\Server\rewrite.php(47): require_once('C:\\xampp8.2.4\\htdocs\\Clinicalpathway_Ci4\\public\\index.php')
CRITICAL - 2023-09-25 04:17:03 --> Undefined variable $nomr
in APPPATH\Views\intracerebral_haemorrhage.php on line 25.
 1 APPPATH\Views\intracerebral_haemorrhage.php(25): CodeIgniter\Debug\Exceptions->errorHandler(2, 'Undefined variable $nomr', 'C:\\xampp8.2.4\\htdocs\\Clinicalpathway_Ci4\\app\\Views\\intracerebral_haemorrhage.php', 25)
 2 SYSTEMPATH\View\View.php(224): include('C:\\xampp8.2.4\\htdocs\\Clinicalpathway_Ci4\\app\\Views\\intracerebral_haemorrhage.php')
 3 SYSTEMPATH\View\View.php(227): CodeIgniter\View\View->CodeIgniter\View\{closure}()
 4 SYSTEMPATH\Common.php(1176): CodeIgniter\View\View->render('intracerebral_haemorrhage', [], true)
 5 APPPATH\Controllers\DetailPasienController.php(5016): view('intracerebral_haemorrhage', [])
 6 SYSTEMPATH\CodeIgniter.php(932): App\Controllers\DetailPasienController->loadDXView()
 7 SYSTEMPATH\CodeIgniter.php(497): CodeIgniter\CodeIgniter->runController(Object(App\Controllers\DetailPasienController))
 8 SYSTEMPATH\CodeIgniter.php(366): CodeIgniter\CodeIgniter->handleRequest(null, Object(Config\Cache), false)
 9 FCPATH\index.php(67): CodeIgniter\CodeIgniter->run()
10 SYSTEMPATH\Commands\Server\rewrite.php(47): require_once('C:\\xampp8.2.4\\htdocs\\Clinicalpathway_Ci4\\public\\index.php')
CRITICAL - 2023-09-25 04:19:19 --> Undefined variable $nomr
in APPPATH\Views\intracerebral_haemorrhage.php on line 25.
 1 APPPATH\Views\intracerebral_haemorrhage.php(25): CodeIgniter\Debug\Exceptions->errorHandler(2, 'Undefined variable $nomr', 'C:\\xampp8.2.4\\htdocs\\Clinicalpathway_Ci4\\app\\Views\\intracerebral_haemorrhage.php', 25)
 2 SYSTEMPATH\View\View.php(224): include('C:\\xampp8.2.4\\htdocs\\Clinicalpathway_Ci4\\app\\Views\\intracerebral_haemorrhage.php')
 3 SYSTEMPATH\View\View.php(227): CodeIgniter\View\View->CodeIgniter\View\{closure}()
 4 SYSTEMPATH\Common.php(1176): CodeIgniter\View\View->render('intracerebral_haemorrhage', [], true)
 5 APPPATH\Controllers\DetailPasienController.php(5016): view('intracerebral_haemorrhage', [])
 6 SYSTEMPATH\CodeIgniter.php(932): App\Controllers\DetailPasienController->loadDXView()
 7 SYSTEMPATH\CodeIgniter.php(497): CodeIgniter\CodeIgniter->runController(Object(App\Controllers\DetailPasienController))
 8 SYSTEMPATH\CodeIgniter.php(366): CodeIgniter\CodeIgniter->handleRequest(null, Object(Config\Cache), false)
 9 FCPATH\index.php(67): CodeIgniter\CodeIgniter->run()
10 SYSTEMPATH\Commands\Server\rewrite.php(47): require_once('C:\\xampp8.2.4\\htdocs\\Clinicalpathway_Ci4\\public\\index.php')
CRITICAL - 2023-09-25 04:19:21 --> Invalid file: "diabetes_melitus.php"
in SYSTEMPATH\Exceptions\FrameworkException.php on line 33.
 1 SYSTEMPATH\View\View.php(212): CodeIgniter\Exceptions\FrameworkException::forInvalidFile('diabetes_melitus.php')
 2 SYSTEMPATH\Common.php(1176): CodeIgniter\View\View->render('diabetes_melitus', [], true)
 3 APPPATH\Controllers\DetailPasienController.php(5016): view('diabetes_melitus', [])
 4 SYSTEMPATH\CodeIgniter.php(932): App\Controllers\DetailPasienController->loadDXView()
 5 SYSTEMPATH\CodeIgniter.php(497): CodeIgniter\CodeIgniter->runController(Object(App\Controllers\DetailPasienController))
 6 SYSTEMPATH\CodeIgniter.php(366): CodeIgniter\CodeIgniter->handleRequest(null, Object(Config\Cache), false)
 7 FCPATH\index.php(67): CodeIgniter\CodeIgniter->run()
 8 SYSTEMPATH\Commands\Server\rewrite.php(47): require_once('C:\\xampp8.2.4\\htdocs\\Clinicalpathway_Ci4\\public\\index.php')
CRITICAL - 2023-09-25 04:19:30 --> Undefined variable $nomr
in APPPATH\Views\intracerebral_haemorrhage.php on line 25.
 1 APPPATH\Views\intracerebral_haemorrhage.php(25): CodeIgniter\Debug\Exceptions->errorHandler(2, 'Undefined variable $nomr', 'C:\\xampp8.2.4\\htdocs\\Clinicalpathway_Ci4\\app\\Views\\intracerebral_haemorrhage.php', 25)
 2 SYSTEMPATH\View\View.php(224): include('C:\\xampp8.2.4\\htdocs\\Clinicalpathway_Ci4\\app\\Views\\intracerebral_haemorrhage.php')
 3 SYSTEMPATH\View\View.php(227): CodeIgniter\View\View->CodeIgniter\View\{closure}()
 4 SYSTEMPATH\Common.php(1176): CodeIgniter\View\View->render('intracerebral_haemorrhage', [], true)
 5 APPPATH\Controllers\DetailPasienController.php(5016): view('intracerebral_haemorrhage', [])
 6 SYSTEMPATH\CodeIgniter.php(932): App\Controllers\DetailPasienController->loadDXView()
 7 SYSTEMPATH\CodeIgniter.php(497): CodeIgniter\CodeIgniter->runController(Object(App\Controllers\DetailPasienController))
 8 SYSTEMPATH\CodeIgniter.php(366): CodeIgniter\CodeIgniter->handleRequest(null, Object(Config\Cache), false)
 9 FCPATH\index.php(67): CodeIgniter\CodeIgniter->run()
10 SYSTEMPATH\Commands\Server\rewrite.php(47): require_once('C:\\xampp8.2.4\\htdocs\\Clinicalpathway_Ci4\\public\\index.php')
CRITICAL - 2023-09-25 04:22:00 --> Too few arguments to function App\Controllers\DetailPasienController::loadDXView(), 0 passed in C:\xampp8.2.4\htdocs\Clinicalpathway_Ci4\vendor\codeigniter4\framework\system\CodeIgniter.php on line 932 and exactly 1 expected
in APPPATH\Controllers\DetailPasienController.php on line 4991.
 1 SYSTEMPATH\CodeIgniter.php(932): App\Controllers\DetailPasienController->loadDXView()
 2 SYSTEMPATH\CodeIgniter.php(497): CodeIgniter\CodeIgniter->runController(Object(App\Controllers\DetailPasienController))
 3 SYSTEMPATH\CodeIgniter.php(366): CodeIgniter\CodeIgniter->handleRequest(null, Object(Config\Cache), false)
 4 FCPATH\index.php(67): CodeIgniter\CodeIgniter->run()
 5 SYSTEMPATH\Commands\Server\rewrite.php(47): require_once('C:\\xampp8.2.4\\htdocs\\Clinicalpathway_Ci4\\public\\index.php')
CRITICAL - 2023-09-25 04:22:05 --> Too few arguments to function App\Controllers\DetailPasienController::loadDXView(), 0 passed in C:\xampp8.2.4\htdocs\Clinicalpathway_Ci4\vendor\codeigniter4\framework\system\CodeIgniter.php on line 932 and exactly 1 expected
in APPPATH\Controllers\DetailPasienController.php on line 4991.
 1 SYSTEMPATH\CodeIgniter.php(932): App\Controllers\DetailPasienController->loadDXView()
 2 SYSTEMPATH\CodeIgniter.php(497): CodeIgniter\CodeIgniter->runController(Object(App\Controllers\DetailPasienController))
 3 SYSTEMPATH\CodeIgniter.php(366): CodeIgniter\CodeIgniter->handleRequest(null, Object(Config\Cache), false)
 4 FCPATH\index.php(67): CodeIgniter\CodeIgniter->run()
 5 SYSTEMPATH\Commands\Server\rewrite.php(47): require_once('C:\\xampp8.2.4\\htdocs\\Clinicalpathway_Ci4\\public\\index.php')
CRITICAL - 2023-09-25 04:22:10 --> Too few arguments to function App\Controllers\DetailPasienController::loadDXView(), 0 passed in C:\xampp8.2.4\htdocs\Clinicalpathway_Ci4\vendor\codeigniter4\framework\system\CodeIgniter.php on line 932 and exactly 1 expected
in APPPATH\Controllers\DetailPasienController.php on line 4991.
 1 SYSTEMPATH\CodeIgniter.php(932): App\Controllers\DetailPasienController->loadDXView()
 2 SYSTEMPATH\CodeIgniter.php(497): CodeIgniter\CodeIgniter->runController(Object(App\Controllers\DetailPasienController))
 3 SYSTEMPATH\CodeIgniter.php(366): CodeIgniter\CodeIgniter->handleRequest(null, Object(Config\Cache), false)
 4 FCPATH\index.php(67): CodeIgniter\CodeIgniter->run()
 5 SYSTEMPATH\Commands\Server\rewrite.php(47): require_once('C:\\xampp8.2.4\\htdocs\\Clinicalpathway_Ci4\\public\\index.php')
CRITICAL - 2023-09-25 04:22:13 --> Too few arguments to function App\Controllers\DetailPasienController::loadDXView(), 0 passed in C:\xampp8.2.4\htdocs\Clinicalpathway_Ci4\vendor\codeigniter4\framework\system\CodeIgniter.php on line 932 and exactly 1 expected
in APPPATH\Controllers\DetailPasienController.php on line 4991.
 1 SYSTEMPATH\CodeIgniter.php(932): App\Controllers\DetailPasienController->loadDXView()
 2 SYSTEMPATH\CodeIgniter.php(497): CodeIgniter\CodeIgniter->runController(Object(App\Controllers\DetailPasienController))
 3 SYSTEMPATH\CodeIgniter.php(366): CodeIgniter\CodeIgniter->handleRequest(null, Object(Config\Cache), false)
 4 FCPATH\index.php(67): CodeIgniter\CodeIgniter->run()
 5 SYSTEMPATH\Commands\Server\rewrite.php(47): require_once('C:\\xampp8.2.4\\htdocs\\Clinicalpathway_Ci4\\public\\index.php')
CRITICAL - 2023-09-25 04:22:17 --> Too few arguments to function App\Controllers\DetailPasienController::loadDXView(), 0 passed in C:\xampp8.2.4\htdocs\Clinicalpathway_Ci4\vendor\codeigniter4\framework\system\CodeIgniter.php on line 932 and exactly 1 expected
in APPPATH\Controllers\DetailPasienController.php on line 4991.
 1 SYSTEMPATH\CodeIgniter.php(932): App\Controllers\DetailPasienController->loadDXView()
 2 SYSTEMPATH\CodeIgniter.php(497): CodeIgniter\CodeIgniter->runController(Object(App\Controllers\DetailPasienController))
 3 SYSTEMPATH\CodeIgniter.php(366): CodeIgniter\CodeIgniter->handleRequest(null, Object(Config\Cache), false)
 4 FCPATH\index.php(67): CodeIgniter\CodeIgniter->run()
 5 SYSTEMPATH\Commands\Server\rewrite.php(47): require_once('C:\\xampp8.2.4\\htdocs\\Clinicalpathway_Ci4\\public\\index.php')
CRITICAL - 2023-09-25 04:22:21 --> Too few arguments to function App\Controllers\DetailPasienController::loadDXView(), 0 passed in C:\xampp8.2.4\htdocs\Clinicalpathway_Ci4\vendor\codeigniter4\framework\system\CodeIgniter.php on line 932 and exactly 1 expected
in APPPATH\Controllers\DetailPasienController.php on line 4991.
 1 SYSTEMPATH\CodeIgniter.php(932): App\Controllers\DetailPasienController->loadDXView()
 2 SYSTEMPATH\CodeIgniter.php(497): CodeIgniter\CodeIgniter->runController(Object(App\Controllers\DetailPasienController))
 3 SYSTEMPATH\CodeIgniter.php(366): CodeIgniter\CodeIgniter->handleRequest(null, Object(Config\Cache), false)
 4 FCPATH\index.php(67): CodeIgniter\CodeIgniter->run()
 5 SYSTEMPATH\Commands\Server\rewrite.php(47): require_once('C:\\xampp8.2.4\\htdocs\\Clinicalpathway_Ci4\\public\\index.php')
CRITICAL - 2023-09-25 04:22:24 --> Too few arguments to function App\Controllers\DetailPasienController::loadDXView(), 0 passed in C:\xampp8.2.4\htdocs\Clinicalpathway_Ci4\vendor\codeigniter4\framework\system\CodeIgniter.php on line 932 and exactly 1 expected
in APPPATH\Controllers\DetailPasienController.php on line 4991.
 1 SYSTEMPATH\CodeIgniter.php(932): App\Controllers\DetailPasienController->loadDXView()
 2 SYSTEMPATH\CodeIgniter.php(497): CodeIgniter\CodeIgniter->runController(Object(App\Controllers\DetailPasienController))
 3 SYSTEMPATH\CodeIgniter.php(366): CodeIgniter\CodeIgniter->handleRequest(null, Object(Config\Cache), false)
 4 FCPATH\index.php(67): CodeIgniter\CodeIgniter->run()
 5 SYSTEMPATH\Commands\Server\rewrite.php(47): require_once('C:\\xampp8.2.4\\htdocs\\Clinicalpathway_Ci4\\public\\index.php')
ERROR - 2023-09-25 14:47:27 --> Error connecting to the database: mysqli_sql_exception: A connection attempt failed because the connected party did not properly respond after a period of time, or established connection failed because connected host has failed to respond in C:\xampp8.2.4\htdocs\Clinicalpathway_Ci4\vendor\codeigniter4\framework\system\Database\MySQLi\Connection.php:173
Stack trace:
#0 C:\xampp8.2.4\htdocs\Clinicalpathway_Ci4\vendor\codeigniter4\framework\system\Database\MySQLi\Connection.php(173): mysqli->real_connect('192.168.1.178', 'root', Object(SensitiveParameterValue), 'simrs', 3306, '', 0)
#1 C:\xampp8.2.4\htdocs\Clinicalpathway_Ci4\vendor\codeigniter4\framework\system\Database\BaseConnection.php(391): CodeIgniter\Database\MySQLi\Connection->connect(false)
#2 C:\xampp8.2.4\htdocs\Clinicalpathway_Ci4\vendor\codeigniter4\framework\system\Database\BaseConnection.php(574): CodeIgniter\Database\BaseConnection->initialize()
#3 C:\xampp8.2.4\htdocs\Clinicalpathway_Ci4\vendor\codeigniter4\framework\system\Database\BaseBuilder.php(1700): CodeIgniter\Database\BaseConnection->query('SELECT COUNT(*)...', Array, false)
#4 C:\xampp8.2.4\htdocs\Clinicalpathway_Ci4\vendor\codeigniter4\framework\system\Model.php(606): CodeIgniter\Database\BaseBuilder->countAllResults(true)
#5 C:\xampp8.2.4\htdocs\Clinicalpathway_Ci4\app\Models\LoginModel.php(18): CodeIgniter\Model->countAllResults()
#6 C:\xampp8.2.4\htdocs\Clinicalpathway_Ci4\app\Controllers\LoginController.php(30): App\Models\LoginModel->checkLogin('332809100598000...', '1')
#7 C:\xampp8.2.4\htdocs\Clinicalpathway_Ci4\vendor\codeigniter4\framework\system\CodeIgniter.php(932): App\Controllers\LoginController->index()
#8 C:\xampp8.2.4\htdocs\Clinicalpathway_Ci4\vendor\codeigniter4\framework\system\CodeIgniter.php(497): CodeIgniter\CodeIgniter->runController(Object(App\Controllers\LoginController))
#9 C:\xampp8.2.4\htdocs\Clinicalpathway_Ci4\vendor\codeigniter4\framework\system\CodeIgniter.php(366): CodeIgniter\CodeIgniter->handleRequest(NULL, Object(Config\Cache), false)
#10 C:\xampp8.2.4\htdocs\Clinicalpathway_Ci4\public\index.php(67): CodeIgniter\CodeIgniter->run()
#11 C:\xampp8.2.4\htdocs\Clinicalpathway_Ci4\vendor\codeigniter4\framework\system\Commands\Server\rewrite.php(47): require_once('C:\\xampp8.2.4\\h...')
#12 {main}

Next CodeIgniter\Database\Exceptions\DatabaseException: A connection attempt failed because the connected party did not properly respond after a period of time, or established connection failed because connected host has failed to respond in C:\xampp8.2.4\htdocs\Clinicalpathway_Ci4\vendor\codeigniter4\framework\system\Database\MySQLi\Connection.php:218
Stack trace:
#0 C:\xampp8.2.4\htdocs\Clinicalpathway_Ci4\vendor\codeigniter4\framework\system\Database\BaseConnection.php(391): CodeIgniter\Database\MySQLi\Connection->connect(false)
#1 C:\xampp8.2.4\htdocs\Clinicalpathway_Ci4\vendor\codeigniter4\framework\system\Database\BaseConnection.php(574): CodeIgniter\Database\BaseConnection->initialize()
#2 C:\xampp8.2.4\htdocs\Clinicalpathway_Ci4\vendor\codeigniter4\framework\system\Database\BaseBuilder.php(1700): CodeIgniter\Database\BaseConnection->query('SELECT COUNT(*)...', Array, false)
#3 C:\xampp8.2.4\htdocs\Clinicalpathway_Ci4\vendor\codeigniter4\framework\system\Model.php(606): CodeIgniter\Database\BaseBuilder->countAllResults(true)
#4 C:\xampp8.2.4\htdocs\Clinicalpathway_Ci4\app\Models\LoginModel.php(18): CodeIgniter\Model->countAllResults()
#5 C:\xampp8.2.4\htdocs\Clinicalpathway_Ci4\app\Controllers\LoginController.php(30): App\Models\LoginModel->checkLogin('332809100598000...', '1')
#6 C:\xampp8.2.4\htdocs\Clinicalpathway_Ci4\vendor\codeigniter4\framework\system\CodeIgniter.php(932): App\Controllers\LoginController->index()
#7 C:\xampp8.2.4\htdocs\Clinicalpathway_Ci4\vendor\codeigniter4\framework\system\CodeIgniter.php(497): CodeIgniter\CodeIgniter->runController(Object(App\Controllers\LoginController))
#8 C:\xampp8.2.4\htdocs\Clinicalpathway_Ci4\vendor\codeigniter4\framework\system\CodeIgniter.php(366): CodeIgniter\CodeIgniter->handleRequest(NULL, Object(Config\Cache), false)
#9 C:\xampp8.2.4\htdocs\Clinicalpathway_Ci4\public\index.php(67): CodeIgniter\CodeIgniter->run()
#10 C:\xampp8.2.4\htdocs\Clinicalpathway_Ci4\vendor\codeigniter4\framework\system\Commands\Server\rewrite.php(47): require_once('C:\\xampp8.2.4\\h...')
#11 {main}
CRITICAL - 2023-09-25 14:47:27 --> Unable to connect to the database.
Main connection [MySQLi]: A connection attempt failed because the connected party did not properly respond after a period of time, or established connection failed because connected host has failed to respond
in SYSTEMPATH\Database\BaseConnection.php on line 427.
 1 SYSTEMPATH\Database\BaseConnection.php(574): CodeIgniter\Database\BaseConnection->initialize()
 2 SYSTEMPATH\Database\BaseBuilder.php(1700): CodeIgniter\Database\BaseConnection->query('SELECT COUNT(*) AS `numrows`
FROM `master_login2`
WHERE `username` = :username:
AND `password` = :password:', [...], false)
 3 SYSTEMPATH\Model.php(606): CodeIgniter\Database\BaseBuilder->countAllResults(true)
 4 APPPATH\Models\LoginModel.php(18): CodeIgniter\Model->countAllResults()
 5 APPPATH\Controllers\LoginController.php(30): App\Models\LoginModel->checkLogin('3328091005980007', '1')
 6 SYSTEMPATH\CodeIgniter.php(932): App\Controllers\LoginController->index()
 7 SYSTEMPATH\CodeIgniter.php(497): CodeIgniter\CodeIgniter->runController(Object(App\Controllers\LoginController))
 8 SYSTEMPATH\CodeIgniter.php(366): CodeIgniter\CodeIgniter->handleRequest(null, Object(Config\Cache), false)
 9 FCPATH\index.php(67): CodeIgniter\CodeIgniter->run()
10 SYSTEMPATH\Commands\Server\rewrite.php(47): require_once('C:\\xampp8.2.4\\htdocs\\Clinicalpathway_Ci4\\public\\index.php')
CRITICAL - 2023-09-25 15:55:31 --> Undefined property: App\Controllers\DetailPasienController::$input
in APPPATH\Controllers\DetailPasienController.php on line 4992.
 1 APPPATH\Controllers\DetailPasienController.php(4992): CodeIgniter\Debug\Exceptions->errorHandler(2, 'Undefined property: App\\Controllers\\DetailPasienController::$input', 'C:\\xampp8.2.4\\htdocs\\Clinicalpathway_Ci4\\app\\Controllers\\DetailPasienController.php', 4992)
 2 SYSTEMPATH\CodeIgniter.php(932): App\Controllers\DetailPasienController->DXView()
 3 SYSTEMPATH\CodeIgniter.php(497): CodeIgniter\CodeIgniter->runController(Object(App\Controllers\DetailPasienController))
 4 SYSTEMPATH\CodeIgniter.php(366): CodeIgniter\CodeIgniter->handleRequest(null, Object(Config\Cache), false)
 5 FCPATH\index.php(67): CodeIgniter\CodeIgniter->run()
 6 SYSTEMPATH\Commands\Server\rewrite.php(47): require_once('C:\\xampp8.2.4\\htdocs\\Clinicalpathway_Ci4\\public\\index.php')
CRITICAL - 2023-09-25 15:55:38 --> Undefined property: App\Controllers\DetailPasienController::$input
in APPPATH\Controllers\DetailPasienController.php on line 4992.
 1 APPPATH\Controllers\DetailPasienController.php(4992): CodeIgniter\Debug\Exceptions->errorHandler(2, 'Undefined property: App\\Controllers\\DetailPasienController::$input', 'C:\\xampp8.2.4\\htdocs\\Clinicalpathway_Ci4\\app\\Controllers\\DetailPasienController.php', 4992)
 2 SYSTEMPATH\CodeIgniter.php(932): App\Controllers\DetailPasienController->DXView()
 3 SYSTEMPATH\CodeIgniter.php(497): CodeIgniter\CodeIgniter->runController(Object(App\Controllers\DetailPasienController))
 4 SYSTEMPATH\CodeIgniter.php(366): CodeIgniter\CodeIgniter->handleRequest(null, Object(Config\Cache), false)
 5 FCPATH\index.php(67): CodeIgniter\CodeIgniter->run()
 6 SYSTEMPATH\Commands\Server\rewrite.php(47): require_once('C:\\xampp8.2.4\\htdocs\\Clinicalpathway_Ci4\\public\\index.php')
