CRITICAL - 2023-09-26 01:10:22 --> Unclosed '{' on line 9
in APPPATH\Controllers\DetailPasienController.php on line 5014.
 1 SYSTEMPATH\Autoloader\Autoloader.php(291): CodeIgniter\Autoloader\Autoloader->includeFile('C:\\xampp8.2.4\\htdocs\\Clinicalpathway_Ci4\\app\\Controllers\\DetailPasienController.php')
 2 SYSTEMPATH\Autoloader\Autoloader.php(269): CodeIgniter\Autoloader\Autoloader->loadInNamespace('App\\Controllers\\DetailPasienController')
 3 [internal function]: CodeIgniter\Autoloader\Autoloader->loadClass('App\\Controllers\\DetailPasienController')
 4 SYSTEMPATH\CodeIgniter.php(890): class_exists('\\App\\Controllers\\DetailPasienController', true)
 5 SYSTEMPATH\CodeIgniter.php(484): CodeIgniter\CodeIgniter->startController()
 6 SYSTEMPATH\CodeIgniter.php(366): CodeIgniter\CodeIgniter->handleRequest(null, Object(Config\Cache), false)
 7 FCPATH\index.php(67): CodeIgniter\CodeIgniter->run()
 8 SYSTEMPATH\Commands\Server\rewrite.php(47): require_once('C:\\xampp8.2.4\\htdocs\\Clinicalpathway_Ci4\\public\\index.php')
CRITICAL - 2023-09-26 01:10:57 --> Unclosed '{' on line 9
in APPPATH\Controllers\DetailPasienController.php on line 5014.
 1 SYSTEMPATH\Autoloader\Autoloader.php(291): CodeIgniter\Autoloader\Autoloader->includeFile('C:\\xampp8.2.4\\htdocs\\Clinicalpathway_Ci4\\app\\Controllers\\DetailPasienController.php')
 2 SYSTEMPATH\Autoloader\Autoloader.php(269): CodeIgniter\Autoloader\Autoloader->loadInNamespace('App\\Controllers\\DetailPasienController')
 3 [internal function]: CodeIgniter\Autoloader\Autoloader->loadClass('App\\Controllers\\DetailPasienController')
 4 SYSTEMPATH\CodeIgniter.php(890): class_exists('\\App\\Controllers\\DetailPasienController', true)
 5 SYSTEMPATH\CodeIgniter.php(484): CodeIgniter\CodeIgniter->startController()
 6 SYSTEMPATH\CodeIgniter.php(366): CodeIgniter\CodeIgniter->handleRequest(null, Object(Config\Cache), false)
 7 FCPATH\index.php(67): CodeIgniter\CodeIgniter->run()
 8 SYSTEMPATH\Commands\Server\rewrite.php(47): require_once('C:\\xampp8.2.4\\htdocs\\Clinicalpathway_Ci4\\public\\index.php')
CRITICAL - 2023-09-26 01:11:34 --> Unclosed '{' on line 9
in APPPATH\Controllers\DetailPasienController.php on line 5014.
 1 SYSTEMPATH\Autoloader\Autoloader.php(291): CodeIgniter\Autoloader\Autoloader->includeFile('C:\\xampp8.2.4\\htdocs\\Clinicalpathway_Ci4\\app\\Controllers\\DetailPasienController.php')
 2 SYSTEMPATH\Autoloader\Autoloader.php(269): CodeIgniter\Autoloader\Autoloader->loadInNamespace('App\\Controllers\\DetailPasienController')
 3 [internal function]: CodeIgniter\Autoloader\Autoloader->loadClass('App\\Controllers\\DetailPasienController')
 4 SYSTEMPATH\CodeIgniter.php(890): class_exists('\\App\\Controllers\\DetailPasienController', true)
 5 SYSTEMPATH\CodeIgniter.php(484): CodeIgniter\CodeIgniter->startController()
 6 SYSTEMPATH\CodeIgniter.php(366): CodeIgniter\CodeIgniter->handleRequest(null, Object(Config\Cache), false)
 7 FCPATH\index.php(67): CodeIgniter\CodeIgniter->run()
 8 SYSTEMPATH\Commands\Server\rewrite.php(47): require_once('C:\\xampp8.2.4\\htdocs\\Clinicalpathway_Ci4\\public\\index.php')
CRITICAL - 2023-09-26 01:12:04 --> Unclosed '{' on line 9
in APPPATH\Controllers\DetailPasienController.php on line 5014.
 1 SYSTEMPATH\Autoloader\Autoloader.php(291): CodeIgniter\Autoloader\Autoloader->includeFile('C:\\xampp8.2.4\\htdocs\\Clinicalpathway_Ci4\\app\\Controllers\\DetailPasienController.php')
 2 SYSTEMPATH\Autoloader\Autoloader.php(269): CodeIgniter\Autoloader\Autoloader->loadInNamespace('App\\Controllers\\DetailPasienController')
 3 [internal function]: CodeIgniter\Autoloader\Autoloader->loadClass('App\\Controllers\\DetailPasienController')
 4 SYSTEMPATH\CodeIgniter.php(890): class_exists('\\App\\Controllers\\DetailPasienController', true)
 5 SYSTEMPATH\CodeIgniter.php(484): CodeIgniter\CodeIgniter->startController()
 6 SYSTEMPATH\CodeIgniter.php(366): CodeIgniter\CodeIgniter->handleRequest(null, Object(Config\Cache), false)
 7 FCPATH\index.php(67): CodeIgniter\CodeIgniter->run()
 8 SYSTEMPATH\Commands\Server\rewrite.php(47): require_once('C:\\xampp8.2.4\\htdocs\\Clinicalpathway_Ci4\\public\\index.php')
CRITICAL - 2023-09-26 01:12:29 --> Unclosed '{' on line 9
in APPPATH\Controllers\DetailPasienController.php on line 5014.
 1 SYSTEMPATH\Autoloader\Autoloader.php(291): CodeIgniter\Autoloader\Autoloader->includeFile('C:\\xampp8.2.4\\htdocs\\Clinicalpathway_Ci4\\app\\Controllers\\DetailPasienController.php')
 2 SYSTEMPATH\Autoloader\Autoloader.php(269): CodeIgniter\Autoloader\Autoloader->loadInNamespace('App\\Controllers\\DetailPasienController')
 3 [internal function]: CodeIgniter\Autoloader\Autoloader->loadClass('App\\Controllers\\DetailPasienController')
 4 SYSTEMPATH\CodeIgniter.php(890): class_exists('\\App\\Controllers\\DetailPasienController', true)
 5 SYSTEMPATH\CodeIgniter.php(484): CodeIgniter\CodeIgniter->startController()
 6 SYSTEMPATH\CodeIgniter.php(366): CodeIgniter\CodeIgniter->handleRequest(null, Object(Config\Cache), false)
 7 FCPATH\index.php(67): CodeIgniter\CodeIgniter->run()
 8 SYSTEMPATH\Commands\Server\rewrite.php(47): require_once('C:\\xampp8.2.4\\htdocs\\Clinicalpathway_Ci4\\public\\index.php')
CRITICAL - 2023-09-26 01:13:18 --> Unclosed '{' on line 9
in APPPATH\Controllers\DetailPasienController.php on line 5014.
 1 SYSTEMPATH\Autoloader\Autoloader.php(291): CodeIgniter\Autoloader\Autoloader->includeFile('C:\\xampp8.2.4\\htdocs\\Clinicalpathway_Ci4\\app\\Controllers\\DetailPasienController.php')
 2 SYSTEMPATH\Autoloader\Autoloader.php(269): CodeIgniter\Autoloader\Autoloader->loadInNamespace('App\\Controllers\\DetailPasienController')
 3 [internal function]: CodeIgniter\Autoloader\Autoloader->loadClass('App\\Controllers\\DetailPasienController')
 4 SYSTEMPATH\CodeIgniter.php(890): class_exists('\\App\\Controllers\\DetailPasienController', true)
 5 SYSTEMPATH\CodeIgniter.php(484): CodeIgniter\CodeIgniter->startController()
 6 SYSTEMPATH\CodeIgniter.php(366): CodeIgniter\CodeIgniter->handleRequest(null, Object(Config\Cache), false)
 7 FCPATH\index.php(67): CodeIgniter\CodeIgniter->run()
 8 SYSTEMPATH\Commands\Server\rewrite.php(47): require_once('C:\\xampp8.2.4\\htdocs\\Clinicalpathway_Ci4\\public\\index.php')
CRITICAL - 2023-09-26 01:26:19 --> Unclosed '{' on line 9
in APPPATH\Controllers\DetailPasienController.php on line 5014.
 1 SYSTEMPATH\Autoloader\Autoloader.php(291): CodeIgniter\Autoloader\Autoloader->includeFile('C:\\xampp8.2.4\\htdocs\\Clinicalpathway_Ci4\\app\\Controllers\\DetailPasienController.php')
 2 SYSTEMPATH\Autoloader\Autoloader.php(269): CodeIgniter\Autoloader\Autoloader->loadInNamespace('App\\Controllers\\DetailPasienController')
 3 [internal function]: CodeIgniter\Autoloader\Autoloader->loadClass('App\\Controllers\\DetailPasienController')
 4 SYSTEMPATH\CodeIgniter.php(890): class_exists('\\App\\Controllers\\DetailPasienController', true)
 5 SYSTEMPATH\CodeIgniter.php(484): CodeIgniter\CodeIgniter->startController()
 6 SYSTEMPATH\CodeIgniter.php(366): CodeIgniter\CodeIgniter->handleRequest(null, Object(Config\Cache), false)
 7 FCPATH\index.php(67): CodeIgniter\CodeIgniter->run()
 8 SYSTEMPATH\Commands\Server\rewrite.php(47): require_once('C:\\xampp8.2.4\\htdocs\\Clinicalpathway_Ci4\\public\\index.php')
CRITICAL - 2023-09-26 01:27:07 --> Unclosed '{' on line 9
in APPPATH\Controllers\DetailPasienController.php on line 5014.
 1 SYSTEMPATH\Autoloader\Autoloader.php(291): CodeIgniter\Autoloader\Autoloader->includeFile('C:\\xampp8.2.4\\htdocs\\Clinicalpathway_Ci4\\app\\Controllers\\DetailPasienController.php')
 2 SYSTEMPATH\Autoloader\Autoloader.php(269): CodeIgniter\Autoloader\Autoloader->loadInNamespace('App\\Controllers\\DetailPasienController')
 3 [internal function]: CodeIgniter\Autoloader\Autoloader->loadClass('App\\Controllers\\DetailPasienController')
 4 SYSTEMPATH\CodeIgniter.php(890): class_exists('\\App\\Controllers\\DetailPasienController', true)
 5 SYSTEMPATH\CodeIgniter.php(484): CodeIgniter\CodeIgniter->startController()
 6 SYSTEMPATH\CodeIgniter.php(366): CodeIgniter\CodeIgniter->handleRequest(null, Object(Config\Cache), false)
 7 FCPATH\index.php(67): CodeIgniter\CodeIgniter->run()
 8 SYSTEMPATH\Commands\Server\rewrite.php(47): require_once('C:\\xampp8.2.4\\htdocs\\Clinicalpathway_Ci4\\public\\index.php')
ERROR - 2023-09-26 01:27:22 --> Error connecting to the database: mysqli_sql_exception: A connection attempt failed because the connected party did not properly respond after a period of time, or established connection failed because connected host has failed to respond in C:\xampp8.2.4\htdocs\Clinicalpathway_Ci4\vendor\codeigniter4\framework\system\Database\MySQLi\Connection.php:173
Stack trace:
#0 C:\xampp8.2.4\htdocs\Clinicalpathway_Ci4\vendor\codeigniter4\framework\system\Database\MySQLi\Connection.php(173): mysqli->real_connect('192.168.1.178', 'root', Object(SensitiveParameterValue), 'simrs', 3306, '', 0)
#1 C:\xampp8.2.4\htdocs\Clinicalpathway_Ci4\vendor\codeigniter4\framework\system\Database\BaseConnection.php(391): CodeIgniter\Database\MySQLi\Connection->connect(false)
#2 C:\xampp8.2.4\htdocs\Clinicalpathway_Ci4\vendor\codeigniter4\framework\system\Database\BaseConnection.php(574): CodeIgniter\Database\BaseConnection->initialize()
#3 C:\xampp8.2.4\htdocs\Clinicalpathway_Ci4\vendor\codeigniter4\framework\system\Database\BaseBuilder.php(1616): CodeIgniter\Database\BaseConnection->query('SELECT *\nFROM `...', Array, false)
#4 C:\xampp8.2.4\htdocs\Clinicalpathway_Ci4\vendor\codeigniter4\framework\system\Model.php(241): CodeIgniter\Database\BaseBuilder->get()
#5 C:\xampp8.2.4\htdocs\Clinicalpathway_Ci4\vendor\codeigniter4\framework\system\BaseModel.php(618): CodeIgniter\Model->doFindAll(0, 0)
#6 C:\xampp8.2.4\htdocs\Clinicalpathway_Ci4\app\Models\TablePasienModel.php(13): CodeIgniter\BaseModel->findAll()
#7 C:\xampp8.2.4\htdocs\Clinicalpathway_Ci4\app\Controllers\Home.php(20): App\Models\TablePasienModel->getSemuaPasienData()
#8 C:\xampp8.2.4\htdocs\Clinicalpathway_Ci4\vendor\codeigniter4\framework\system\CodeIgniter.php(932): App\Controllers\Home->index()
#9 C:\xampp8.2.4\htdocs\Clinicalpathway_Ci4\vendor\codeigniter4\framework\system\CodeIgniter.php(497): CodeIgniter\CodeIgniter->runController(Object(App\Controllers\Home))
#10 C:\xampp8.2.4\htdocs\Clinicalpathway_Ci4\vendor\codeigniter4\framework\system\CodeIgniter.php(366): CodeIgniter\CodeIgniter->handleRequest(NULL, Object(Config\Cache), false)
#11 C:\xampp8.2.4\htdocs\Clinicalpathway_Ci4\public\index.php(67): CodeIgniter\CodeIgniter->run()
#12 C:\xampp8.2.4\htdocs\Clinicalpathway_Ci4\vendor\codeigniter4\framework\system\Commands\Server\rewrite.php(47): require_once('C:\\xampp8.2.4\\h...')
#13 {main}

Next CodeIgniter\Database\Exceptions\DatabaseException: A connection attempt failed because the connected party did not properly respond after a period of time, or established connection failed because connected host has failed to respond in C:\xampp8.2.4\htdocs\Clinicalpathway_Ci4\vendor\codeigniter4\framework\system\Database\MySQLi\Connection.php:218
Stack trace:
#0 C:\xampp8.2.4\htdocs\Clinicalpathway_Ci4\vendor\codeigniter4\framework\system\Database\BaseConnection.php(391): CodeIgniter\Database\MySQLi\Connection->connect(false)
#1 C:\xampp8.2.4\htdocs\Clinicalpathway_Ci4\vendor\codeigniter4\framework\system\Database\BaseConnection.php(574): CodeIgniter\Database\BaseConnection->initialize()
#2 C:\xampp8.2.4\htdocs\Clinicalpathway_Ci4\vendor\codeigniter4\framework\system\Database\BaseBuilder.php(1616): CodeIgniter\Database\BaseConnection->query('SELECT *\nFROM `...', Array, false)
#3 C:\xampp8.2.4\htdocs\Clinicalpathway_Ci4\vendor\codeigniter4\framework\system\Model.php(241): CodeIgniter\Database\BaseBuilder->get()
#4 C:\xampp8.2.4\htdocs\Clinicalpathway_Ci4\vendor\codeigniter4\framework\system\BaseModel.php(618): CodeIgniter\Model->doFindAll(0, 0)
#5 C:\xampp8.2.4\htdocs\Clinicalpathway_Ci4\app\Models\TablePasienModel.php(13): CodeIgniter\BaseModel->findAll()
#6 C:\xampp8.2.4\htdocs\Clinicalpathway_Ci4\app\Controllers\Home.php(20): App\Models\TablePasienModel->getSemuaPasienData()
#7 C:\xampp8.2.4\htdocs\Clinicalpathway_Ci4\vendor\codeigniter4\framework\system\CodeIgniter.php(932): App\Controllers\Home->index()
#8 C:\xampp8.2.4\htdocs\Clinicalpathway_Ci4\vendor\codeigniter4\framework\system\CodeIgniter.php(497): CodeIgniter\CodeIgniter->runController(Object(App\Controllers\Home))
#9 C:\xampp8.2.4\htdocs\Clinicalpathway_Ci4\vendor\codeigniter4\framework\system\CodeIgniter.php(366): CodeIgniter\CodeIgniter->handleRequest(NULL, Object(Config\Cache), false)
#10 C:\xampp8.2.4\htdocs\Clinicalpathway_Ci4\public\index.php(67): CodeIgniter\CodeIgniter->run()
#11 C:\xampp8.2.4\htdocs\Clinicalpathway_Ci4\vendor\codeigniter4\framework\system\Commands\Server\rewrite.php(47): require_once('C:\\xampp8.2.4\\h...')
#12 {main}
CRITICAL - 2023-09-26 01:27:22 --> Unable to connect to the database.
Main connection [MySQLi]: A connection attempt failed because the connected party did not properly respond after a period of time, or established connection failed because connected host has failed to respond
in SYSTEMPATH\Database\BaseConnection.php on line 427.
 1 SYSTEMPATH\Database\BaseConnection.php(574): CodeIgniter\Database\BaseConnection->initialize()
 2 SYSTEMPATH\Database\BaseBuilder.php(1616): CodeIgniter\Database\BaseConnection->query('SELECT *
FROM `simrs`.`t_clinicalpathway`', [], false)
 3 SYSTEMPATH\Model.php(241): CodeIgniter\Database\BaseBuilder->get()
 4 SYSTEMPATH\BaseModel.php(618): CodeIgniter\Model->doFindAll(0, 0)
 5 APPPATH\Models\TablePasienModel.php(13): CodeIgniter\BaseModel->findAll()
 6 APPPATH\Controllers\Home.php(20): App\Models\TablePasienModel->getSemuaPasienData()
 7 SYSTEMPATH\CodeIgniter.php(932): App\Controllers\Home->index()
 8 SYSTEMPATH\CodeIgniter.php(497): CodeIgniter\CodeIgniter->runController(Object(App\Controllers\Home))
 9 SYSTEMPATH\CodeIgniter.php(366): CodeIgniter\CodeIgniter->handleRequest(null, Object(Config\Cache), false)
10 FCPATH\index.php(67): CodeIgniter\CodeIgniter->run()
11 SYSTEMPATH\Commands\Server\rewrite.php(47): require_once('C:\\xampp8.2.4\\htdocs\\Clinicalpathway_Ci4\\public\\index.php')
CRITICAL - 2023-09-26 01:27:22 --> Unclosed '{' on line 9
in APPPATH\Controllers\DetailPasienController.php on line 5014.
 1 SYSTEMPATH\Autoloader\Autoloader.php(291): CodeIgniter\Autoloader\Autoloader->includeFile('C:\\xampp8.2.4\\htdocs\\Clinicalpathway_Ci4\\app\\Controllers\\DetailPasienController.php')
 2 SYSTEMPATH\Autoloader\Autoloader.php(269): CodeIgniter\Autoloader\Autoloader->loadInNamespace('App\\Controllers\\DetailPasienController')
 3 [internal function]: CodeIgniter\Autoloader\Autoloader->loadClass('App\\Controllers\\DetailPasienController')
 4 SYSTEMPATH\CodeIgniter.php(890): class_exists('\\App\\Controllers\\DetailPasienController', true)
 5 SYSTEMPATH\CodeIgniter.php(484): CodeIgniter\CodeIgniter->startController()
 6 SYSTEMPATH\CodeIgniter.php(366): CodeIgniter\CodeIgniter->handleRequest(null, Object(Config\Cache), false)
 7 FCPATH\index.php(67): CodeIgniter\CodeIgniter->run()
 8 SYSTEMPATH\Commands\Server\rewrite.php(47): require_once('C:\\xampp8.2.4\\htdocs\\Clinicalpathway_Ci4\\public\\index.php')
ERROR - 2023-09-26 01:28:08 --> Error connecting to the database: mysqli_sql_exception: MySQL server has gone away in C:\xampp8.2.4\htdocs\Clinicalpathway_Ci4\vendor\codeigniter4\framework\system\Database\MySQLi\Connection.php:173
Stack trace:
#0 C:\xampp8.2.4\htdocs\Clinicalpathway_Ci4\vendor\codeigniter4\framework\system\Database\MySQLi\Connection.php(173): mysqli->real_connect('192.168.1.178', 'root', Object(SensitiveParameterValue), 'simrs', 3306, '', 0)
#1 C:\xampp8.2.4\htdocs\Clinicalpathway_Ci4\vendor\codeigniter4\framework\system\Database\BaseConnection.php(391): CodeIgniter\Database\MySQLi\Connection->connect(false)
#2 C:\xampp8.2.4\htdocs\Clinicalpathway_Ci4\vendor\codeigniter4\framework\system\Database\BaseConnection.php(574): CodeIgniter\Database\BaseConnection->initialize()
#3 C:\xampp8.2.4\htdocs\Clinicalpathway_Ci4\vendor\codeigniter4\framework\system\Database\BaseBuilder.php(1616): CodeIgniter\Database\BaseConnection->query('SELECT *\nFROM `...', Array, false)
#4 C:\xampp8.2.4\htdocs\Clinicalpathway_Ci4\vendor\codeigniter4\framework\system\Model.php(268): CodeIgniter\Database\BaseBuilder->get()
#5 C:\xampp8.2.4\htdocs\Clinicalpathway_Ci4\vendor\codeigniter4\framework\system\BaseModel.php(656): CodeIgniter\Model->doFirst()
#6 C:\xampp8.2.4\htdocs\Clinicalpathway_Ci4\app\Models\DetailPasienModel.php(15): CodeIgniter\BaseModel->first()
#7 C:\xampp8.2.4\htdocs\Clinicalpathway_Ci4\app\Controllers\DetailPasienController.php(3315): App\Models\DetailPasienModel->getDetailPasienData('0069')
#8 C:\xampp8.2.4\htdocs\Clinicalpathway_Ci4\vendor\codeigniter4\framework\system\CodeIgniter.php(932): App\Controllers\DetailPasienController->kelas3()
#9 C:\xampp8.2.4\htdocs\Clinicalpathway_Ci4\vendor\codeigniter4\framework\system\CodeIgniter.php(497): CodeIgniter\CodeIgniter->runController(Object(App\Controllers\DetailPasienController))
#10 C:\xampp8.2.4\htdocs\Clinicalpathway_Ci4\vendor\codeigniter4\framework\system\CodeIgniter.php(366): CodeIgniter\CodeIgniter->handleRequest(NULL, Object(Config\Cache), false)
#11 C:\xampp8.2.4\htdocs\Clinicalpathway_Ci4\public\index.php(67): CodeIgniter\CodeIgniter->run()
#12 C:\xampp8.2.4\htdocs\Clinicalpathway_Ci4\vendor\codeigniter4\framework\system\Commands\Server\rewrite.php(47): require_once('C:\\xampp8.2.4\\h...')
#13 {main}

Next CodeIgniter\Database\Exceptions\DatabaseException: MySQL server has gone away in C:\xampp8.2.4\htdocs\Clinicalpathway_Ci4\vendor\codeigniter4\framework\system\Database\MySQLi\Connection.php:218
Stack trace:
#0 C:\xampp8.2.4\htdocs\Clinicalpathway_Ci4\vendor\codeigniter4\framework\system\Database\BaseConnection.php(391): CodeIgniter\Database\MySQLi\Connection->connect(false)
#1 C:\xampp8.2.4\htdocs\Clinicalpathway_Ci4\vendor\codeigniter4\framework\system\Database\BaseConnection.php(574): CodeIgniter\Database\BaseConnection->initialize()
#2 C:\xampp8.2.4\htdocs\Clinicalpathway_Ci4\vendor\codeigniter4\framework\system\Database\BaseBuilder.php(1616): CodeIgniter\Database\BaseConnection->query('SELECT *\nFROM `...', Array, false)
#3 C:\xampp8.2.4\htdocs\Clinicalpathway_Ci4\vendor\codeigniter4\framework\system\Model.php(268): CodeIgniter\Database\BaseBuilder->get()
#4 C:\xampp8.2.4\htdocs\Clinicalpathway_Ci4\vendor\codeigniter4\framework\system\BaseModel.php(656): CodeIgniter\Model->doFirst()
#5 C:\xampp8.2.4\htdocs\Clinicalpathway_Ci4\app\Models\DetailPasienModel.php(15): CodeIgniter\BaseModel->first()
#6 C:\xampp8.2.4\htdocs\Clinicalpathway_Ci4\app\Controllers\DetailPasienController.php(3315): App\Models\DetailPasienModel->getDetailPasienData('0069')
#7 C:\xampp8.2.4\htdocs\Clinicalpathway_Ci4\vendor\codeigniter4\framework\system\CodeIgniter.php(932): App\Controllers\DetailPasienController->kelas3()
#8 C:\xampp8.2.4\htdocs\Clinicalpathway_Ci4\vendor\codeigniter4\framework\system\CodeIgniter.php(497): CodeIgniter\CodeIgniter->runController(Object(App\Controllers\DetailPasienController))
#9 C:\xampp8.2.4\htdocs\Clinicalpathway_Ci4\vendor\codeigniter4\framework\system\CodeIgniter.php(366): CodeIgniter\CodeIgniter->handleRequest(NULL, Object(Config\Cache), false)
#10 C:\xampp8.2.4\htdocs\Clinicalpathway_Ci4\public\index.php(67): CodeIgniter\CodeIgniter->run()
#11 C:\xampp8.2.4\htdocs\Clinicalpathway_Ci4\vendor\codeigniter4\framework\system\Commands\Server\rewrite.php(47): require_once('C:\\xampp8.2.4\\h...')
#12 {main}
CRITICAL - 2023-09-26 01:28:08 --> Unable to connect to the database.
Main connection [MySQLi]: MySQL server has gone away
in SYSTEMPATH\Database\BaseConnection.php on line 427.
 1 SYSTEMPATH\Database\BaseConnection.php(574): CodeIgniter\Database\BaseConnection->initialize()
 2 SYSTEMPATH\Database\BaseBuilder.php(1616): CodeIgniter\Database\BaseConnection->query('SELECT *
FROM `t_clinicalpathway`
WHERE `NOMR` = :NOMR:
 LIMIT 1', [...], false)
 3 SYSTEMPATH\Model.php(268): CodeIgniter\Database\BaseBuilder->get()
 4 SYSTEMPATH\BaseModel.php(656): CodeIgniter\Model->doFirst()
 5 APPPATH\Models\DetailPasienModel.php(15): CodeIgniter\BaseModel->first()
 6 APPPATH\Controllers\DetailPasienController.php(3315): App\Models\DetailPasienModel->getDetailPasienData('0069')
 7 SYSTEMPATH\CodeIgniter.php(932): App\Controllers\DetailPasienController->kelas3()
 8 SYSTEMPATH\CodeIgniter.php(497): CodeIgniter\CodeIgniter->runController(Object(App\Controllers\DetailPasienController))
 9 SYSTEMPATH\CodeIgniter.php(366): CodeIgniter\CodeIgniter->handleRequest(null, Object(Config\Cache), false)
10 FCPATH\index.php(67): CodeIgniter\CodeIgniter->run()
11 SYSTEMPATH\Commands\Server\rewrite.php(47): require_once('C:\\xampp8.2.4\\htdocs\\Clinicalpathway_Ci4\\public\\index.php')
CRITICAL - 2023-09-26 04:24:15 --> A connection attempt failed because the connected party did not properly respond after a period of time, or established connection failed because connected host has failed to respond
in APPPATH\Views\total\total86.php on line 8.
 1 APPPATH\Views\total\total86.php(8): mysqli_connect('192.168.1.178', 'root', Object(SensitiveParameterValue), 'simrs')
 2 SYSTEMPATH\View\View.php(224): include('C:\\xampp8.2.4\\htdocs\\Clinicalpathway_Ci4\\app\\Views\\total\\total86.php')
 3 SYSTEMPATH\View\View.php(227): CodeIgniter\View\View->CodeIgniter\View\{closure}()
 4 SYSTEMPATH\Common.php(1176): CodeIgniter\View\View->render('total/total86', [], true)
 5 APPPATH\Views\kelas3.php(6989): view('total/total86')
 6 SYSTEMPATH\View\View.php(224): include('C:\\xampp8.2.4\\htdocs\\Clinicalpathway_Ci4\\app\\Views\\kelas3.php')
 7 SYSTEMPATH\View\View.php(227): CodeIgniter\View\View->CodeIgniter\View\{closure}()
 8 SYSTEMPATH\Common.php(1176): CodeIgniter\View\View->render('kelas3', [], true)
 9 APPPATH\Views\detailpasien3.php(72): view('kelas3')
10 SYSTEMPATH\View\View.php(224): include('C:\\xampp8.2.4\\htdocs\\Clinicalpathway_Ci4\\app\\Views\\detailpasien3.php')
11 SYSTEMPATH\View\View.php(227): CodeIgniter\View\View->CodeIgniter\View\{closure}()
12 SYSTEMPATH\Common.php(1176): CodeIgniter\View\View->render('detailpasien3', [], true)
13 APPPATH\Controllers\DetailPasienController.php(4412): view('detailpasien3', [...])
14 SYSTEMPATH\CodeIgniter.php(932): App\Controllers\DetailPasienController->kelas3()
15 SYSTEMPATH\CodeIgniter.php(497): CodeIgniter\CodeIgniter->runController(Object(App\Controllers\DetailPasienController))
16 SYSTEMPATH\CodeIgniter.php(366): CodeIgniter\CodeIgniter->handleRequest(null, Object(Config\Cache), false)
17 FCPATH\index.php(67): CodeIgniter\CodeIgniter->run()
18 SYSTEMPATH\Commands\Server\rewrite.php(47): require_once('C:\\xampp8.2.4\\htdocs\\Clinicalpathway_Ci4\\public\\index.php')
CRITICAL - 2023-09-26 07:33:01 --> syntax error, unexpected token "echo"
in APPPATH\Views\kelas3.php on line 91.
 1 SYSTEMPATH\View\View.php(227): CodeIgniter\View\View->CodeIgniter\View\{closure}()
 2 SYSTEMPATH\Common.php(1176): CodeIgniter\View\View->render('kelas3', [], true)
 3 APPPATH\Views\detailpasien3.php(72): view('kelas3')
 4 SYSTEMPATH\View\View.php(224): include('C:\\xampp8.2.4\\htdocs\\Clinicalpathway_Ci4\\app\\Views\\detailpasien3.php')
 5 SYSTEMPATH\View\View.php(227): CodeIgniter\View\View->CodeIgniter\View\{closure}()
 6 SYSTEMPATH\Common.php(1176): CodeIgniter\View\View->render('detailpasien3', [], true)
 7 APPPATH\Controllers\DetailPasienController.php(4412): view('detailpasien3', [...])
 8 SYSTEMPATH\CodeIgniter.php(932): App\Controllers\DetailPasienController->kelas3()
 9 SYSTEMPATH\CodeIgniter.php(497): CodeIgniter\CodeIgniter->runController(Object(App\Controllers\DetailPasienController))
10 SYSTEMPATH\CodeIgniter.php(366): CodeIgniter\CodeIgniter->handleRequest(null, Object(Config\Cache), false)
11 FCPATH\index.php(67): CodeIgniter\CodeIgniter->run()
12 SYSTEMPATH\Commands\Server\rewrite.php(47): require_once('C:\\xampp8.2.4\\htdocs\\Clinicalpathway_Ci4\\public\\index.php')
CRITICAL - 2023-09-26 07:33:08 --> syntax error, unexpected token "echo"
in APPPATH\Views\kelas3.php on line 91.
 1 SYSTEMPATH\View\View.php(227): CodeIgniter\View\View->CodeIgniter\View\{closure}()
 2 SYSTEMPATH\Common.php(1176): CodeIgniter\View\View->render('kelas3', [], true)
 3 APPPATH\Views\detailpasien3.php(72): view('kelas3')
 4 SYSTEMPATH\View\View.php(224): include('C:\\xampp8.2.4\\htdocs\\Clinicalpathway_Ci4\\app\\Views\\detailpasien3.php')
 5 SYSTEMPATH\View\View.php(227): CodeIgniter\View\View->CodeIgniter\View\{closure}()
 6 SYSTEMPATH\Common.php(1176): CodeIgniter\View\View->render('detailpasien3', [], true)
 7 APPPATH\Controllers\DetailPasienController.php(4412): view('detailpasien3', [...])
 8 SYSTEMPATH\CodeIgniter.php(932): App\Controllers\DetailPasienController->kelas3()
 9 SYSTEMPATH\CodeIgniter.php(497): CodeIgniter\CodeIgniter->runController(Object(App\Controllers\DetailPasienController))
10 SYSTEMPATH\CodeIgniter.php(366): CodeIgniter\CodeIgniter->handleRequest(null, Object(Config\Cache), false)
11 FCPATH\index.php(67): CodeIgniter\CodeIgniter->run()
12 SYSTEMPATH\Commands\Server\rewrite.php(47): require_once('C:\\xampp8.2.4\\htdocs\\Clinicalpathway_Ci4\\public\\index.php')
CRITICAL - 2023-09-26 07:33:34 --> syntax error, unexpected token "echo"
in APPPATH\Views\kelas3.php on line 91.
 1 SYSTEMPATH\View\View.php(227): CodeIgniter\View\View->CodeIgniter\View\{closure}()
 2 SYSTEMPATH\Common.php(1176): CodeIgniter\View\View->render('kelas3', [], true)
 3 APPPATH\Views\detailpasien3.php(72): view('kelas3')
 4 SYSTEMPATH\View\View.php(224): include('C:\\xampp8.2.4\\htdocs\\Clinicalpathway_Ci4\\app\\Views\\detailpasien3.php')
 5 SYSTEMPATH\View\View.php(227): CodeIgniter\View\View->CodeIgniter\View\{closure}()
 6 SYSTEMPATH\Common.php(1176): CodeIgniter\View\View->render('detailpasien3', [], true)
 7 APPPATH\Controllers\DetailPasienController.php(4412): view('detailpasien3', [...])
 8 SYSTEMPATH\CodeIgniter.php(932): App\Controllers\DetailPasienController->kelas3()
 9 SYSTEMPATH\CodeIgniter.php(497): CodeIgniter\CodeIgniter->runController(Object(App\Controllers\DetailPasienController))
10 SYSTEMPATH\CodeIgniter.php(366): CodeIgniter\CodeIgniter->handleRequest(null, Object(Config\Cache), false)
11 FCPATH\index.php(67): CodeIgniter\CodeIgniter->run()
12 SYSTEMPATH\Commands\Server\rewrite.php(47): require_once('C:\\xampp8.2.4\\htdocs\\Clinicalpathway_Ci4\\public\\index.php')
CRITICAL - 2023-09-26 07:36:18 --> A connection attempt failed because the connected party did not properly respond after a period of time, or established connection failed because connected host has failed to respond
in APPPATH\Views\total\total.php on line 8.
 1 APPPATH\Views\total\total.php(8): mysqli_connect('192.168.1.178', 'root', Object(SensitiveParameterValue), 'simrs')
 2 SYSTEMPATH\View\View.php(224): include('C:\\xampp8.2.4\\htdocs\\Clinicalpathway_Ci4\\app\\Views\\total\\total.php')
 3 SYSTEMPATH\View\View.php(227): CodeIgniter\View\View->CodeIgniter\View\{closure}()
 4 SYSTEMPATH\Common.php(1176): CodeIgniter\View\View->render('total/total', [], true)
 5 APPPATH\Views\kelas3.php(172): view('total/total')
 6 SYSTEMPATH\View\View.php(224): include('C:\\xampp8.2.4\\htdocs\\Clinicalpathway_Ci4\\app\\Views\\kelas3.php')
 7 SYSTEMPATH\View\View.php(227): CodeIgniter\View\View->CodeIgniter\View\{closure}()
 8 SYSTEMPATH\Common.php(1176): CodeIgniter\View\View->render('kelas3', [], true)
 9 APPPATH\Views\detailpasien3.php(72): view('kelas3')
10 SYSTEMPATH\View\View.php(224): include('C:\\xampp8.2.4\\htdocs\\Clinicalpathway_Ci4\\app\\Views\\detailpasien3.php')
11 SYSTEMPATH\View\View.php(227): CodeIgniter\View\View->CodeIgniter\View\{closure}()
12 SYSTEMPATH\Common.php(1176): CodeIgniter\View\View->render('detailpasien3', [], true)
13 APPPATH\Controllers\DetailPasienController.php(4412): view('detailpasien3', [...])
14 SYSTEMPATH\CodeIgniter.php(932): App\Controllers\DetailPasienController->kelas3()
15 SYSTEMPATH\CodeIgniter.php(497): CodeIgniter\CodeIgniter->runController(Object(App\Controllers\DetailPasienController))
16 SYSTEMPATH\CodeIgniter.php(366): CodeIgniter\CodeIgniter->handleRequest(null, Object(Config\Cache), false)
17 FCPATH\index.php(67): CodeIgniter\CodeIgniter->run()
18 SYSTEMPATH\Commands\Server\rewrite.php(47): require_once('C:\\xampp8.2.4\\htdocs\\Clinicalpathway_Ci4\\public\\index.php')
CRITICAL - 2023-09-26 07:36:46 --> A connection attempt failed because the connected party did not properly respond after a period of time, or established connection failed because connected host has failed to respond
in APPPATH\Views\total\total30.php on line 8.
 1 APPPATH\Views\total\total30.php(8): mysqli_connect('192.168.1.178', 'root', Object(SensitiveParameterValue), 'simrs')
 2 SYSTEMPATH\View\View.php(224): include('C:\\xampp8.2.4\\htdocs\\Clinicalpathway_Ci4\\app\\Views\\total\\total30.php')
 3 SYSTEMPATH\View\View.php(227): CodeIgniter\View\View->CodeIgniter\View\{closure}()
 4 SYSTEMPATH\Common.php(1176): CodeIgniter\View\View->render('total/total30', [], true)
 5 APPPATH\Views\kelas3.php(2531): view('total/total30')
 6 SYSTEMPATH\View\View.php(224): include('C:\\xampp8.2.4\\htdocs\\Clinicalpathway_Ci4\\app\\Views\\kelas3.php')
 7 SYSTEMPATH\View\View.php(227): CodeIgniter\View\View->CodeIgniter\View\{closure}()
 8 SYSTEMPATH\Common.php(1176): CodeIgniter\View\View->render('kelas3', [], true)
 9 APPPATH\Views\detailpasien3.php(72): view('kelas3')
10 SYSTEMPATH\View\View.php(224): include('C:\\xampp8.2.4\\htdocs\\Clinicalpathway_Ci4\\app\\Views\\detailpasien3.php')
11 SYSTEMPATH\View\View.php(227): CodeIgniter\View\View->CodeIgniter\View\{closure}()
12 SYSTEMPATH\Common.php(1176): CodeIgniter\View\View->render('detailpasien3', [], true)
13 APPPATH\Controllers\DetailPasienController.php(4412): view('detailpasien3', [...])
14 SYSTEMPATH\CodeIgniter.php(932): App\Controllers\DetailPasienController->kelas3()
15 SYSTEMPATH\CodeIgniter.php(497): CodeIgniter\CodeIgniter->runController(Object(App\Controllers\DetailPasienController))
16 SYSTEMPATH\CodeIgniter.php(366): CodeIgniter\CodeIgniter->handleRequest(null, Object(Config\Cache), false)
17 FCPATH\index.php(67): CodeIgniter\CodeIgniter->run()
18 SYSTEMPATH\Commands\Server\rewrite.php(47): require_once('C:\\xampp8.2.4\\htdocs\\Clinicalpathway_Ci4\\public\\index.php')
