CRITICAL - 2023-09-08 02:04:48 --> Undefined variable $NOMR
in APPPATH\Views\kelas3.php on line 112.
 1 APPPATH\Views\kelas3.php(112): CodeIgniter\Debug\Exceptions->errorHandler(2, 'Undefined variable $NOMR', 'C:\\xampp8.2.4\\htdocs\\Clinicalpathway_Ci4\\app\\Views\\kelas3.php', 112)
 2 SYSTEMPATH\View\View.php(224): include('C:\\xampp8.2.4\\htdocs\\Clinicalpathway_Ci4\\app\\Views\\kelas3.php')
 3 SYSTEMPATH\View\View.php(227): CodeIgniter\View\View->CodeIgniter\View\{closure}()
 4 SYSTEMPATH\Common.php(1176): CodeIgniter\View\View->render('kelas3', [], true)
 5 APPPATH\Views\detailpasien3.php(71): view('kelas3')
 6 SYSTEMPATH\View\View.php(224): include('C:\\xampp8.2.4\\htdocs\\Clinicalpathway_Ci4\\app\\Views\\detailpasien3.php')
 7 SYSTEMPATH\View\View.php(227): CodeIgniter\View\View->CodeIgniter\View\{closure}()
 8 SYSTEMPATH\Common.php(1176): CodeIgniter\View\View->render('detailpasien3', [], true)
 9 APPPATH\Controllers\DetailPasienController.php(824): view('detailpasien3', [...])
10 SYSTEMPATH\CodeIgniter.php(932): App\Controllers\DetailPasienController->kelas3()
11 SYSTEMPATH\CodeIgniter.php(497): CodeIgniter\CodeIgniter->runController(Object(App\Controllers\DetailPasienController))
12 SYSTEMPATH\CodeIgniter.php(366): CodeIgniter\CodeIgniter->handleRequest(null, Object(Config\Cache), false)
13 FCPATH\index.php(67): CodeIgniter\CodeIgniter->run()
14 SYSTEMPATH\Commands\Server\rewrite.php(47): require_once('C:\\xampp8.2.4\\htdocs\\Clinicalpathway_Ci4\\public\\index.php')
CRITICAL - 2023-09-08 02:05:36 --> Undefined variable $NOMR
in APPPATH\Views\kelas3.php on line 112.
 1 APPPATH\Views\kelas3.php(112): CodeIgniter\Debug\Exceptions->errorHandler(2, 'Undefined variable $NOMR', 'C:\\xampp8.2.4\\htdocs\\Clinicalpathway_Ci4\\app\\Views\\kelas3.php', 112)
 2 SYSTEMPATH\View\View.php(224): include('C:\\xampp8.2.4\\htdocs\\Clinicalpathway_Ci4\\app\\Views\\kelas3.php')
 3 SYSTEMPATH\View\View.php(227): CodeIgniter\View\View->CodeIgniter\View\{closure}()
 4 SYSTEMPATH\Common.php(1176): CodeIgniter\View\View->render('kelas3', [], true)
 5 APPPATH\Views\detailpasien3.php(71): view('kelas3')
 6 SYSTEMPATH\View\View.php(224): include('C:\\xampp8.2.4\\htdocs\\Clinicalpathway_Ci4\\app\\Views\\detailpasien3.php')
 7 SYSTEMPATH\View\View.php(227): CodeIgniter\View\View->CodeIgniter\View\{closure}()
 8 SYSTEMPATH\Common.php(1176): CodeIgniter\View\View->render('detailpasien3', [], true)
 9 APPPATH\Controllers\DetailPasienController.php(824): view('detailpasien3', [...])
10 SYSTEMPATH\CodeIgniter.php(932): App\Controllers\DetailPasienController->kelas3()
11 SYSTEMPATH\CodeIgniter.php(497): CodeIgniter\CodeIgniter->runController(Object(App\Controllers\DetailPasienController))
12 SYSTEMPATH\CodeIgniter.php(366): CodeIgniter\CodeIgniter->handleRequest(null, Object(Config\Cache), false)
13 FCPATH\index.php(67): CodeIgniter\CodeIgniter->run()
14 SYSTEMPATH\Commands\Server\rewrite.php(47): require_once('C:\\xampp8.2.4\\htdocs\\Clinicalpathway_Ci4\\public\\index.php')
CRITICAL - 2023-09-08 03:13:54 --> Failed to parse time string (-) at position 0 (-): Unexpected character
in APPPATH\Views\kelas3.php on line 41.
 1 APPPATH\Views\kelas3.php(41): DateTime->__construct('-')
 2 SYSTEMPATH\View\View.php(224): include('C:\\xampp8.2.4\\htdocs\\Clinicalpathway_Ci4\\app\\Views\\kelas3.php')
 3 SYSTEMPATH\View\View.php(227): CodeIgniter\View\View->CodeIgniter\View\{closure}()
 4 SYSTEMPATH\Common.php(1176): CodeIgniter\View\View->render('kelas3', [], true)
 5 APPPATH\Views\detailpasien3.php(71): view('kelas3')
 6 SYSTEMPATH\View\View.php(224): include('C:\\xampp8.2.4\\htdocs\\Clinicalpathway_Ci4\\app\\Views\\detailpasien3.php')
 7 SYSTEMPATH\View\View.php(227): CodeIgniter\View\View->CodeIgniter\View\{closure}()
 8 SYSTEMPATH\Common.php(1176): CodeIgniter\View\View->render('detailpasien3', [], true)
 9 APPPATH\Controllers\DetailPasienController.php(824): view('detailpasien3', [...])
10 SYSTEMPATH\CodeIgniter.php(932): App\Controllers\DetailPasienController->kelas3('334884')
11 SYSTEMPATH\CodeIgniter.php(497): CodeIgniter\CodeIgniter->runController(Object(App\Controllers\DetailPasienController))
12 SYSTEMPATH\CodeIgniter.php(366): CodeIgniter\CodeIgniter->handleRequest(null, Object(Config\Cache), false)
13 FCPATH\index.php(67): CodeIgniter\CodeIgniter->run()
14 SYSTEMPATH\Commands\Server\rewrite.php(47): require_once('C:\\xampp8.2.4\\htdocs\\Clinicalpathway_Ci4\\public\\index.php')
CRITICAL - 2023-09-08 03:16:06 --> Failed to parse time string (-) at position 0 (-): Unexpected character
in APPPATH\Views\kelas3.php on line 41.
 1 APPPATH\Views\kelas3.php(41): DateTime->__construct('-')
 2 SYSTEMPATH\View\View.php(224): include('C:\\xampp8.2.4\\htdocs\\Clinicalpathway_Ci4\\app\\Views\\kelas3.php')
 3 SYSTEMPATH\View\View.php(227): CodeIgniter\View\View->CodeIgniter\View\{closure}()
 4 SYSTEMPATH\Common.php(1176): CodeIgniter\View\View->render('kelas3', [], true)
 5 APPPATH\Views\detailpasien3.php(71): view('kelas3')
 6 SYSTEMPATH\View\View.php(224): include('C:\\xampp8.2.4\\htdocs\\Clinicalpathway_Ci4\\app\\Views\\detailpasien3.php')
 7 SYSTEMPATH\View\View.php(227): CodeIgniter\View\View->CodeIgniter\View\{closure}()
 8 SYSTEMPATH\Common.php(1176): CodeIgniter\View\View->render('detailpasien3', [], true)
 9 APPPATH\Controllers\DetailPasienController.php(824): view('detailpasien3', [...])
10 SYSTEMPATH\CodeIgniter.php(932): App\Controllers\DetailPasienController->kelas3('334884')
11 SYSTEMPATH\CodeIgniter.php(497): CodeIgniter\CodeIgniter->runController(Object(App\Controllers\DetailPasienController))
12 SYSTEMPATH\CodeIgniter.php(366): CodeIgniter\CodeIgniter->handleRequest(null, Object(Config\Cache), false)
13 FCPATH\index.php(67): CodeIgniter\CodeIgniter->run()
14 SYSTEMPATH\Commands\Server\rewrite.php(47): require_once('C:\\xampp8.2.4\\htdocs\\Clinicalpathway_Ci4\\public\\index.php')
CRITICAL - 2023-09-08 03:17:32 --> Undefined array key "nomr"
in APPPATH\Views\total\total.php on line 16.
 1 APPPATH\Views\total\total.php(16): CodeIgniter\Debug\Exceptions->errorHandler(2, 'Undefined array key "nomr"', 'C:\\xampp8.2.4\\htdocs\\Clinicalpathway_Ci4\\app\\Views\\total\\total.php', 16)
 2 SYSTEMPATH\View\View.php(224): include('C:\\xampp8.2.4\\htdocs\\Clinicalpathway_Ci4\\app\\Views\\total\\total.php')
 3 SYSTEMPATH\View\View.php(227): CodeIgniter\View\View->CodeIgniter\View\{closure}()
 4 SYSTEMPATH\Common.php(1176): CodeIgniter\View\View->render('total/total', [], true)
 5 APPPATH\Views\kelas3.php(195): view('total/total')
 6 SYSTEMPATH\View\View.php(224): include('C:\\xampp8.2.4\\htdocs\\Clinicalpathway_Ci4\\app\\Views\\kelas3.php')
 7 SYSTEMPATH\View\View.php(227): CodeIgniter\View\View->CodeIgniter\View\{closure}()
 8 SYSTEMPATH\Common.php(1176): CodeIgniter\View\View->render('kelas3', [], true)
 9 APPPATH\Views\detailpasien3.php(71): view('kelas3')
10 SYSTEMPATH\View\View.php(224): include('C:\\xampp8.2.4\\htdocs\\Clinicalpathway_Ci4\\app\\Views\\detailpasien3.php')
11 SYSTEMPATH\View\View.php(227): CodeIgniter\View\View->CodeIgniter\View\{closure}()
12 SYSTEMPATH\Common.php(1176): CodeIgniter\View\View->render('detailpasien3', [], true)
13 APPPATH\Controllers\DetailPasienController.php(824): view('detailpasien3', [...])
14 SYSTEMPATH\CodeIgniter.php(932): App\Controllers\DetailPasienController->kelas3('334884')
15 SYSTEMPATH\CodeIgniter.php(497): CodeIgniter\CodeIgniter->runController(Object(App\Controllers\DetailPasienController))
16 SYSTEMPATH\CodeIgniter.php(366): CodeIgniter\CodeIgniter->handleRequest(null, Object(Config\Cache), false)
17 FCPATH\index.php(67): CodeIgniter\CodeIgniter->run()
18 SYSTEMPATH\Commands\Server\rewrite.php(47): require_once('C:\\xampp8.2.4\\htdocs\\Clinicalpathway_Ci4\\public\\index.php')
CRITICAL - 2023-09-08 03:17:54 --> Undefined array key "nomr"
in APPPATH\Views\total\total.php on line 16.
 1 APPPATH\Views\total\total.php(16): CodeIgniter\Debug\Exceptions->errorHandler(2, 'Undefined array key "nomr"', 'C:\\xampp8.2.4\\htdocs\\Clinicalpathway_Ci4\\app\\Views\\total\\total.php', 16)
 2 SYSTEMPATH\View\View.php(224): include('C:\\xampp8.2.4\\htdocs\\Clinicalpathway_Ci4\\app\\Views\\total\\total.php')
 3 SYSTEMPATH\View\View.php(227): CodeIgniter\View\View->CodeIgniter\View\{closure}()
 4 SYSTEMPATH\Common.php(1176): CodeIgniter\View\View->render('total/total', [], true)
 5 APPPATH\Views\kelas3.php(195): view('total/total')
 6 SYSTEMPATH\View\View.php(224): include('C:\\xampp8.2.4\\htdocs\\Clinicalpathway_Ci4\\app\\Views\\kelas3.php')
 7 SYSTEMPATH\View\View.php(227): CodeIgniter\View\View->CodeIgniter\View\{closure}()
 8 SYSTEMPATH\Common.php(1176): CodeIgniter\View\View->render('kelas3', [], true)
 9 APPPATH\Views\detailpasien3.php(71): view('kelas3')
10 SYSTEMPATH\View\View.php(224): include('C:\\xampp8.2.4\\htdocs\\Clinicalpathway_Ci4\\app\\Views\\detailpasien3.php')
11 SYSTEMPATH\View\View.php(227): CodeIgniter\View\View->CodeIgniter\View\{closure}()
12 SYSTEMPATH\Common.php(1176): CodeIgniter\View\View->render('detailpasien3', [], true)
13 APPPATH\Controllers\DetailPasienController.php(824): view('detailpasien3', [...])
14 SYSTEMPATH\CodeIgniter.php(932): App\Controllers\DetailPasienController->kelas3('334884')
15 SYSTEMPATH\CodeIgniter.php(497): CodeIgniter\CodeIgniter->runController(Object(App\Controllers\DetailPasienController))
16 SYSTEMPATH\CodeIgniter.php(366): CodeIgniter\CodeIgniter->handleRequest(null, Object(Config\Cache), false)
17 FCPATH\index.php(67): CodeIgniter\CodeIgniter->run()
18 SYSTEMPATH\Commands\Server\rewrite.php(47): require_once('C:\\xampp8.2.4\\htdocs\\Clinicalpathway_Ci4\\public\\index.php')
CRITICAL - 2023-09-08 03:21:22 --> Failed to parse time string (-) at position 0 (-): Unexpected character
in APPPATH\Views\kelas3.php on line 41.
 1 APPPATH\Views\kelas3.php(41): DateTime->__construct('-')
 2 SYSTEMPATH\View\View.php(224): include('C:\\xampp8.2.4\\htdocs\\Clinicalpathway_Ci4\\app\\Views\\kelas3.php')
 3 SYSTEMPATH\View\View.php(227): CodeIgniter\View\View->CodeIgniter\View\{closure}()
 4 SYSTEMPATH\Common.php(1176): CodeIgniter\View\View->render('kelas3', [], true)
 5 APPPATH\Views\detailpasien3.php(71): view('kelas3')
 6 SYSTEMPATH\View\View.php(224): include('C:\\xampp8.2.4\\htdocs\\Clinicalpathway_Ci4\\app\\Views\\detailpasien3.php')
 7 SYSTEMPATH\View\View.php(227): CodeIgniter\View\View->CodeIgniter\View\{closure}()
 8 SYSTEMPATH\Common.php(1176): CodeIgniter\View\View->render('detailpasien3', [], true)
 9 APPPATH\Controllers\DetailPasienController.php(824): view('detailpasien3', [...])
10 SYSTEMPATH\CodeIgniter.php(932): App\Controllers\DetailPasienController->kelas3('-')
11 SYSTEMPATH\CodeIgniter.php(497): CodeIgniter\CodeIgniter->runController(Object(App\Controllers\DetailPasienController))
12 SYSTEMPATH\CodeIgniter.php(366): CodeIgniter\CodeIgniter->handleRequest(null, Object(Config\Cache), false)
13 FCPATH\index.php(67): CodeIgniter\CodeIgniter->run()
14 SYSTEMPATH\Commands\Server\rewrite.php(47): require_once('C:\\xampp8.2.4\\htdocs\\Clinicalpathway_Ci4\\public\\index.php')
CRITICAL - 2023-09-08 03:21:33 --> Failed to parse time string (-) at position 0 (-): Unexpected character
in APPPATH\Views\kelas3.php on line 41.
 1 APPPATH\Views\kelas3.php(41): DateTime->__construct('-')
 2 SYSTEMPATH\View\View.php(224): include('C:\\xampp8.2.4\\htdocs\\Clinicalpathway_Ci4\\app\\Views\\kelas3.php')
 3 SYSTEMPATH\View\View.php(227): CodeIgniter\View\View->CodeIgniter\View\{closure}()
 4 SYSTEMPATH\Common.php(1176): CodeIgniter\View\View->render('kelas3', [], true)
 5 APPPATH\Views\detailpasien3.php(71): view('kelas3')
 6 SYSTEMPATH\View\View.php(224): include('C:\\xampp8.2.4\\htdocs\\Clinicalpathway_Ci4\\app\\Views\\detailpasien3.php')
 7 SYSTEMPATH\View\View.php(227): CodeIgniter\View\View->CodeIgniter\View\{closure}()
 8 SYSTEMPATH\Common.php(1176): CodeIgniter\View\View->render('detailpasien3', [], true)
 9 APPPATH\Controllers\DetailPasienController.php(824): view('detailpasien3', [...])
10 SYSTEMPATH\CodeIgniter.php(932): App\Controllers\DetailPasienController->kelas3('-')
11 SYSTEMPATH\CodeIgniter.php(497): CodeIgniter\CodeIgniter->runController(Object(App\Controllers\DetailPasienController))
12 SYSTEMPATH\CodeIgniter.php(366): CodeIgniter\CodeIgniter->handleRequest(null, Object(Config\Cache), false)
13 FCPATH\index.php(67): CodeIgniter\CodeIgniter->run()
14 SYSTEMPATH\Commands\Server\rewrite.php(47): require_once('C:\\xampp8.2.4\\htdocs\\Clinicalpathway_Ci4\\public\\index.php')
CRITICAL - 2023-09-08 03:21:48 --> Failed to parse time string (-) at position 0 (-): Unexpected character
in APPPATH\Views\kelas3.php on line 41.
 1 APPPATH\Views\kelas3.php(41): DateTime->__construct('-')
 2 SYSTEMPATH\View\View.php(224): include('C:\\xampp8.2.4\\htdocs\\Clinicalpathway_Ci4\\app\\Views\\kelas3.php')
 3 SYSTEMPATH\View\View.php(227): CodeIgniter\View\View->CodeIgniter\View\{closure}()
 4 SYSTEMPATH\Common.php(1176): CodeIgniter\View\View->render('kelas3', [], true)
 5 APPPATH\Views\detailpasien3.php(71): view('kelas3')
 6 SYSTEMPATH\View\View.php(224): include('C:\\xampp8.2.4\\htdocs\\Clinicalpathway_Ci4\\app\\Views\\detailpasien3.php')
 7 SYSTEMPATH\View\View.php(227): CodeIgniter\View\View->CodeIgniter\View\{closure}()
 8 SYSTEMPATH\Common.php(1176): CodeIgniter\View\View->render('detailpasien3', [], true)
 9 APPPATH\Controllers\DetailPasienController.php(824): view('detailpasien3', [...])
10 SYSTEMPATH\CodeIgniter.php(932): App\Controllers\DetailPasienController->kelas3('-')
11 SYSTEMPATH\CodeIgniter.php(497): CodeIgniter\CodeIgniter->runController(Object(App\Controllers\DetailPasienController))
12 SYSTEMPATH\CodeIgniter.php(366): CodeIgniter\CodeIgniter->handleRequest(null, Object(Config\Cache), false)
13 FCPATH\index.php(67): CodeIgniter\CodeIgniter->run()
14 SYSTEMPATH\Commands\Server\rewrite.php(47): require_once('C:\\xampp8.2.4\\htdocs\\Clinicalpathway_Ci4\\public\\index.php')
CRITICAL - 2023-09-08 03:23:12 --> Failed to parse time string (-) at position 0 (-): Unexpected character
in APPPATH\Views\kelas3.php on line 41.
 1 APPPATH\Views\kelas3.php(41): DateTime->__construct('-')
 2 SYSTEMPATH\View\View.php(224): include('C:\\xampp8.2.4\\htdocs\\Clinicalpathway_Ci4\\app\\Views\\kelas3.php')
 3 SYSTEMPATH\View\View.php(227): CodeIgniter\View\View->CodeIgniter\View\{closure}()
 4 SYSTEMPATH\Common.php(1176): CodeIgniter\View\View->render('kelas3', [], true)
 5 APPPATH\Views\detailpasien3.php(71): view('kelas3')
 6 SYSTEMPATH\View\View.php(224): include('C:\\xampp8.2.4\\htdocs\\Clinicalpathway_Ci4\\app\\Views\\detailpasien3.php')
 7 SYSTEMPATH\View\View.php(227): CodeIgniter\View\View->CodeIgniter\View\{closure}()
 8 SYSTEMPATH\Common.php(1176): CodeIgniter\View\View->render('detailpasien3', [], true)
 9 APPPATH\Controllers\DetailPasienController.php(824): view('detailpasien3', [...])
10 SYSTEMPATH\CodeIgniter.php(932): App\Controllers\DetailPasienController->kelas3('-')
11 SYSTEMPATH\CodeIgniter.php(497): CodeIgniter\CodeIgniter->runController(Object(App\Controllers\DetailPasienController))
12 SYSTEMPATH\CodeIgniter.php(366): CodeIgniter\CodeIgniter->handleRequest(null, Object(Config\Cache), false)
13 FCPATH\index.php(67): CodeIgniter\CodeIgniter->run()
14 SYSTEMPATH\Commands\Server\rewrite.php(47): require_once('C:\\xampp8.2.4\\htdocs\\Clinicalpathway_Ci4\\public\\index.php')
CRITICAL - 2023-09-08 03:23:27 --> Too few arguments to function App\Controllers\DetailPasienController::kelas3(), 0 passed in C:\xampp8.2.4\htdocs\Clinicalpathway_Ci4\vendor\codeigniter4\framework\system\CodeIgniter.php on line 932 and exactly 1 expected
in APPPATH\Controllers\DetailPasienController.php on line 75.
 1 SYSTEMPATH\CodeIgniter.php(932): App\Controllers\DetailPasienController->kelas3()
 2 SYSTEMPATH\CodeIgniter.php(497): CodeIgniter\CodeIgniter->runController(Object(App\Controllers\DetailPasienController))
 3 SYSTEMPATH\CodeIgniter.php(366): CodeIgniter\CodeIgniter->handleRequest(null, Object(Config\Cache), false)
 4 FCPATH\index.php(67): CodeIgniter\CodeIgniter->run()
 5 SYSTEMPATH\Commands\Server\rewrite.php(47): require_once('C:\\xampp8.2.4\\htdocs\\Clinicalpathway_Ci4\\public\\index.php')
CRITICAL - 2023-09-08 03:23:36 --> Too few arguments to function App\Controllers\DetailPasienController::kelas3(), 0 passed in C:\xampp8.2.4\htdocs\Clinicalpathway_Ci4\vendor\codeigniter4\framework\system\CodeIgniter.php on line 932 and exactly 1 expected
in APPPATH\Controllers\DetailPasienController.php on line 75.
 1 SYSTEMPATH\CodeIgniter.php(932): App\Controllers\DetailPasienController->kelas3()
 2 SYSTEMPATH\CodeIgniter.php(497): CodeIgniter\CodeIgniter->runController(Object(App\Controllers\DetailPasienController))
 3 SYSTEMPATH\CodeIgniter.php(366): CodeIgniter\CodeIgniter->handleRequest(null, Object(Config\Cache), false)
 4 FCPATH\index.php(67): CodeIgniter\CodeIgniter->run()
 5 SYSTEMPATH\Commands\Server\rewrite.php(47): require_once('C:\\xampp8.2.4\\htdocs\\Clinicalpathway_Ci4\\public\\index.php')
CRITICAL - 2023-09-08 03:28:37 --> Undefined array key "nomr"
in APPPATH\Views\total\total.php on line 16.
 1 APPPATH\Views\total\total.php(16): CodeIgniter\Debug\Exceptions->errorHandler(2, 'Undefined array key "nomr"', 'C:\\xampp8.2.4\\htdocs\\Clinicalpathway_Ci4\\app\\Views\\total\\total.php', 16)
 2 SYSTEMPATH\View\View.php(224): include('C:\\xampp8.2.4\\htdocs\\Clinicalpathway_Ci4\\app\\Views\\total\\total.php')
 3 SYSTEMPATH\View\View.php(227): CodeIgniter\View\View->CodeIgniter\View\{closure}()
 4 SYSTEMPATH\Common.php(1176): CodeIgniter\View\View->render('total/total', [], true)
 5 APPPATH\Views\kelas3.php(195): view('total/total')
 6 SYSTEMPATH\View\View.php(224): include('C:\\xampp8.2.4\\htdocs\\Clinicalpathway_Ci4\\app\\Views\\kelas3.php')
 7 SYSTEMPATH\View\View.php(227): CodeIgniter\View\View->CodeIgniter\View\{closure}()
 8 SYSTEMPATH\Common.php(1176): CodeIgniter\View\View->render('kelas3', [], true)
 9 APPPATH\Views\detailpasien3.php(71): view('kelas3')
10 SYSTEMPATH\View\View.php(224): include('C:\\xampp8.2.4\\htdocs\\Clinicalpathway_Ci4\\app\\Views\\detailpasien3.php')
11 SYSTEMPATH\View\View.php(227): CodeIgniter\View\View->CodeIgniter\View\{closure}()
12 SYSTEMPATH\Common.php(1176): CodeIgniter\View\View->render('detailpasien3', [], true)
13 APPPATH\Controllers\DetailPasienController.php(824): view('detailpasien3', [...])
14 SYSTEMPATH\CodeIgniter.php(932): App\Controllers\DetailPasienController->kelas3(null)
15 SYSTEMPATH\CodeIgniter.php(497): CodeIgniter\CodeIgniter->runController(Object(App\Controllers\DetailPasienController))
16 SYSTEMPATH\CodeIgniter.php(366): CodeIgniter\CodeIgniter->handleRequest(null, Object(Config\Cache), false)
17 FCPATH\index.php(67): CodeIgniter\CodeIgniter->run()
18 SYSTEMPATH\Commands\Server\rewrite.php(47): require_once('C:\\xampp8.2.4\\htdocs\\Clinicalpathway_Ci4\\public\\index.php')
CRITICAL - 2023-09-08 03:29:45 --> Too few arguments to function App\Controllers\DetailPasienController::kelas3(), 0 passed in C:\xampp8.2.4\htdocs\Clinicalpathway_Ci4\vendor\codeigniter4\framework\system\CodeIgniter.php on line 932 and exactly 1 expected
in APPPATH\Controllers\DetailPasienController.php on line 75.
 1 SYSTEMPATH\CodeIgniter.php(932): App\Controllers\DetailPasienController->kelas3()
 2 SYSTEMPATH\CodeIgniter.php(497): CodeIgniter\CodeIgniter->runController(Object(App\Controllers\DetailPasienController))
 3 SYSTEMPATH\CodeIgniter.php(366): CodeIgniter\CodeIgniter->handleRequest(null, Object(Config\Cache), false)
 4 FCPATH\index.php(67): CodeIgniter\CodeIgniter->run()
 5 SYSTEMPATH\Commands\Server\rewrite.php(47): require_once('C:\\xampp8.2.4\\htdocs\\Clinicalpathway_Ci4\\public\\index.php')
CRITICAL - 2023-09-08 03:30:01 --> Undefined array key "nomr"
in APPPATH\Views\total\total.php on line 16.
 1 APPPATH\Views\total\total.php(16): CodeIgniter\Debug\Exceptions->errorHandler(2, 'Undefined array key "nomr"', 'C:\\xampp8.2.4\\htdocs\\Clinicalpathway_Ci4\\app\\Views\\total\\total.php', 16)
 2 SYSTEMPATH\View\View.php(224): include('C:\\xampp8.2.4\\htdocs\\Clinicalpathway_Ci4\\app\\Views\\total\\total.php')
 3 SYSTEMPATH\View\View.php(227): CodeIgniter\View\View->CodeIgniter\View\{closure}()
 4 SYSTEMPATH\Common.php(1176): CodeIgniter\View\View->render('total/total', [], true)
 5 APPPATH\Views\kelas3.php(195): view('total/total')
 6 SYSTEMPATH\View\View.php(224): include('C:\\xampp8.2.4\\htdocs\\Clinicalpathway_Ci4\\app\\Views\\kelas3.php')
 7 SYSTEMPATH\View\View.php(227): CodeIgniter\View\View->CodeIgniter\View\{closure}()
 8 SYSTEMPATH\Common.php(1176): CodeIgniter\View\View->render('kelas3', [], true)
 9 APPPATH\Views\detailpasien3.php(71): view('kelas3')
10 SYSTEMPATH\View\View.php(224): include('C:\\xampp8.2.4\\htdocs\\Clinicalpathway_Ci4\\app\\Views\\detailpasien3.php')
11 SYSTEMPATH\View\View.php(227): CodeIgniter\View\View->CodeIgniter\View\{closure}()
12 SYSTEMPATH\Common.php(1176): CodeIgniter\View\View->render('detailpasien3', [], true)
13 APPPATH\Controllers\DetailPasienController.php(824): view('detailpasien3', [...])
14 SYSTEMPATH\CodeIgniter.php(932): App\Controllers\DetailPasienController->kelas3(null)
15 SYSTEMPATH\CodeIgniter.php(497): CodeIgniter\CodeIgniter->runController(Object(App\Controllers\DetailPasienController))
16 SYSTEMPATH\CodeIgniter.php(366): CodeIgniter\CodeIgniter->handleRequest(null, Object(Config\Cache), false)
17 FCPATH\index.php(67): CodeIgniter\CodeIgniter->run()
18 SYSTEMPATH\Commands\Server\rewrite.php(47): require_once('C:\\xampp8.2.4\\htdocs\\Clinicalpathway_Ci4\\public\\index.php')
CRITICAL - 2023-09-08 03:30:19 --> Undefined array key "nomr"
in APPPATH\Views\total\total.php on line 16.
 1 APPPATH\Views\total\total.php(16): CodeIgniter\Debug\Exceptions->errorHandler(2, 'Undefined array key "nomr"', 'C:\\xampp8.2.4\\htdocs\\Clinicalpathway_Ci4\\app\\Views\\total\\total.php', 16)
 2 SYSTEMPATH\View\View.php(224): include('C:\\xampp8.2.4\\htdocs\\Clinicalpathway_Ci4\\app\\Views\\total\\total.php')
 3 SYSTEMPATH\View\View.php(227): CodeIgniter\View\View->CodeIgniter\View\{closure}()
 4 SYSTEMPATH\Common.php(1176): CodeIgniter\View\View->render('total/total', [], true)
 5 APPPATH\Views\kelas3.php(195): view('total/total')
 6 SYSTEMPATH\View\View.php(224): include('C:\\xampp8.2.4\\htdocs\\Clinicalpathway_Ci4\\app\\Views\\kelas3.php')
 7 SYSTEMPATH\View\View.php(227): CodeIgniter\View\View->CodeIgniter\View\{closure}()
 8 SYSTEMPATH\Common.php(1176): CodeIgniter\View\View->render('kelas3', [], true)
 9 APPPATH\Views\detailpasien3.php(71): view('kelas3')
10 SYSTEMPATH\View\View.php(224): include('C:\\xampp8.2.4\\htdocs\\Clinicalpathway_Ci4\\app\\Views\\detailpasien3.php')
11 SYSTEMPATH\View\View.php(227): CodeIgniter\View\View->CodeIgniter\View\{closure}()
12 SYSTEMPATH\Common.php(1176): CodeIgniter\View\View->render('detailpasien3', [], true)
13 APPPATH\Controllers\DetailPasienController.php(824): view('detailpasien3', [...])
14 SYSTEMPATH\CodeIgniter.php(932): App\Controllers\DetailPasienController->kelas3(null)
15 SYSTEMPATH\CodeIgniter.php(497): CodeIgniter\CodeIgniter->runController(Object(App\Controllers\DetailPasienController))
16 SYSTEMPATH\CodeIgniter.php(366): CodeIgniter\CodeIgniter->handleRequest(null, Object(Config\Cache), false)
17 FCPATH\index.php(67): CodeIgniter\CodeIgniter->run()
18 SYSTEMPATH\Commands\Server\rewrite.php(47): require_once('C:\\xampp8.2.4\\htdocs\\Clinicalpathway_Ci4\\public\\index.php')
CRITICAL - 2023-09-08 03:31:42 --> Undefined array key "nomr"
in APPPATH\Views\total\total.php on line 16.
 1 APPPATH\Views\total\total.php(16): CodeIgniter\Debug\Exceptions->errorHandler(2, 'Undefined array key "nomr"', 'C:\\xampp8.2.4\\htdocs\\Clinicalpathway_Ci4\\app\\Views\\total\\total.php', 16)
 2 SYSTEMPATH\View\View.php(224): include('C:\\xampp8.2.4\\htdocs\\Clinicalpathway_Ci4\\app\\Views\\total\\total.php')
 3 SYSTEMPATH\View\View.php(227): CodeIgniter\View\View->CodeIgniter\View\{closure}()
 4 SYSTEMPATH\Common.php(1176): CodeIgniter\View\View->render('total/total', [], true)
 5 APPPATH\Views\kelas3.php(195): view('total/total')
 6 SYSTEMPATH\View\View.php(224): include('C:\\xampp8.2.4\\htdocs\\Clinicalpathway_Ci4\\app\\Views\\kelas3.php')
 7 SYSTEMPATH\View\View.php(227): CodeIgniter\View\View->CodeIgniter\View\{closure}()
 8 SYSTEMPATH\Common.php(1176): CodeIgniter\View\View->render('kelas3', [], true)
 9 APPPATH\Views\detailpasien3.php(71): view('kelas3')
10 SYSTEMPATH\View\View.php(224): include('C:\\xampp8.2.4\\htdocs\\Clinicalpathway_Ci4\\app\\Views\\detailpasien3.php')
11 SYSTEMPATH\View\View.php(227): CodeIgniter\View\View->CodeIgniter\View\{closure}()
12 SYSTEMPATH\Common.php(1176): CodeIgniter\View\View->render('detailpasien3', [], true)
13 APPPATH\Controllers\DetailPasienController.php(824): view('detailpasien3', [...])
14 SYSTEMPATH\CodeIgniter.php(932): App\Controllers\DetailPasienController->kelas3(null)
15 SYSTEMPATH\CodeIgniter.php(497): CodeIgniter\CodeIgniter->runController(Object(App\Controllers\DetailPasienController))
16 SYSTEMPATH\CodeIgniter.php(366): CodeIgniter\CodeIgniter->handleRequest(null, Object(Config\Cache), false)
17 FCPATH\index.php(67): CodeIgniter\CodeIgniter->run()
18 SYSTEMPATH\Commands\Server\rewrite.php(47): require_once('C:\\xampp8.2.4\\htdocs\\Clinicalpathway_Ci4\\public\\index.php')
CRITICAL - 2023-09-08 03:34:21 --> Undefined array key "nomr"
in APPPATH\Views\total\total.php on line 16.
 1 APPPATH\Views\total\total.php(16): CodeIgniter\Debug\Exceptions->errorHandler(2, 'Undefined array key "nomr"', 'C:\\xampp8.2.4\\htdocs\\Clinicalpathway_Ci4\\app\\Views\\total\\total.php', 16)
 2 SYSTEMPATH\View\View.php(224): include('C:\\xampp8.2.4\\htdocs\\Clinicalpathway_Ci4\\app\\Views\\total\\total.php')
 3 SYSTEMPATH\View\View.php(227): CodeIgniter\View\View->CodeIgniter\View\{closure}()
 4 SYSTEMPATH\Common.php(1176): CodeIgniter\View\View->render('total/total', [], true)
 5 APPPATH\Views\kelas3.php(195): view('total/total')
 6 SYSTEMPATH\View\View.php(224): include('C:\\xampp8.2.4\\htdocs\\Clinicalpathway_Ci4\\app\\Views\\kelas3.php')
 7 SYSTEMPATH\View\View.php(227): CodeIgniter\View\View->CodeIgniter\View\{closure}()
 8 SYSTEMPATH\Common.php(1176): CodeIgniter\View\View->render('kelas3', [], true)
 9 APPPATH\Views\detailpasien3.php(71): view('kelas3')
10 SYSTEMPATH\View\View.php(224): include('C:\\xampp8.2.4\\htdocs\\Clinicalpathway_Ci4\\app\\Views\\detailpasien3.php')
11 SYSTEMPATH\View\View.php(227): CodeIgniter\View\View->CodeIgniter\View\{closure}()
12 SYSTEMPATH\Common.php(1176): CodeIgniter\View\View->render('detailpasien3', [], true)
13 APPPATH\Controllers\DetailPasienController.php(824): view('detailpasien3', [...])
14 SYSTEMPATH\CodeIgniter.php(932): App\Controllers\DetailPasienController->kelas3(null)
15 SYSTEMPATH\CodeIgniter.php(497): CodeIgniter\CodeIgniter->runController(Object(App\Controllers\DetailPasienController))
16 SYSTEMPATH\CodeIgniter.php(366): CodeIgniter\CodeIgniter->handleRequest(null, Object(Config\Cache), false)
17 FCPATH\index.php(67): CodeIgniter\CodeIgniter->run()
18 SYSTEMPATH\Commands\Server\rewrite.php(47): require_once('C:\\xampp8.2.4\\htdocs\\Clinicalpathway_Ci4\\public\\index.php')
